<?xml version="1.0" encoding="utf-8"?><testsuites name="pytest tests"><testsuite name="pytest" errors="0" failures="0" skipped="1" tests="27" time="19.022" timestamp="2026-01-28T04:00:26.123034+00:00" hostname="agent-env-e24106ca-d56c-41da-b2cd-991160c102f9"><testcase classname="tests.test_erp_functional.TestDashboardBilancio" name="test_bilancio_istantaneo_endpoint_exists" time="4.288" /><testcase classname="tests.test_erp_functional.TestDashboardBilancio" name="test_bilancio_calcolo_utile_lordo" time="0.610" /><testcase classname="tests.test_erp_functional.TestDashboardBilancio" name="test_bilancio_iva_saldo" time="2.135" /><testcase classname="tests.test_erp_functional.TestCorrispettivi" name="test_corrispettivi_endpoint_exists" time="0.181" /><testcase classname="tests.test_erp_functional.TestCorrispettivi" name="test_corrispettivi_calcolo_iva" time="0.152" /><testcase classname="tests.test_erp_functional.TestCorrispettivi" name="test_corrispettivi_totals" time="0.148" /><testcase classname="tests.test_erp_functional.TestAssegni" name="test_assegni_endpoint_exists" time="1.401" /><testcase classname="tests.test_erp_functional.TestAssegni" name="test_assegni_emessi_hanno_beneficiario" time="0.151" /><testcase classname="tests.test_erp_functional.TestAssegni" name="test_assegni_incassati_hanno_fattura" time="0.154" /><testcase classname="tests.test_erp_functional.TestAssegni" name="test_assegni_stats" time="0.383" /><testcase classname="tests.test_erp_functional.TestCedolini" name="test_cedolini_endpoint_exists" time="0.261" /><testcase classname="tests.test_erp_functional.TestCedolini" name="test_cedolini_hanno_dati_validi" time="0.323" /><testcase classname="tests.test_erp_functional.TestCedolini" name="test_cedolini_calcolo_netto" time="0.369" /><testcase classname="tests.test_erp_functional.TestCedolini" name="test_cedolini_riepilogo_mensile" time="0.151" /><testcase classname="tests.test_erp_functional.TestPrimaNota" name="test_prima_nota_stats_endpoint" time="0.407" /><testcase classname="tests.test_erp_functional.TestPrimaNota" name="test_prima_nota_saldo_cassa" time="0.260" /><testcase classname="tests.test_erp_functional.TestPrimaNota" name="test_prima_nota_saldo_banca" time="0.268" /><testcase classname="tests.test_erp_functional.TestFatture" name="test_fatture_endpoint_exists" time="4.172" /><testcase classname="tests.test_erp_functional.TestFatture" name="test_fatture_hanno_dati_obbligatori" time="0.566" /><testcase classname="tests.test_erp_functional.TestMagazzino" name="test_magazzino_products_endpoint" time="0.072" /><testcase classname="tests.test_erp_functional.TestMagazzino" name="test_magazzino_doppia_verita" time="0.367"><skipped type="pytest.skip" message="Nessun prodotto in magazzino">/app/backend/tests/test_erp_functional.py:429: Nessun prodotto in magazzino</skipped></testcase><testcase classname="tests.test_erp_functional.TestDipendentiCedolini" name="test_dipendenti_endpoint_exists" time="0.149" /><testcase classname="tests.test_erp_functional.TestDipendentiCedolini" name="test_coerenza_dipendenti_cedolini" time="0.529" /><testcase classname="tests.test_erp_functional.TestEndpointsHealth" name="test_dashboard_summary" time="0.154" /><testcase classname="tests.test_erp_functional.TestEndpointsHealth" name="test_dashboard_trend_mensile" time="0.379" /><testcase classname="tests.test_erp_functional.TestEndpointsHealth" name="test_suppliers_endpoint" time="0.510" /><testcase classname="tests.test_erp_functional.TestEndpointsHealth" name="test_employees_endpoint" time="0.393" /></testsuite></testsuites>