<?xml version="1.0" encoding="utf-8"?><testsuites name="pytest tests"><testsuite name="pytest" errors="0" failures="4" skipped="0" tests="34" time="8.445" timestamp="2026-02-01T10:40:34.724103+00:00" hostname="agent-env-fd34854d-66c9-4c60-91bd-2ec3187c430f"><testcase classname="tests.test_comprehensive_crud.TestHealthAndBasics" name="test_health_endpoint" time="0.078" /><testcase classname="tests.test_comprehensive_crud.TestDipendenti" name="test_get_all_dipendenti" time="1.936" /><testcase classname="tests.test_comprehensive_crud.TestDipendenti" name="test_get_single_dipendente" time="0.429" /><testcase classname="tests.test_comprehensive_crud.TestPrimaNota" name="test_get_prima_nota_cassa" time="0.491" /><testcase classname="tests.test_comprehensive_crud.TestPrimaNota" name="test_get_prima_nota_banca" time="0.486" /><testcase classname="tests.test_comprehensive_crud.TestPrimaNota" name="test_create_movimento_cassa" time="0.222" /><testcase classname="tests.test_comprehensive_crud.TestFattureRicevute" name="test_get_fatture_ricevute" time="0.040"><failure message="assert 404 == 200&#10; +  where 404 = &lt;Response [404]&gt;.status_code">tests/test_comprehensive_crud.py:99: in test_get_fatture_ricevute
    assert response.status_code == 200
E   assert 404 == 200
E    +  where 404 = &lt;Response [404]&gt;.status_code</failure></testcase><testcase classname="tests.test_comprehensive_crud.TestFattureRicevute" name="test_get_fatture_ricevute_with_filters" time="0.046"><failure message="assert 404 == 200&#10; +  where 404 = &lt;Response [404]&gt;.status_code">tests/test_comprehensive_crud.py:110: in test_get_fatture_ricevute_with_filters
    assert response.status_code == 200
E   assert 404 == 200
E    +  where 404 = &lt;Response [404]&gt;.status_code</failure></testcase><testcase classname="tests.test_comprehensive_crud.TestF24" name="test_get_f24_list" time="0.037" /><testcase classname="tests.test_comprehensive_crud.TestF24" name="test_get_f24_scadenze" time="0.040"><failure message="assert 401 in [200, 404]&#10; +  where 401 = &lt;Response [401]&gt;.status_code">tests/test_comprehensive_crud.py:131: in test_get_f24_scadenze
    assert response.status_code in [200, 404]
E   assert 401 in [200, 404]
E    +  where 401 = &lt;Response [401]&gt;.status_code</failure></testcase><testcase classname="tests.test_comprehensive_crud.TestScadenze" name="test_get_scadenze_fiscali" time="0.038" /><testcase classname="tests.test_comprehensive_crud.TestScadenze" name="test_get_alert_scadenze" time="0.039" /><testcase classname="tests.test_comprehensive_crud.TestToDo" name="test_get_todo_list" time="0.042" /><testcase classname="tests.test_comprehensive_crud.TestToDo" name="test_create_todo" time="0.047" /><testcase classname="tests.test_comprehensive_crud.TestCedolini" name="test_get_cedolini" time="0.667" /><testcase classname="tests.test_comprehensive_crud.TestCedolini" name="test_get_cedolini_by_month" time="0.382" /><testcase classname="tests.test_comprehensive_crud.TestFornitori" name="test_get_fornitori" time="0.066"><failure message="assert 404 == 200&#10; +  where 404 = &lt;Response [404]&gt;.status_code">tests/test_comprehensive_crud.py:200: in test_get_fornitori
    assert response.status_code == 200
E   assert 404 == 200
E    +  where 404 = &lt;Response [404]&gt;.status_code</failure></testcase><testcase classname="tests.test_comprehensive_crud.TestMagazzino" name="test_get_giacenze" time="1.211" /><testcase classname="tests.test_comprehensive_crud.TestMagazzino" name="test_get_inventario" time="0.151" /><testcase classname="tests.test_comprehensive_crud.TestHACCP" name="test_get_temperature" time="0.040" /><testcase classname="tests.test_comprehensive_crud.TestHACCP" name="test_get_sanificazioni" time="0.152" /><testcase classname="tests.test_comprehensive_crud.TestHACCP" name="test_get_ricezione" time="0.042" /><testcase classname="tests.test_comprehensive_crud.TestHACCP" name="test_create_temperatura" time="0.040" /><testcase classname="tests.test_comprehensive_crud.TestVerbali" name="test_get_verbali" time="0.040" /><testcase classname="tests.test_comprehensive_crud.TestPresenze" name="test_get_presenze" time="0.042" /><testcase classname="tests.test_comprehensive_crud.TestPresenze" name="test_get_presenze_by_dipendente" time="0.328" /><testcase classname="tests.test_comprehensive_crud.TestDashboard" name="test_get_dashboard_stats" time="0.483" /><testcase classname="tests.test_comprehensive_crud.TestDashboard" name="test_get_bilancio_istantaneo" time="0.038" /><testcase classname="tests.test_comprehensive_crud.TestAdmin" name="test_get_email_config" time="0.331" /><testcase classname="tests.test_comprehensive_crud.TestAdmin" name="test_get_system_info" time="0.041" /><testcase classname="tests.test_comprehensive_crud.TestAnalytics" name="test_get_analytics_fatturato" time="0.041" /><testcase classname="tests.test_comprehensive_crud.TestAnalytics" name="test_get_analytics_spese" time="0.164" /><testcase classname="tests.test_comprehensive_crud.TestRiconciliazione" name="test_get_riconciliazione_status" time="0.045" /><testcase classname="tests.test_comprehensive_crud.TestImportDocumenti" name="test_get_documenti_importati" time="0.041" /></testsuite></testsuites>