<?xml version="1.0" encoding="utf-8"?><testsuites name="pytest tests"><testsuite name="pytest" errors="0" failures="0" skipped="0" tests="15" time="14.669" timestamp="2026-01-22T04:03:37.104140+00:00" hostname="agent-env-772d7d2a-ab43-4c9e-8a2b-35d567923497"><testcase classname="tests.test_iteration_27_giustificativi_f24.TestGiustificativiPerformance" name="test_giustificativi_endpoint_exists" time="3.031" /><testcase classname="tests.test_iteration_27_giustificativi_f24.TestGiustificativiPerformance" name="test_giustificativi_response_time_under_5_seconds" time="0.882" /><testcase classname="tests.test_iteration_27_giustificativi_f24.TestGiustificativiPerformance" name="test_giustificativi_returns_all_25_codes" time="0.876" /><testcase classname="tests.test_iteration_27_giustificativi_f24.TestGiustificativiPerformance" name="test_giustificativi_structure" time="0.909" /><testcase classname="tests.test_iteration_27_giustificativi_f24.TestF24Riconciliazione" name="test_f24_commercialista_list" time="0.830" /><testcase classname="tests.test_iteration_27_giustificativi_f24.TestF24Riconciliazione" name="test_f24_commercialista_filter_da_pagare" time="0.733" /><testcase classname="tests.test_iteration_27_giustificativi_f24.TestF24Riconciliazione" name="test_f24_quietanze_list" time="0.272" /><testcase classname="tests.test_iteration_27_giustificativi_f24.TestF24Riconciliazione" name="test_f24_alerts_list" time="0.164" /><testcase classname="tests.test_iteration_27_giustificativi_f24.TestF24Riconciliazione" name="test_f24_dashboard" time="0.933" /><testcase classname="tests.test_iteration_27_giustificativi_f24.TestSaldoFerie" name="test_saldo_ferie_endpoint" time="2.306" /><testcase classname="tests.test_iteration_27_giustificativi_f24.TestSaldoFerie" name="test_saldo_ferie_structure" time="2.328" /><testcase classname="tests.test_iteration_27_giustificativi_f24.TestDateFormat" name="test_f24_date_format" time="0.714" /><testcase classname="tests.test_iteration_27_giustificativi_f24.TestDateFormat" name="test_quietanze_date_format" time="0.265" /><testcase classname="tests.test_iteration_27_giustificativi_f24.TestEmployeeNotFound" name="test_giustificativi_employee_not_found" time="0.151" /><testcase classname="tests.test_iteration_27_giustificativi_f24.TestEmployeeNotFound" name="test_saldo_ferie_employee_not_found" time="0.152" /></testsuite></testsuites>