<?xml version="1.0" encoding="utf-8"?><testsuites name="pytest tests"><testsuite name="pytest" errors="0" failures="5" skipped="0" tests="18" time="6.497" timestamp="2026-01-16T21:15:49.009882+00:00" hostname="agent-env-4291ee8c-b1b5-4676-bbdb-a4da990cd277"><testcase classname="tests.test_objectid_and_cascata.TestObjectIdSerialization" name="test_noleggio_veicoli_no_objectid" time="0.847" /><testcase classname="tests.test_objectid_and_cascata.TestObjectIdSerialization" name="test_operazioni_da_confermare_lista_no_objectid" time="1.269" /><testcase classname="tests.test_objectid_and_cascata.TestObjectIdSerialization" name="test_dipendenti_lista_no_objectid" time="0.150" /><testcase classname="tests.test_objectid_and_cascata.TestObjectIdSerialization" name="test_suppliers_lista_no_objectid" time="0.503" /><testcase classname="tests.test_objectid_and_cascata.TestObjectIdSerialization" name="test_invoices_lista_no_objectid" time="0.149" /><testcase classname="tests.test_objectid_and_cascata.TestObjectIdSerialization" name="test_fatture_ricevute_no_objectid" time="0.079"><failure message="AssertionError: Expected 200, got 404: {&quot;error&quot;:&quot;HTTPException&quot;,&quot;message&quot;:&quot;Not Found&quot;}&#10;assert 404 == 200&#10; +  where 404 = &lt;Response [404]&gt;.status_code">tests/test_objectid_and_cascata.py:100: in test_fatture_ricevute_no_objectid
    assert response.status_code == 200, f"Expected 200, got {response.status_code}: {response.text}"
E   AssertionError: Expected 200, got 404: {"error":"HTTPException","message":"Not Found"}
E   assert 404 == 200
E    +  where 404 = &lt;Response [404]&gt;.status_code</failure></testcase><testcase classname="tests.test_objectid_and_cascata.TestNoleggioVeicoliDriverValidation" name="test_update_veicolo_with_invalid_driver_id" time="0.142" /><testcase classname="tests.test_objectid_and_cascata.TestNoleggioVeicoliDriverValidation" name="test_update_veicolo_with_valid_driver_id" time="0.294"><failure message="AssertionError: Expected 200 for valid driver_id, got 400: {&quot;error&quot;:&quot;HTTPException&quot;,&quot;message&quot;:&quot;Dipendente con ID cb7f47da-9217-4754-8a96-0a0ad9df2531 non trovato&quot;}&#10;assert 400 == 200&#10; +  where 400 = &lt;Response [400]&gt;.status_code">tests/test_objectid_and_cascata.py:173: in test_update_veicolo_with_valid_driver_id
    assert response.status_code == 200, f"Expected 200 for valid driver_id, got {response.status_code}: {response.text}"
E   AssertionError: Expected 200 for valid driver_id, got 400: {"error":"HTTPException","message":"Dipendente con ID cb7f47da-9217-4754-8a96-0a0ad9df2531 non trovato"}
E   assert 400 == 200
E    +  where 400 = &lt;Response [400]&gt;.status_code</failure></testcase><testcase classname="tests.test_objectid_and_cascata.TestDuplicatePrevention" name="test_conferma_operazione_duplicate_prevention" time="1.359" /><testcase classname="tests.test_objectid_and_cascata.TestCicloPassivoIntegration" name="test_ciclo_passivo_fatture_lista" time="0.037"><failure message="AssertionError: Expected 200, got 404: {&quot;error&quot;:&quot;HTTPException&quot;,&quot;message&quot;:&quot;Not Found&quot;}&#10;assert 404 == 200&#10; +  where 404 = &lt;Response [404]&gt;.status_code">tests/test_objectid_and_cascata.py:247: in test_ciclo_passivo_fatture_lista
    assert response.status_code == 200, f"Expected 200, got {response.status_code}: {response.text}"
E   AssertionError: Expected 200, got 404: {"error":"HTTPException","message":"Not Found"}
E   assert 404 == 200
E    +  where 404 = &lt;Response [404]&gt;.status_code</failure></testcase><testcase classname="tests.test_objectid_and_cascata.TestCicloPassivoIntegration" name="test_ciclo_passivo_lotti_lista" time="0.697" /><testcase classname="tests.test_objectid_and_cascata.TestCicloPassivoIntegration" name="test_ciclo_passivo_magazzino" time="0.051"><failure message="AssertionError: Expected 200, got 404: {&quot;error&quot;:&quot;HTTPException&quot;,&quot;message&quot;:&quot;Not Found&quot;}&#10;assert 404 == 200&#10; +  where 404 = &lt;Response [404]&gt;.status_code">tests/test_objectid_and_cascata.py:272: in test_ciclo_passivo_magazzino
    assert response.status_code == 200, f"Expected 200, got {response.status_code}: {response.text}"
E   AssertionError: Expected 200, got 404: {"error":"HTTPException","message":"Not Found"}
E   assert 404 == 200
E    +  where 404 = &lt;Response [404]&gt;.status_code</failure></testcase><testcase classname="tests.test_objectid_and_cascata.TestNoleggioDriversEndpoint" name="test_get_drivers" time="0.158" /><testcase classname="tests.test_objectid_and_cascata.TestHealthAndBasicEndpoints" name="test_health_check" time="0.034" /><testcase classname="tests.test_objectid_and_cascata.TestHealthAndBasicEndpoints" name="test_noleggio_fornitori" time="0.034" /><testcase classname="tests.test_objectid_and_cascata.TestPrimaNotaEndpoints" name="test_prima_nota_banca" time="0.269" /><testcase classname="tests.test_objectid_and_cascata.TestPrimaNotaEndpoints" name="test_prima_nota_cassa" time="0.264" /><testcase classname="tests.test_objectid_and_cascata.TestMagazzinoEndpoints" name="test_magazzino_prodotti" time="0.034"><failure message="AssertionError: Expected 200, got 404: {&quot;error&quot;:&quot;HTTPException&quot;,&quot;message&quot;:&quot;Not Found&quot;}&#10;assert 404 == 200&#10; +  where 404 = &lt;Response [404]&gt;.status_code">tests/test_objectid_and_cascata.py:355: in test_magazzino_prodotti
    assert response.status_code == 200, f"Expected 200, got {response.status_code}: {response.text}"
E   AssertionError: Expected 200, got 404: {"error":"HTTPException","message":"Not Found"}
E   assert 404 == 200
E    +  where 404 = &lt;Response [404]&gt;.status_code</failure></testcase></testsuite></testsuites>