<?xml version="1.0" encoding="utf-8"?><testsuites name="pytest tests"><testsuite name="pytest" errors="0" failures="0" skipped="0" tests="24" time="22.847" timestamp="2026-02-01T11:00:32.840097+00:00" hostname="agent-env-fd34854d-66c9-4c60-91bd-2ec3187c430f"><testcase classname="tests.test_secondary_pages_api.TestHealthAndDashboard" name="test_health_endpoint" time="9.919" /><testcase classname="tests.test_secondary_pages_api.TestHealthAndDashboard" name="test_dashboard_stats" time="2.652" /><testcase classname="tests.test_secondary_pages_api.TestAssegniAPI" name="test_get_assegni_list" time="0.816" /><testcase classname="tests.test_secondary_pages_api.TestAssegniAPI" name="test_get_assegni_stats" time="0.265" /><testcase classname="tests.test_secondary_pages_api.TestNoleggioAutoAPI" name="test_get_veicoli_list" time="1.874" /><testcase classname="tests.test_secondary_pages_api.TestNoleggioAutoAPI" name="test_get_drivers" time="0.180" /><testcase classname="tests.test_secondary_pages_api.TestNoleggioAutoAPI" name="test_get_fornitori_noleggio" time="0.037" /><testcase classname="tests.test_secondary_pages_api.TestVerbaliRiconciliazioneAPI" name="test_get_verbali_dashboard" time="0.385" /><testcase classname="tests.test_secondary_pages_api.TestVerbaliRiconciliazioneAPI" name="test_get_verbali_list" time="0.446" /><testcase classname="tests.test_secondary_pages_api.TestBilancioAPI" name="test_get_stato_patrimoniale" time="0.523" /><testcase classname="tests.test_secondary_pages_api.TestBilancioAPI" name="test_get_conto_economico" time="0.497" /><testcase classname="tests.test_secondary_pages_api.TestCalendarioFiscaleAPI" name="test_get_calendario_fiscale" time="0.159" /><testcase classname="tests.test_secondary_pages_api.TestCalendarioFiscaleAPI" name="test_get_notifiche_scadenze" time="0.152" /><testcase classname="tests.test_secondary_pages_api.TestCentriCostoAPI" name="test_get_centri_costo" time="2.490" /><testcase classname="tests.test_secondary_pages_api.TestCespitiAPI" name="test_get_cespiti_list" time="0.167" /><testcase classname="tests.test_secondary_pages_api.TestCorrispettiviAPI" name="test_get_corrispettivi_list" time="0.301" /><testcase classname="tests.test_secondary_pages_api.TestF24API" name="test_get_f24_list" time="0.371" /><testcase classname="tests.test_secondary_pages_api.TestF24API" name="test_get_f24_dashboard" time="0.148" /><testcase classname="tests.test_secondary_pages_api.TestF24API" name="test_get_f24_alerts" time="0.821" /><testcase classname="tests.test_secondary_pages_api.TestDipendentiAPI" name="test_get_dipendenti_list" time="0.153" /><testcase classname="tests.test_secondary_pages_api.TestFornitoriAPI" name="test_get_fornitori_metodi_pagamento" time="0.165" /><testcase classname="tests.test_secondary_pages_api.TestInvoicesAPI" name="test_get_invoices_list" time="0.161" /><testcase classname="tests.test_secondary_pages_api.TestRiconciliazioneAPI" name="test_get_riconciliazione_banca" time="0.044" /><testcase classname="tests.test_secondary_pages_api.TestBonificiAPI" name="test_get_bonifici_list" time="0.042" /></testsuite></testsuites>