<?xml version="1.0" encoding="utf-8"?><testsuites name="pytest tests"><testsuite name="pytest" errors="0" failures="0" skipped="0" tests="12" time="17.169" timestamp="2026-01-26T03:31:20.975532+00:00" hostname="agent-env-43e1858f-2d16-4901-bcd9-e2f14d17a40a"><testcase classname="tests.test_iteration_39.TestAutoRepairVerifica" name="test_verifica_returns_verbali_statistics" time="3.434" /><testcase classname="tests.test_iteration_39.TestAutoRepairVerifica" name="test_verifica_returns_veicoli_statistics" time="1.595" /><testcase classname="tests.test_iteration_39.TestVerbaliRiconciliazioneLista" name="test_lista_returns_verbali_with_driver_nome" time="0.287" /><testcase classname="tests.test_iteration_39.TestVerbaliRiconciliazioneLista" name="test_lista_verbali_structure" time="0.163" /><testcase classname="tests.test_iteration_39.TestVerbaliRiconciliazioneLista" name="test_lista_filter_by_targa" time="0.309" /><testcase classname="tests.test_iteration_39.TestDipendentiAPI" name="test_dipendenti_returns_list" time="0.286" /><testcase classname="tests.test_iteration_39.TestDipendentiAPI" name="test_dipendenti_have_required_fields" time="0.150" /><testcase classname="tests.test_iteration_39.TestCollegaTargaDriver" name="test_collega_targa_driver_requires_params" time="0.042" /><testcase classname="tests.test_iteration_39.TestCollegaTargaDriver" name="test_collega_targa_driver_invalid_driver" time="0.153" /><testcase classname="tests.test_iteration_39.TestCollegaTargaDriver" name="test_collega_targa_driver_success" time="0.576" /><testcase classname="tests.test_iteration_39.TestVerbaliDashboard" name="test_dashboard_returns_statistics" time="0.375" /><testcase classname="tests.test_iteration_39.TestAutoRepairGlobale" name="test_auto_repair_globale_executes" time="9.683" /></testsuite></testsuites>