<?xml version="1.0" encoding="utf-8"?><testsuites name="pytest tests"><testsuite name="pytest" errors="0" failures="0" skipped="0" tests="16" time="7.076" timestamp="2026-01-16T21:20:38.969110+00:00" hostname="agent-env-4291ee8c-b1b5-4676-bbdb-a4da990cd277"><testcase classname="tests.test_objectid_and_cascata.TestObjectIdSerialization" name="test_noleggio_veicoli_no_objectid" time="0.856" /><testcase classname="tests.test_objectid_and_cascata.TestObjectIdSerialization" name="test_operazioni_da_confermare_lista_no_objectid" time="1.272" /><testcase classname="tests.test_objectid_and_cascata.TestObjectIdSerialization" name="test_dipendenti_lista_no_objectid" time="0.151" /><testcase classname="tests.test_objectid_and_cascata.TestObjectIdSerialization" name="test_suppliers_lista_no_objectid" time="0.493" /><testcase classname="tests.test_objectid_and_cascata.TestObjectIdSerialization" name="test_invoices_lista_no_objectid" time="0.147" /><testcase classname="tests.test_objectid_and_cascata.TestNoleggioVeicoliDriverValidation" name="test_update_veicolo_with_invalid_driver_id" time="0.144" /><testcase classname="tests.test_objectid_and_cascata.TestNoleggioVeicoliDriverValidation" name="test_update_veicolo_with_valid_driver_id" time="0.563" /><testcase classname="tests.test_objectid_and_cascata.TestDuplicatePrevention" name="test_conferma_operazione_duplicate_prevention" time="1.378" /><testcase classname="tests.test_objectid_and_cascata.TestCicloPassivoIntegration" name="test_ciclo_passivo_lotti_lista" time="0.717" /><testcase classname="tests.test_objectid_and_cascata.TestCicloPassivoIntegration" name="test_ciclo_passivo_dashboard_riconciliazione" time="0.380" /><testcase classname="tests.test_objectid_and_cascata.TestNoleggioDriversEndpoint" name="test_get_drivers" time="0.149" /><testcase classname="tests.test_objectid_and_cascata.TestHealthAndBasicEndpoints" name="test_health_check" time="0.034" /><testcase classname="tests.test_objectid_and_cascata.TestHealthAndBasicEndpoints" name="test_noleggio_fornitori" time="0.038" /><testcase classname="tests.test_objectid_and_cascata.TestPrimaNotaEndpoints" name="test_prima_nota_banca" time="0.256" /><testcase classname="tests.test_objectid_and_cascata.TestPrimaNotaEndpoints" name="test_prima_nota_cassa" time="0.269" /><testcase classname="tests.test_objectid_and_cascata.TestWarehouseEndpoints" name="test_warehouse_products" time="0.148" /></testsuite></testsuites>