<?xml version="1.0" encoding="utf-8"?><testsuites name="pytest tests"><testsuite name="pytest" errors="0" failures="0" skipped="0" tests="9" time="3.618" timestamp="2026-01-22T02:03:20.831756+00:00" hostname="agent-env-772d7d2a-ab43-4c9e-8a2b-35d567923497"><testcase classname="tests.test_iteration_24_in_carico.TestDipendentiInCarico" name="test_get_dipendenti_in_carico" time="0.195" /><testcase classname="tests.test_iteration_24_in_carico.TestSetInCarico" name="test_set_in_carico_false" time="0.432" /><testcase classname="tests.test_iteration_24_in_carico.TestSetInCarico" name="test_set_in_carico_true" time="0.417" /><testcase classname="tests.test_iteration_24_in_carico.TestSetInCarico" name="test_set_in_carico_invalid_employee" time="0.156" /><testcase classname="tests.test_iteration_24_in_carico.TestDashboardPresenzeFiltering" name="test_dashboard_presenze_filters_by_in_carico" time="0.523" /><testcase classname="tests.test_iteration_24_in_carico.TestStoricoOre" name="test_ore_lavorate_endpoint" time="0.532" /><testcase classname="tests.test_iteration_24_in_carico.TestCedolini" name="test_get_cedolini" time="0.265" /><testcase classname="tests.test_iteration_24_in_carico.TestCedolini" name="test_get_cedolini_2025" time="0.491" /><testcase classname="tests.test_iteration_24_in_carico.TestEmployeesInCaricoField" name="test_create_employee_with_in_carico" time="0.447" /></testsuite></testsuites>