<?xml version="1.0" encoding="utf-8"?><testsuites name="pytest tests"><testsuite name="pytest" errors="0" failures="1" skipped="0" tests="11" time="3.723" timestamp="2026-01-06T14:35:47.438678+00:00" hostname="agent-env-3595ec15-7236-437d-b834-4ce6f93e2a92"><testcase classname="tests.test_suppliers_search.TestSuppliersSearch" name="test_search_by_name_acquaverde" time="0.098" /><testcase classname="tests.test_suppliers_search.TestSuppliersSearch" name="test_search_by_piva" time="0.043" /><testcase classname="tests.test_suppliers_search.TestSuppliersSearch" name="test_search_no_filter_returns_all" time="0.978" /><testcase classname="tests.test_suppliers_search.TestSuppliersSearch" name="test_search_partial_name" time="0.054" /><testcase classname="tests.test_suppliers_search.TestSuppliersSearch" name="test_search_case_insensitive" time="0.082" /><testcase classname="tests.test_suppliers_search.TestSuppliersInvoiceCount" name="test_suppliers_have_invoice_stats" time="0.067"><failure message="AssertionError: assert 'fatture_count' in {'address': 'Via Test 123', 'created_at': '2026-01-04T07:53:22.349238', 'email': 'test@test.com', 'id': '58d0d5b5-783e-4545-bd3b-9cc2b4477ce0', ...}">tests/test_suppliers_search.py:81: in test_suppliers_have_invoice_stats
    assert "fatture_count" in supplier
E   AssertionError: assert 'fatture_count' in {'address': 'Via Test 123', 'created_at': '2026-01-04T07:53:22.349238', 'email': 'test@test.com', 'id': '58d0d5b5-783e-4545-bd3b-9cc2b4477ce0', ...}</failure></testcase><testcase classname="tests.test_suppliers_search.TestSuppliersInvoiceCount" name="test_suppliers_with_invoices_count" time="0.989" /><testcase classname="tests.test_suppliers_search.TestSuppliersDelete" name="test_delete_supplier_with_invoices_blocked" time="1.008" /><testcase classname="tests.test_suppliers_search.TestSuppliersDelete" name="test_delete_supplier_force_works" time="0.122" /><testcase classname="tests.test_suppliers_search.TestSuppliersAPI" name="test_get_supplier_by_id" time="0.072" /><testcase classname="tests.test_suppliers_search.TestSuppliersAPI" name="test_get_supplier_not_found" time="0.043" /></testsuite></testsuites>