<?xml version="1.0" encoding="utf-8"?><testsuites name="pytest tests"><testsuite name="pytest" errors="0" failures="0" skipped="0" tests="10" time="8.239" timestamp="2026-01-19T06:53:19.707383+00:00" hostname="agent-env-2f01d4d9-3b4f-40bf-b8dd-a02c9da8f24f"><testcase classname="tests.test_iteration_20.TestHealthAndBasicEndpoints" name="test_health_endpoint" time="0.070" /><testcase classname="tests.test_iteration_20.TestHealthAndBasicEndpoints" name="test_dashboard_api" time="2.689" /><testcase classname="tests.test_iteration_20.TestHealthAndBasicEndpoints" name="test_fatture_ricevute_archivio" time="0.308" /><testcase classname="tests.test_iteration_20.TestAggiornaMetodiPagamentoEndpoint" name="test_aggiorna_metodi_pagamento_endpoint_exists" time="0.953" /><testcase classname="tests.test_iteration_20.TestAggiornaMetodiPagamentoEndpoint" name="test_aggiorna_metodi_pagamento_response_structure" time="0.950" /><testcase classname="tests.test_iteration_20.TestOrdiniFornitori" name="test_ordini_fornitori_list" time="0.156" /><testcase classname="tests.test_iteration_20.TestOrdiniFornitori" name="test_comparatore_cart" time="0.175" /><testcase classname="tests.test_iteration_20.TestCicloPassivo" name="test_dashboard_riconciliazione" time="1.567" /><testcase classname="tests.test_iteration_20.TestAdminEndpoints" name="test_admin_stats" time="1.103" /><testcase classname="tests.test_iteration_20.TestAdminEndpoints" name="test_config_email_accounts" time="0.161" /></testsuite></testsuites>