<?xml version="1.0" encoding="utf-8"?><testsuites name="pytest tests"><testsuite name="pytest" errors="0" failures="0" skipped="0" tests="16" time="21.770" timestamp="2026-01-16T09:16:00.063055+00:00" hostname="agent-env-c6a21c85-46de-442b-9d26-d14b6404b660"><testcase classname="tests.test_session_features.TestCedoliniEndpoint" name="test_cedolini_list_basic" time="0.324" /><testcase classname="tests.test_session_features.TestCedoliniEndpoint" name="test_cedolini_with_limit" time="0.296" /><testcase classname="tests.test_session_features.TestCedoliniEndpoint" name="test_cedolini_filter_by_anno" time="0.263" /><testcase classname="tests.test_session_features.TestCedoliniEndpoint" name="test_cedolini_filter_by_mese" time="0.295" /><testcase classname="tests.test_session_features.TestCedoliniEndpoint" name="test_cedolini_combined_filters" time="0.255" /><testcase classname="tests.test_session_features.TestSmartAnalizzaEndpoint" name="test_smart_analizza_default" time="6.229" /><testcase classname="tests.test_session_features.TestSmartAnalizzaEndpoint" name="test_smart_analizza_with_limit_10" time="0.944" /><testcase classname="tests.test_session_features.TestSmartAnalizzaEndpoint" name="test_smart_analizza_with_limit_25" time="2.253" /><testcase classname="tests.test_session_features.TestSmartAnalizzaEndpoint" name="test_smart_analizza_with_limit_50" time="3.814" /><testcase classname="tests.test_session_features.TestSmartAnalizzaEndpoint" name="test_smart_analizza_stats_structure" time="2.273" /><testcase classname="tests.test_session_features.TestSmartAnalizzaEndpoint" name="test_smart_analizza_movimenti_structure" time="0.371" /><testcase classname="tests.test_session_features.TestOtherEndpoints" name="test_aruba_pendenti" time="0.147" /><testcase classname="tests.test_session_features.TestOtherEndpoints" name="test_cerca_f24" time="0.634" /><testcase classname="tests.test_session_features.TestOtherEndpoints" name="test_cerca_stipendi" time="3.129" /><testcase classname="tests.test_session_features.TestCedoliniAdvanced" name="test_cedolini_lista_per_mese" time="0.275" /><testcase classname="tests.test_session_features.TestCedoliniAdvanced" name="test_cedolini_riepilogo_mensile" time="0.188" /></testsuite></testsuites>