<?xml version="1.0" encoding="utf-8"?><testsuites name="pytest tests"><testsuite name="pytest" errors="0" failures="0" skipped="0" tests="11" time="4.000" timestamp="2026-01-06T14:36:15.127481+00:00" hostname="agent-env-3595ec15-7236-437d-b834-4ce6f93e2a92"><testcase classname="tests.test_suppliers_search.TestSuppliersSearch" name="test_search_by_name_acquaverde" time="0.069" /><testcase classname="tests.test_suppliers_search.TestSuppliersSearch" name="test_search_by_piva" time="0.058" /><testcase classname="tests.test_suppliers_search.TestSuppliersSearch" name="test_search_no_filter_returns_all" time="0.950" /><testcase classname="tests.test_suppliers_search.TestSuppliersSearch" name="test_search_partial_name" time="0.054" /><testcase classname="tests.test_suppliers_search.TestSuppliersSearch" name="test_search_case_insensitive" time="0.089" /><testcase classname="tests.test_suppliers_search.TestSuppliersInvoiceCount" name="test_suppliers_have_invoice_stats" time="0.471" /><testcase classname="tests.test_suppliers_search.TestSuppliersInvoiceCount" name="test_suppliers_with_invoices_count" time="0.960" /><testcase classname="tests.test_suppliers_search.TestSuppliersDelete" name="test_delete_supplier_with_invoices_blocked" time="1.036" /><testcase classname="tests.test_suppliers_search.TestSuppliersDelete" name="test_delete_supplier_force_works" time="0.128" /><testcase classname="tests.test_suppliers_search.TestSuppliersAPI" name="test_get_supplier_by_id" time="0.077" /><testcase classname="tests.test_suppliers_search.TestSuppliersAPI" name="test_get_supplier_not_found" time="0.036" /></testsuite></testsuites>