<?xml version="1.0" encoding="utf-8"?><testsuites name="pytest tests"><testsuite name="pytest" errors="0" failures="0" skipped="0" tests="26" time="9.172" timestamp="2026-01-22T06:21:32.958334+00:00" hostname="agent-env-55a6255b-14d8-4ef0-a4d9-9c494371632e"><testcase classname="tests.test_iteration_29_e2e.TestHealthAndDashboard" name="test_health_check" time="0.106" /><testcase classname="tests.test_iteration_29_e2e.TestHealthAndDashboard" name="test_dashboard_summary" time="0.164" /><testcase classname="tests.test_iteration_29_e2e.TestHealthAndDashboard" name="test_dashboard_trend_mensile" time="0.273" /><testcase classname="tests.test_iteration_29_e2e.TestHealthAndDashboard" name="test_dashboard_bilancio_istantaneo" time="0.610" /><testcase classname="tests.test_iteration_29_e2e.TestAttendanceModule" name="test_presenze_mese" time="0.258" /><testcase classname="tests.test_iteration_29_e2e.TestAttendanceModule" name="test_dashboard_presenze" time="0.375" /><testcase classname="tests.test_iteration_29_e2e.TestAttendanceModule" name="test_dipendenti_in_carico" time="0.152" /><testcase classname="tests.test_iteration_29_e2e.TestAttendanceModule" name="test_note_presenze" time="0.147" /><testcase classname="tests.test_iteration_29_e2e.TestDipendentiModule" name="test_get_employees" time="0.389" /><testcase classname="tests.test_iteration_29_e2e.TestDipendentiModule" name="test_giustificativi_endpoint" time="0.860" /><testcase classname="tests.test_iteration_29_e2e.TestFattureRicevute" name="test_get_fatture_ricevute" time="0.037" /><testcase classname="tests.test_iteration_29_e2e.TestFattureRicevute" name="test_fatture_stats" time="0.040" /><testcase classname="tests.test_iteration_29_e2e.TestPrimaNota" name="test_get_prima_nota" time="0.373" /><testcase classname="tests.test_iteration_29_e2e.TestPrimaNota" name="test_prima_nota_cassa" time="0.380" /><testcase classname="tests.test_iteration_29_e2e.TestF24Module" name="test_get_f24_list" time="0.044" /><testcase classname="tests.test_iteration_29_e2e.TestF24Module" name="test_f24_scadenze_prossime" time="0.261" /><testcase classname="tests.test_iteration_29_e2e.TestF24Module" name="test_f24_riconciliazione_dashboard" time="0.944" /><testcase classname="tests.test_iteration_29_e2e.TestClassificazioneEmail" name="test_documenti_smart_stats" time="0.390" /><testcase classname="tests.test_iteration_29_e2e.TestClassificazioneEmail" name="test_documenti_smart_rules" time="0.040" /><testcase classname="tests.test_iteration_29_e2e.TestClassificazioneEmail" name="test_documenti_smart_categories" time="0.042" /><testcase classname="tests.test_iteration_29_e2e.TestDocumentiModule" name="test_classified_documents_stats" time="0.372" /><testcase classname="tests.test_iteration_29_e2e.TestDocumentiModule" name="test_classified_documents_list" time="0.375" /><testcase classname="tests.test_iteration_29_e2e.TestLearningMachineAPI" name="test_learning_machine_dashboard" time="0.934" /><testcase classname="tests.test_iteration_29_e2e.TestLearningMachineAPI" name="test_learning_machine_categories" time="0.930" /><testcase classname="tests.test_iteration_29_e2e.TestContabilitaModule" name="test_calcolo_imposte" time="0.311" /><testcase classname="tests.test_iteration_29_e2e.TestContabilitaModule" name="test_scadenze_prossime" time="0.267" /></testsuite></testsuites>