<?xml version="1.0" encoding="utf-8"?><testsuites name="pytest tests"><testsuite name="pytest" errors="0" failures="0" skipped="0" tests="28" time="10.413" timestamp="2026-01-22T02:39:16.637028+00:00" hostname="agent-env-772d7d2a-ab43-4c9e-8a2b-35d567923497"><testcase classname="tests.test_riconciliazione_fase3.TestRiconciliazioneFase3" name="test_assegni_multipli_endpoint_exists" time="0.094" /><testcase classname="tests.test_riconciliazione_fase3.TestRiconciliazioneFase3" name="test_assegni_multipli_validation_fattura_required" time="0.038" /><testcase classname="tests.test_riconciliazione_fase3.TestRiconciliazioneFase3" name="test_assegni_multipli_validation_assegni_required" time="0.040" /><testcase classname="tests.test_riconciliazione_fase3.TestRiconciliazioneFase3" name="test_assegni_multipli_fattura_not_found" time="0.153" /><testcase classname="tests.test_riconciliazione_fase3.TestRiconciliazioneFase3" name="test_assegni_multipli_with_real_fattura" time="0.156" /><testcase classname="tests.test_riconciliazione_fase3.TestRiconciliazioneFase3" name="test_arrotondamento_endpoint_exists" time="0.037" /><testcase classname="tests.test_riconciliazione_fase3.TestRiconciliazioneFase3" name="test_arrotondamento_validation_required_fields" time="0.037" /><testcase classname="tests.test_riconciliazione_fase3.TestRiconciliazioneFase3" name="test_arrotondamento_validation_metodo" time="0.039" /><testcase classname="tests.test_riconciliazione_fase3.TestRiconciliazioneFase3" name="test_arrotondamento_fattura_not_found" time="0.156" /><testcase classname="tests.test_riconciliazione_fase3.TestRiconciliazioneFase3" name="test_arrotondamento_tolleranza_default" time="0.157" /><testcase classname="tests.test_riconciliazione_fase3.TestRiconciliazioneFase3" name="test_arrotondamento_supera_tolleranza" time="0.155" /><testcase classname="tests.test_riconciliazione_fase3.TestRiconciliazioneFase3" name="test_pagamento_anticipato_endpoint_exists" time="0.040" /><testcase classname="tests.test_riconciliazione_fase3.TestRiconciliazioneFase3" name="test_pagamento_anticipato_validation_importo" time="0.037" /><testcase classname="tests.test_riconciliazione_fase3.TestRiconciliazioneFase3" name="test_pagamento_anticipato_validation_metodo" time="0.039" /><testcase classname="tests.test_riconciliazione_fase3.TestRiconciliazioneFase3" name="test_pagamento_anticipato_create" time="0.275" /><testcase classname="tests.test_riconciliazione_fase3.TestRiconciliazioneFase3" name="test_get_pagamenti_anticipati" time="0.153" /><testcase classname="tests.test_riconciliazione_fase3.TestRiconciliazioneFase3" name="test_cerca_pagamenti_anticipati_validation" time="0.038" /><testcase classname="tests.test_riconciliazione_fase3.TestRiconciliazioneFase3" name="test_cerca_pagamenti_anticipati_fattura_not_found" time="0.154" /><testcase classname="tests.test_riconciliazione_fase3.TestRiconciliazioneFase3" name="test_collega_pagamento_anticipato_validation" time="0.036" /><testcase classname="tests.test_riconciliazione_fase3.TestRiconciliazioneFase3" name="test_collega_pagamento_anticipato_not_found" time="0.149" /><testcase classname="tests.test_riconciliazione_fase3.TestRiconciliazioneFase3" name="test_collection_assegni_exists" time="2.252" /><testcase classname="tests.test_riconciliazione_fase3.TestRiconciliazioneFase3" name="test_collection_pagamenti_anticipati_exists" time="0.148" /><testcase classname="tests.test_riconciliazione_fase3.TestRiconciliazioneFase3" name="test_e2e_pagamento_anticipato_flow" time="0.511" /><testcase classname="tests.test_riconciliazione_fase3.TestRiconciliazioneFase3Statistiche" name="test_dashboard_includes_new_states" time="2.697" /><testcase classname="tests.test_riconciliazione_fase3.TestRiconciliazioneFase3Statistiche" name="test_statistiche_endpoint" time="2.260" /><testcase classname="tests.test_riconciliazione_fase3.TestVerificaCollections" name="test_verify_assegni_collection_via_api" time="0.157" /><testcase classname="tests.test_riconciliazione_fase3.TestVerificaCollections" name="test_verify_pagamenti_anticipati_collection" time="0.148" /><testcase classname="tests.test_riconciliazione_fase3.TestVerificaCollections" name="test_verify_abbuoni_arrotondamenti_collection" time="0.153" /></testsuite></testsuites>