<?xml version="1.0" encoding="utf-8"?><testsuites name="pytest tests"><testsuite name="pytest" errors="0" failures="2" skipped="2" tests="26" time="1.658" timestamp="2026-01-08T21:31:53.451051+00:00" hostname="agent-env-67499ffc-7ce3-41ad-963f-6e553d225c92"><testcase classname="tests.test_moduli_contabili.TestCedolini" name="test_lista_cedolini_mese" time="0.059" /><testcase classname="tests.test_moduli_contabili.TestCedolini" name="test_riepilogo_mensile" time="0.079" /><testcase classname="tests.test_moduli_contabili.TestTFR" name="test_riepilogo_aziendale" time="0.041" /><testcase classname="tests.test_moduli_contabili.TestCespiti" name="test_categorie_cespiti" time="0.054" /><testcase classname="tests.test_moduli_contabili.TestCespiti" name="test_lista_cespiti" time="0.065" /><testcase classname="tests.test_moduli_contabili.TestCespiti" name="test_riepilogo_cespiti" time="0.037" /><testcase classname="tests.test_moduli_contabili.TestCespiti" name="test_calcolo_ammortamenti_preview" time="0.078" /><testcase classname="tests.test_moduli_contabili.TestScadenzarioFornitori" name="test_scadenzario_anno" time="0.073" /><testcase classname="tests.test_moduli_contabili.TestScadenzarioFornitori" name="test_fatture_urgenti" time="0.044" /><testcase classname="tests.test_moduli_contabili.TestCalcoloIVA" name="test_calcolo_periodico" time="0.039" /><testcase classname="tests.test_moduli_contabili.TestCalcoloIVA" name="test_riepilogo_annuale" time="0.047" /><testcase classname="tests.test_moduli_contabili.TestControlloGestione" name="test_costi_ricavi" time="0.045" /><testcase classname="tests.test_moduli_contabili.TestControlloGestione" name="test_kpi_gestionali" time="0.087" /><testcase classname="tests.test_moduli_contabili.TestControlloGestione" name="test_margini_analisi" time="0.039"><skipped type="pytest.skip" message="Endpoint /margini not implemented">/app/tests/test_moduli_contabili.py:178: Endpoint /margini not implemented</skipped></testcase><testcase classname="tests.test_moduli_contabili.TestIndiciBilancio" name="test_calcola_indici" time="0.053" /><testcase classname="tests.test_moduli_contabili.TestIndiciBilancio" name="test_storico_indici" time="0.037"><skipped type="pytest.skip" message="Endpoint /storico not implemented">/app/tests/test_moduli_contabili.py:200: Endpoint /storico not implemented</skipped></testcase><testcase classname="tests.test_moduli_contabili.TestChiusuraEsercizio" name="test_verifica_preliminare" time="0.085"><failure message="assert 'pronto_chiusura' in {'anno': 2025, 'avvisi': [{'azione': &quot;Eseguire il calcolo ammortamenti dall'endpoint /api/cespiti/registra/{anno}&quot;, 'gravita': 'media', 'messaggio': '1 cespiti attivi senza ammortamento 2025', 'tipo': 'ammortamenti_non_calcolati'}], 'completamenti': [&quot;Corrispettivi registrati per tutto l'anno&quot;, 'Salari registrati: 429 record', 'TFR accantonato', '4242 movimenti bancari registrati'], 'problemi_bloccanti': [{'azione': 'Contabilizzare tutte le fatture prima della chiusura', 'gravita': 'alta', 'messaggio': '1328 fatture non contabilizzate', 'tipo': 'fatture_non_contabilizzate'}], ...}">tests/test_moduli_contabili.py:216: in test_verifica_preliminare
    assert "pronto_chiusura" in data
E   assert 'pronto_chiusura' in {'anno': 2025, 'avvisi': [{'azione': "Eseguire il calcolo ammortamenti dall'endpoint /api/cespiti/registra/{anno}", 'gravita': 'media', 'messaggio': '1 cespiti attivi senza ammortamento 2025', 'tipo': 'ammortamenti_non_calcolati'}], 'completamenti': ["Corrispettivi registrati per tutto l'anno", 'Salari registrati: 429 record', 'TFR accantonato', '4242 movimenti bancari registrati'], 'problemi_bloccanti': [{'azione': 'Contabilizzare tutte le fatture prima della chiusura', 'gravita': 'alta', 'messaggio': '1328 fatture non contabilizzate', 'tipo': 'fatture_non_contabilizzate'}], ...}</failure></testcase><testcase classname="tests.test_moduli_contabili.TestChiusuraEsercizio" name="test_bilancino_verifica" time="0.045" /><testcase classname="tests.test_moduli_contabili.TestChiusuraEsercizio" name="test_stato_chiusura" time="0.077" /><testcase classname="tests.test_moduli_contabili.TestChiusuraEsercizio" name="test_storico_chiusure" time="0.037" /><testcase classname="tests.test_moduli_contabili.TestCedoliniCRUD" name="test_stima_cedolino" time="0.117" /><testcase classname="tests.test_moduli_contabili.TestCespitiCRUD" name="test_crea_cespite" time="0.035" /><testcase classname="tests.test_moduli_contabili.TestCespitiCRUD" name="test_get_cespite" time="0.075"><failure message="assert 422 == 200&#10; +  where 422 = &lt;Response [422]&gt;.status_code">tests/test_moduli_contabili.py:340: in test_get_cespite
    assert response.status_code == 200
E   assert 422 == 200
E    +  where 422 = &lt;Response [422]&gt;.status_code</failure></testcase><testcase classname="tests.test_moduli_contabili.TestTFRCRUD" name="test_accantonamento_tfr" time="0.075" /><testcase classname="tests.test_moduli_contabili.TestTFRCRUD" name="test_situazione_tfr" time="0.076" /><testcase classname="tests.test_moduli_contabili.TestDipendentiEndpoint" name="test_lista_dipendenti" time="0.037" /></testsuite></testsuites>