<?xml version="1.0" encoding="utf-8"?><testsuites name="pytest tests"><testsuite name="pytest" errors="0" failures="0" skipped="0" tests="23" time="11.355" timestamp="2026-01-23T22:12:56.009608+00:00" hostname="agent-env-e645358b-a5e4-4756-9d89-6238b58449db"><testcase classname="tests.test_mongodb_refactoring_iteration33.TestDocumentiEndpoints" name="test_statistiche_returns_totale_nuovi_processati" time="0.660" /><testcase classname="tests.test_mongodb_refactoring_iteration33.TestDocumentiEndpoints" name="test_lista_returns_documents_with_pagination" time="0.595" /><testcase classname="tests.test_mongodb_refactoring_iteration33.TestDocumentiEndpoints" name="test_categorie_returns_available_categories" time="0.039" /><testcase classname="tests.test_mongodb_refactoring_iteration33.TestF24PublicEndpoints" name="test_f24_models_returns_200" time="1.048" /><testcase classname="tests.test_mongodb_refactoring_iteration33.TestF24PublicEndpoints" name="test_f24_scadenze_prossime" time="0.399" /><testcase classname="tests.test_mongodb_refactoring_iteration33.TestQuietanzeF24Endpoints" name="test_quietanze_lista_returns_200" time="0.375" /><testcase classname="tests.test_mongodb_refactoring_iteration33.TestRicercaGlobale" name="test_ricerca_globale_with_query" time="0.848" /><testcase classname="tests.test_mongodb_refactoring_iteration33.TestRicercaGlobale" name="test_ricerca_globale_min_length" time="0.039" /><testcase classname="tests.test_mongodb_refactoring_iteration33.TestDipendentiEndpoint" name="test_dipendenti_lista_returns_200" time="0.216" /><testcase classname="tests.test_mongodb_refactoring_iteration33.TestInvoicesEndpoint" name="test_invoices_lista_returns_200" time="3.019" /><testcase classname="tests.test_mongodb_refactoring_iteration33.TestInvoicesEndpoint" name="test_invoices_filter_by_anno" time="0.567" /><testcase classname="tests.test_mongodb_refactoring_iteration33.TestSuppliersEndpoint" name="test_suppliers_lista_returns_200" time="0.510" /><testcase classname="tests.test_mongodb_refactoring_iteration33.TestWarehouseEndpoint" name="test_warehouse_products_returns_200" time="0.929" /><testcase classname="tests.test_mongodb_refactoring_iteration33.TestF24RiconciliazioneUpload" name="test_upload_endpoint_exists" time="0.036" /><testcase classname="tests.test_mongodb_refactoring_iteration33.TestPrimaNotaEndpoint" name="test_prima_nota_cassa_returns_200" time="0.269" /><testcase classname="tests.test_mongodb_refactoring_iteration33.TestPrimaNotaEndpoint" name="test_prima_nota_banca_returns_200" time="0.274" /><testcase classname="tests.test_mongodb_refactoring_iteration33.TestPrimaNotaEndpoint" name="test_prima_nota_stats_returns_200" time="0.268" /><testcase classname="tests.test_mongodb_refactoring_iteration33.TestCedoliniEndpoint" name="test_cedolini_lista_returns_200" time="0.265" /><testcase classname="tests.test_mongodb_refactoring_iteration33.TestCedoliniEndpoint" name="test_cedolini_riepilogo_mensile_returns_200" time="0.152" /><testcase classname="tests.test_mongodb_refactoring_iteration33.TestHealthAndConnectivity" name="test_health_endpoint" time="0.035" /><testcase classname="tests.test_mongodb_refactoring_iteration33.TestNoMongoDBObjectIdInResponses" name="test_documenti_lista_no_objectid" time="0.547" /><testcase classname="tests.test_mongodb_refactoring_iteration33.TestNoMongoDBObjectIdInResponses" name="test_invoices_no_objectid" time="0.148" /><testcase classname="tests.test_mongodb_refactoring_iteration33.TestNoMongoDBObjectIdInResponses" name="test_suppliers_no_objectid" time="0.033" /></testsuite></testsuites>