<?xml version="1.0" encoding="utf-8"?><testsuites name="pytest tests"><testsuite name="pytest" errors="0" failures="6" skipped="0" tests="26" time="8.337" timestamp="2026-01-22T06:18:53.720737+00:00" hostname="agent-env-55a6255b-14d8-4ef0-a4d9-9c494371632e"><testcase classname="tests.test_iteration_29_e2e.TestHealthAndDashboard" name="test_health_check" time="0.100" /><testcase classname="tests.test_iteration_29_e2e.TestHealthAndDashboard" name="test_dashboard_summary" time="0.165"><failure message="AssertionError: assert ('success' in {'anno': 2026, 'employees': 34, 'haccp_items': 0, 'invoices_amount': 14332.54, ...} or 'totale_fatture' in {'anno': 2026, 'employees': 34, 'haccp_items': 0, 'invoices_amount': 14332.54, ...} or 'ricavi' in {'anno': 2026, 'employees': 34, 'haccp_items': 0, 'invoices_amount': 14332.54, ...})">tests/test_iteration_29_e2e.py:41: in test_dashboard_summary
    assert "success" in data or "totale_fatture" in data or "ricavi" in data
E   AssertionError: assert ('success' in {'anno': 2026, 'employees': 34, 'haccp_items': 0, 'invoices_amount': 14332.54, ...} or 'totale_fatture' in {'anno': 2026, 'employees': 34, 'haccp_items': 0, 'invoices_amount': 14332.54, ...} or 'ricavi' in {'anno': 2026, 'employees': 34, 'haccp_items': 0, 'invoices_amount': 14332.54, ...})</failure></testcase><testcase classname="tests.test_iteration_29_e2e.TestHealthAndDashboard" name="test_dashboard_trend_mensile" time="0.276" /><testcase classname="tests.test_iteration_29_e2e.TestHealthAndDashboard" name="test_dashboard_bilancio_istantaneo" time="0.618" /><testcase classname="tests.test_iteration_29_e2e.TestAttendanceModule" name="test_presenze_mese" time="0.266" /><testcase classname="tests.test_iteration_29_e2e.TestAttendanceModule" name="test_dashboard_presenze" time="0.393" /><testcase classname="tests.test_iteration_29_e2e.TestAttendanceModule" name="test_dipendenti_in_carico" time="0.155" /><testcase classname="tests.test_iteration_29_e2e.TestAttendanceModule" name="test_note_presenze" time="0.149" /><testcase classname="tests.test_iteration_29_e2e.TestDipendentiModule" name="test_get_employees" time="0.382" /><testcase classname="tests.test_iteration_29_e2e.TestDipendentiModule" name="test_giustificativi_endpoint" time="0.881" /><testcase classname="tests.test_iteration_29_e2e.TestFattureRicevute" name="test_get_fatture_ricevute" time="0.044"><failure message="assert 404 == 200&#10; +  where 404 = &lt;Response [404]&gt;.status_code">tests/test_iteration_29_e2e.py:138: in test_get_fatture_ricevute
    assert response.status_code == 200
E   assert 404 == 200
E    +  where 404 = &lt;Response [404]&gt;.status_code</failure></testcase><testcase classname="tests.test_iteration_29_e2e.TestFattureRicevute" name="test_fatture_stats" time="0.042" /><testcase classname="tests.test_iteration_29_e2e.TestPrimaNota" name="test_get_prima_nota" time="0.039"><failure message="assert 404 == 200&#10; +  where 404 = &lt;Response [404]&gt;.status_code">tests/test_iteration_29_e2e.py:157: in test_get_prima_nota
    assert response.status_code == 200
E   assert 404 == 200
E    +  where 404 = &lt;Response [404]&gt;.status_code</failure></testcase><testcase classname="tests.test_iteration_29_e2e.TestPrimaNota" name="test_prima_nota_cassa" time="0.372" /><testcase classname="tests.test_iteration_29_e2e.TestF24Module" name="test_get_f24_list" time="0.040"><failure message="assert 401 == 200&#10; +  where 401 = &lt;Response [401]&gt;.status_code">tests/test_iteration_29_e2e.py:175: in test_get_f24_list
    assert response.status_code == 200
E   assert 401 == 200
E    +  where 401 = &lt;Response [401]&gt;.status_code</failure></testcase><testcase classname="tests.test_iteration_29_e2e.TestF24Module" name="test_f24_scadenze_prossime" time="0.260" /><testcase classname="tests.test_iteration_29_e2e.TestF24Module" name="test_f24_riconciliazione_dashboard" time="0.939" /><testcase classname="tests.test_iteration_29_e2e.TestClassificazioneEmail" name="test_documenti_smart_stats" time="0.387" /><testcase classname="tests.test_iteration_29_e2e.TestClassificazioneEmail" name="test_documenti_smart_rules" time="0.041" /><testcase classname="tests.test_iteration_29_e2e.TestClassificazioneEmail" name="test_documenti_smart_categories" time="0.046" /><testcase classname="tests.test_iteration_29_e2e.TestDocumentiModule" name="test_classified_documents_stats" time="0.045"><failure message="assert 404 == 200&#10; +  where 404 = &lt;Response [404]&gt;.status_code">tests/test_iteration_29_e2e.py:228: in test_classified_documents_stats
    assert response.status_code == 200
E   assert 404 == 200
E    +  where 404 = &lt;Response [404]&gt;.status_code</failure></testcase><testcase classname="tests.test_iteration_29_e2e.TestDocumentiModule" name="test_classified_documents_list" time="0.042"><failure message="assert 404 == 200&#10; +  where 404 = &lt;Response [404]&gt;.status_code">tests/test_iteration_29_e2e.py:235: in test_classified_documents_list
    assert response.status_code == 200
E   assert 404 == 200
E    +  where 404 = &lt;Response [404]&gt;.status_code</failure></testcase><testcase classname="tests.test_iteration_29_e2e.TestLearningMachineAPI" name="test_learning_machine_dashboard" time="0.932" /><testcase classname="tests.test_iteration_29_e2e.TestLearningMachineAPI" name="test_learning_machine_categories" time="0.931" /><testcase classname="tests.test_iteration_29_e2e.TestContabilitaModule" name="test_calcolo_imposte" time="0.264" /><testcase classname="tests.test_iteration_29_e2e.TestContabilitaModule" name="test_scadenze_prossime" time="0.267" /></testsuite></testsuites>