<?xml version="1.0" encoding="utf-8"?><testsuites name="pytest tests"><testsuite name="pytest" errors="0" failures="4" skipped="0" tests="29" time="29.052" timestamp="2026-01-16T21:51:40.612277+00:00" hostname="agent-env-4291ee8c-b1b5-4676-bbdb-a4da990cd277"><testcase classname="tests.test_iteration_14_crud_chiusura.TestSupplierDeleteWithInvoiceCheck" name="test_delete_supplier_without_invoices" time="0.200" /><testcase classname="tests.test_iteration_14_crud_chiusura.TestSupplierDeleteWithInvoiceCheck" name="test_delete_supplier_with_invoices_blocked" time="1.189"><failure message="AssertionError: assert ('fatture collegate' in '' or 'impossibile' in '')&#10; +  where '' = &lt;built-in method lower of str object at 0xf93f7aba1188&gt;()&#10; +    where &lt;built-in method lower of str object at 0xf93f7aba1188&gt; = ''.lower&#10; +      where '' = &lt;built-in method get of dict object at 0xf93f785e6180&gt;('detail', '')&#10; +        where &lt;built-in method get of dict object at 0xf93f785e6180&gt; = {'error': 'HTTPException', 'message': 'Impossibile eliminare: 178 fatture collegate. Usa force=true per procedere.'}.get&#10; +  and   '' = &lt;built-in method lower of str object at 0xf93f7aba1188&gt;()&#10; +    where &lt;built-in method lower of str object at 0xf93f7aba1188&gt; = ''.lower&#10; +      where '' = &lt;built-in method get of dict object at 0xf93f785e6180&gt;('detail', '')&#10; +        where &lt;built-in method get of dict object at 0xf93f785e6180&gt; = {'error': 'HTTPException', 'message': 'Impossibile eliminare: 178 fatture collegate. Usa force=true per procedere.'}.get">tests/test_iteration_14_crud_chiusura.py:70: in test_delete_supplier_with_invoices_blocked
    assert "fatture collegate" in data.get("detail", "").lower() or "impossibile" in data.get("detail", "").lower()
E   AssertionError: assert ('fatture collegate' in '' or 'impossibile' in '')
E    +  where '' = &lt;built-in method lower of str object at 0xf93f7aba1188&gt;()
E    +    where &lt;built-in method lower of str object at 0xf93f7aba1188&gt; = ''.lower
E    +      where '' = &lt;built-in method get of dict object at 0xf93f785e6180&gt;('detail', '')
E    +        where &lt;built-in method get of dict object at 0xf93f785e6180&gt; = {'error': 'HTTPException', 'message': 'Impossibile eliminare: 178 fatture collegate. Usa force=true per procedere.'}.get
E    +  and   '' = &lt;built-in method lower of str object at 0xf93f7aba1188&gt;()
E    +    where &lt;built-in method lower of str object at 0xf93f7aba1188&gt; = ''.lower
E    +      where '' = &lt;built-in method get of dict object at 0xf93f785e6180&gt;('detail', '')
E    +        where &lt;built-in method get of dict object at 0xf93f785e6180&gt; = {'error': 'HTTPException', 'message': 'Impossibile eliminare: 178 fatture collegate. Usa force=true per procedere.'}.get</failure></testcase><testcase classname="tests.test_iteration_14_crud_chiusura.TestOperazioniDaConfermarDelete" name="test_delete_nonexistent_operazione" time="0.146" /><testcase classname="tests.test_iteration_14_crud_chiusura.TestOperazioniDaConfermarDelete" name="test_list_operazioni_da_confermare" time="9.246" /><testcase classname="tests.test_iteration_14_crud_chiusura.TestNoleggioVeicoliDelete" name="test_delete_nonexistent_veicolo" time="0.193" /><testcase classname="tests.test_iteration_14_crud_chiusura.TestNoleggioVeicoliDelete" name="test_create_and_delete_veicolo" time="0.715" /><testcase classname="tests.test_iteration_14_crud_chiusura.TestChiusuraEsercizio" name="test_verifica_preliminare" time="0.958" /><testcase classname="tests.test_iteration_14_crud_chiusura.TestChiusuraEsercizio" name="test_bilancino_verifica" time="0.720" /><testcase classname="tests.test_iteration_14_crud_chiusura.TestChiusuraEsercizio" name="test_stato_chiusura" time="0.143" /><testcase classname="tests.test_iteration_14_crud_chiusura.TestChiusuraEsercizio" name="test_storico_chiusure" time="0.148" /><testcase classname="tests.test_iteration_14_crud_chiusura.TestChiusuraEsercizio" name="test_saldi_iniziali" time="0.039"><failure message="AssertionError: Failed: {&quot;error&quot;:&quot;HTTPException&quot;,&quot;message&quot;:&quot;Not Found&quot;}&#10;assert 404 == 200&#10; +  where 404 = &lt;Response [404]&gt;.status_code">tests/test_iteration_14_crud_chiusura.py:184: in test_saldi_iniziali
    assert response.status_code == 200, f"Failed: {response.text}"
E   AssertionError: Failed: {"error":"HTTPException","message":"Not Found"}
E   assert 404 == 200
E    +  where 404 = &lt;Response [404]&gt;.status_code</failure></testcase><testcase classname="tests.test_iteration_14_crud_chiusura.TestChiusuraEsercizio" name="test_apertura_nuovo_esercizio_requires_chiusura" time="0.034"><failure message="AssertionError: Expected 400, got 404: {&quot;error&quot;:&quot;HTTPException&quot;,&quot;message&quot;:&quot;Not Found&quot;}&#10;assert 404 == 400&#10; +  where 404 = &lt;Response [404]&gt;.status_code">tests/test_iteration_14_crud_chiusura.py:197: in test_apertura_nuovo_esercizio_requires_chiusura
    assert response.status_code == 400, f"Expected 400, got {response.status_code}: {response.text}"
E   AssertionError: Expected 400, got 404: {"error":"HTTPException","message":"Not Found"}
E   assert 404 == 400
E    +  where 404 = &lt;Response [404]&gt;.status_code</failure></testcase><testcase classname="tests.test_iteration_14_crud_chiusura.TestRiconciliazioneManuale" name="test_smart_analizza_endpoint" time="2.858" /><testcase classname="tests.test_iteration_14_crud_chiusura.TestRiconciliazioneManuale" name="test_cerca_fatture_per_associazione" time="0.170" /><testcase classname="tests.test_iteration_14_crud_chiusura.TestRiconciliazioneManuale" name="test_cerca_stipendi_per_associazione" time="3.127" /><testcase classname="tests.test_iteration_14_crud_chiusura.TestNoObjectIdErrors" name="test_suppliers_no_objectid" time="0.509" /><testcase classname="tests.test_iteration_14_crud_chiusura.TestNoObjectIdErrors" name="test_invoices_no_objectid" time="0.153" /><testcase classname="tests.test_iteration_14_crud_chiusura.TestNoObjectIdErrors" name="test_prima_nota_cassa_no_objectid" time="0.257" /><testcase classname="tests.test_iteration_14_crud_chiusura.TestNoObjectIdErrors" name="test_prima_nota_banca_no_objectid" time="0.261" /><testcase classname="tests.test_iteration_14_crud_chiusura.TestNoObjectIdErrors" name="test_dipendenti_no_objectid" time="0.147" /><testcase classname="tests.test_iteration_14_crud_chiusura.TestNoObjectIdErrors" name="test_noleggio_veicoli_no_objectid" time="0.395" /><testcase classname="tests.test_iteration_14_crud_chiusura.TestTFREndpoints" name="test_dipendenti_endpoint" time="0.172" /><testcase classname="tests.test_iteration_14_crud_chiusura.TestTFREndpoints" name="test_tfr_situazione_endpoint" time="0.517" /><testcase classname="tests.test_iteration_14_crud_chiusura.TestCriticalEndpointsHealth" name="test_health_endpoint" time="0.038" /><testcase classname="tests.test_iteration_14_crud_chiusura.TestCriticalEndpointsHealth" name="test_suppliers_endpoint" time="0.491" /><testcase classname="tests.test_iteration_14_crud_chiusura.TestCriticalEndpointsHealth" name="test_invoices_endpoint" time="2.013" /><testcase classname="tests.test_iteration_14_crud_chiusura.TestCriticalEndpointsHealth" name="test_operazioni_lista_endpoint" time="1.702" /><testcase classname="tests.test_iteration_14_crud_chiusura.TestCriticalEndpointsHealth" name="test_noleggio_veicoli_endpoint" time="0.382" /><testcase classname="tests.test_iteration_14_crud_chiusura.TestCriticalEndpointsHealth" name="test_chiusura_esercizio_endpoints" time="1.993"><failure message="AssertionError: Endpoint /api/chiusura-esercizio/saldi-iniziali/2026 failed: 404&#10;assert 404 == 200&#10; +  where 404 = &lt;Response [404]&gt;.status_code">tests/test_iteration_14_crud_chiusura.py:396: in test_chiusura_esercizio_endpoints
    assert response.status_code == 200, f"Endpoint {endpoint} failed: {response.status_code}"
E   AssertionError: Endpoint /api/chiusura-esercizio/saldi-iniziali/2026 failed: 404
E   assert 404 == 200
E    +  where 404 = &lt;Response [404]&gt;.status_code</failure></testcase></testsuite></testsuites>