<?xml version="1.0" encoding="utf-8"?><testsuites name="pytest tests"><testsuite name="pytest" errors="0" failures="1" skipped="0" tests="28" time="13.016" timestamp="2026-01-22T02:38:39.131010+00:00" hostname="agent-env-772d7d2a-ab43-4c9e-8a2b-35d567923497"><testcase classname="tests.test_riconciliazione_fase3.TestRiconciliazioneFase3" name="test_assegni_multipli_endpoint_exists" time="0.106" /><testcase classname="tests.test_riconciliazione_fase3.TestRiconciliazioneFase3" name="test_assegni_multipli_validation_fattura_required" time="0.043" /><testcase classname="tests.test_riconciliazione_fase3.TestRiconciliazioneFase3" name="test_assegni_multipli_validation_assegni_required" time="0.076" /><testcase classname="tests.test_riconciliazione_fase3.TestRiconciliazioneFase3" name="test_assegni_multipli_fattura_not_found" time="0.149" /><testcase classname="tests.test_riconciliazione_fase3.TestRiconciliazioneFase3" name="test_assegni_multipli_with_real_fattura" time="0.736" /><testcase classname="tests.test_riconciliazione_fase3.TestRiconciliazioneFase3" name="test_arrotondamento_endpoint_exists" time="0.041" /><testcase classname="tests.test_riconciliazione_fase3.TestRiconciliazioneFase3" name="test_arrotondamento_validation_required_fields" time="0.040" /><testcase classname="tests.test_riconciliazione_fase3.TestRiconciliazioneFase3" name="test_arrotondamento_validation_metodo" time="0.039" /><testcase classname="tests.test_riconciliazione_fase3.TestRiconciliazioneFase3" name="test_arrotondamento_fattura_not_found" time="0.154" /><testcase classname="tests.test_riconciliazione_fase3.TestRiconciliazioneFase3" name="test_arrotondamento_tolleranza_default" time="0.624" /><testcase classname="tests.test_riconciliazione_fase3.TestRiconciliazioneFase3" name="test_arrotondamento_supera_tolleranza" time="0.319" /><testcase classname="tests.test_riconciliazione_fase3.TestRiconciliazioneFase3" name="test_pagamento_anticipato_endpoint_exists" time="0.040" /><testcase classname="tests.test_riconciliazione_fase3.TestRiconciliazioneFase3" name="test_pagamento_anticipato_validation_importo" time="0.037" /><testcase classname="tests.test_riconciliazione_fase3.TestRiconciliazioneFase3" name="test_pagamento_anticipato_validation_metodo" time="0.039" /><testcase classname="tests.test_riconciliazione_fase3.TestRiconciliazioneFase3" name="test_pagamento_anticipato_create" time="0.265" /><testcase classname="tests.test_riconciliazione_fase3.TestRiconciliazioneFase3" name="test_get_pagamenti_anticipati" time="0.154" /><testcase classname="tests.test_riconciliazione_fase3.TestRiconciliazioneFase3" name="test_cerca_pagamenti_anticipati_validation" time="0.039" /><testcase classname="tests.test_riconciliazione_fase3.TestRiconciliazioneFase3" name="test_cerca_pagamenti_anticipati_fattura_not_found" time="0.155"><failure message="AssertionError: assert False == True&#10; +  where False = &lt;built-in method get of dict object at 0xfdd07280d840&gt;('success')&#10; +    where &lt;built-in method get of dict object at 0xfdd07280d840&gt; = {'error': 'Fattura non trovata', 'fattura_id': 'b4d293d3-6953-4ae0-8340-c87c59b47a22', 'pagamenti_trovati': [], 'success': False}.get">tests/test_riconciliazione_fase3.py:309: in test_cerca_pagamenti_anticipati_fattura_not_found
    assert data.get("success") == True
E   AssertionError: assert False == True
E    +  where False = &lt;built-in method get of dict object at 0xfdd07280d840&gt;('success')
E    +    where &lt;built-in method get of dict object at 0xfdd07280d840&gt; = {'error': 'Fattura non trovata', 'fattura_id': 'b4d293d3-6953-4ae0-8340-c87c59b47a22', 'pagamenti_trovati': [], 'success': False}.get</failure></testcase><testcase classname="tests.test_riconciliazione_fase3.TestRiconciliazioneFase3" name="test_collega_pagamento_anticipato_validation" time="0.039" /><testcase classname="tests.test_riconciliazione_fase3.TestRiconciliazioneFase3" name="test_collega_pagamento_anticipato_not_found" time="0.151" /><testcase classname="tests.test_riconciliazione_fase3.TestRiconciliazioneFase3" name="test_collection_assegni_exists" time="2.239" /><testcase classname="tests.test_riconciliazione_fase3.TestRiconciliazioneFase3" name="test_collection_pagamenti_anticipati_exists" time="0.179" /><testcase classname="tests.test_riconciliazione_fase3.TestRiconciliazioneFase3" name="test_e2e_pagamento_anticipato_flow" time="0.750" /><testcase classname="tests.test_riconciliazione_fase3.TestRiconciliazioneFase3Statistiche" name="test_dashboard_includes_new_states" time="2.713" /><testcase classname="tests.test_riconciliazione_fase3.TestRiconciliazioneFase3Statistiche" name="test_statistiche_endpoint" time="2.232" /><testcase classname="tests.test_riconciliazione_fase3.TestVerificaCollections" name="test_verify_assegni_collection_via_api" time="0.759" /><testcase classname="tests.test_riconciliazione_fase3.TestVerificaCollections" name="test_verify_pagamenti_anticipati_collection" time="0.151" /><testcase classname="tests.test_riconciliazione_fase3.TestVerificaCollections" name="test_verify_abbuoni_arrotondamenti_collection" time="0.627" /></testsuite></testsuites>