<?xml version="1.0" encoding="utf-8"?><testsuites name="pytest tests"><testsuite name="pytest" errors="0" failures="0" skipped="0" tests="18" time="1.478" timestamp="2026-01-07T04:00:18.250514+00:00" hostname="agent-env-7d2c6b6d-e63e-41c8-a056-d338bbd81248"><testcase classname="tests.test_iteration_34_liquidazione_iva.TestLiquidazioneIVACalcolo" name="test_calcola_liquidazione_gennaio_2026" time="0.089" /><testcase classname="tests.test_iteration_34_liquidazione_iva.TestLiquidazioneIVACalcolo" name="test_calcola_liquidazione_con_credito_precedente" time="0.052" /><testcase classname="tests.test_iteration_34_liquidazione_iva.TestLiquidazioneIVACalcolo" name="test_calcola_liquidazione_mese_invalido" time="0.081" /><testcase classname="tests.test_iteration_34_liquidazione_iva.TestLiquidazioneIVACalcolo" name="test_calcola_liquidazione_anno_invalido" time="0.041" /><testcase classname="tests.test_iteration_34_liquidazione_iva.TestLiquidazioneIVACalcolo" name="test_calcola_liquidazione_multiple_months" time="0.141" /><testcase classname="tests.test_iteration_34_liquidazione_iva.TestLiquidazioneIVAConfronto" name="test_confronto_commercialista" time="0.049" /><testcase classname="tests.test_iteration_34_liquidazione_iva.TestLiquidazioneIVAConfronto" name="test_confronto_valori_coincidenti" time="0.098" /><testcase classname="tests.test_iteration_34_liquidazione_iva.TestLiquidazioneIVAConfronto" name="test_confronto_missing_params" time="0.042" /><testcase classname="tests.test_iteration_34_liquidazione_iva.TestLiquidazioneIVARiepilogoAnnuale" name="test_riepilogo_annuale_2026" time="0.105" /><testcase classname="tests.test_iteration_34_liquidazione_iva.TestLiquidazioneIVARiepilogoAnnuale" name="test_riepilogo_annuale_2025" time="0.196" /><testcase classname="tests.test_iteration_34_liquidazione_iva.TestLiquidazioneIVAPDFExport" name="test_export_pdf_gennaio_2026" time="0.066" /><testcase classname="tests.test_iteration_34_liquidazione_iva.TestLiquidazioneIVAPDFExport" name="test_export_pdf_con_credito_precedente" time="0.051" /><testcase classname="tests.test_iteration_34_liquidazione_iva.TestLiquidazioneIVADettaglioFatture" name="test_dettaglio_fatture_tutte" time="0.046" /><testcase classname="tests.test_iteration_34_liquidazione_iva.TestLiquidazioneIVADettaglioFatture" name="test_dettaglio_fatture_incluse" time="0.046" /><testcase classname="tests.test_iteration_34_liquidazione_iva.TestLiquidazioneIVADettaglioFatture" name="test_dettaglio_fatture_escluse" time="0.050" /><testcase classname="tests.test_iteration_34_liquidazione_iva.TestLiquidazioneIVADataIntegrity" name="test_saldo_calculation" time="0.056" /><testcase classname="tests.test_iteration_34_liquidazione_iva.TestLiquidazioneIVADataIntegrity" name="test_sales_detail_totals" time="0.053" /><testcase classname="tests.test_iteration_34_liquidazione_iva.TestLiquidazioneIVADataIntegrity" name="test_purchase_detail_totals" time="0.049" /></testsuite></testsuites>