<?xml version="1.0" encoding="utf-8"?><testsuites name="pytest tests"><testsuite name="pytest" errors="0" failures="0" skipped="0" tests="13" time="1.015" timestamp="2026-01-04T14:14:01.351598+00:00" hostname="agent-env-b5efb0ee-0005-4aed-8983-487c692ca083"><testcase classname="tests.test_new_session_features.TestBankStatementReconciliation" name="test_bank_statement_stats_endpoint" time="0.076" /><testcase classname="tests.test_new_session_features.TestBankStatementReconciliation" name="test_portal_upload_endpoint_exists" time="0.038" /><testcase classname="tests.test_new_session_features.TestBankStatementReconciliation" name="test_portal_upload_with_invalid_kind" time="0.040" /><testcase classname="tests.test_new_session_features.TestHACCPSeveritySystem" name="test_haccp_notifiche_stats_endpoint" time="0.043" /><testcase classname="tests.test_new_session_features.TestHACCPSeveritySystem" name="test_haccp_notifiche_list_endpoint" time="0.037" /><testcase classname="tests.test_new_session_features.TestHACCPSeveritySystem" name="test_haccp_notifiche_filter_non_lette" time="0.039" /><testcase classname="tests.test_new_session_features.TestHACCPSeveritySystem" name="test_haccp_check_anomalie_endpoint" time="0.050" /><testcase classname="tests.test_new_session_features.TestGlobalSearch" name="test_global_search_basic" time="0.080" /><testcase classname="tests.test_new_session_features.TestGlobalSearch" name="test_global_search_result_structure" time="0.040" /><testcase classname="tests.test_new_session_features.TestGlobalSearch" name="test_global_search_different_queries" time="0.121" /><testcase classname="tests.test_new_session_features.TestGlobalSearch" name="test_global_search_min_length_validation" time="0.038" /><testcase classname="tests.test_new_session_features.TestGlobalSearch" name="test_global_search_limit_parameter" time="0.038" /><testcase classname="tests.test_new_session_features.TestIntegration" name="test_all_new_endpoints_accessible" time="0.122" /></testsuite></testsuites>