<?xml version="1.0" encoding="utf-8"?><testsuites name="pytest tests"><testsuite name="pytest" errors="0" failures="0" skipped="0" tests="29" time="18.332" timestamp="2026-01-16T21:55:18.917234+00:00" hostname="agent-env-4291ee8c-b1b5-4676-bbdb-a4da990cd277"><testcase classname="tests.test_iteration_14_crud_chiusura.TestSupplierDeleteWithInvoiceCheck" name="test_delete_supplier_without_invoices" time="0.188" /><testcase classname="tests.test_iteration_14_crud_chiusura.TestSupplierDeleteWithInvoiceCheck" name="test_delete_supplier_with_invoices_blocked" time="0.863" /><testcase classname="tests.test_iteration_14_crud_chiusura.TestOperazioniDaConfermarDelete" name="test_delete_nonexistent_operazione" time="0.149" /><testcase classname="tests.test_iteration_14_crud_chiusura.TestOperazioniDaConfermarDelete" name="test_list_operazioni_da_confermare" time="1.268" /><testcase classname="tests.test_iteration_14_crud_chiusura.TestNoleggioVeicoliDelete" name="test_delete_nonexistent_veicolo" time="0.149" /><testcase classname="tests.test_iteration_14_crud_chiusura.TestNoleggioVeicoliDelete" name="test_create_and_delete_veicolo" time="0.731" /><testcase classname="tests.test_iteration_14_crud_chiusura.TestChiusuraEsercizio" name="test_verifica_preliminare" time="0.931" /><testcase classname="tests.test_iteration_14_crud_chiusura.TestChiusuraEsercizio" name="test_bilancino_verifica" time="0.704" /><testcase classname="tests.test_iteration_14_crud_chiusura.TestChiusuraEsercizio" name="test_stato_chiusura" time="0.146" /><testcase classname="tests.test_iteration_14_crud_chiusura.TestChiusuraEsercizio" name="test_storico_chiusure" time="0.164" /><testcase classname="tests.test_iteration_14_crud_chiusura.TestChiusuraEsercizio" name="test_saldi_iniziali" time="0.143" /><testcase classname="tests.test_iteration_14_crud_chiusura.TestChiusuraEsercizio" name="test_apertura_nuovo_esercizio_requires_chiusura" time="0.147" /><testcase classname="tests.test_iteration_14_crud_chiusura.TestRiconciliazioneManuale" name="test_smart_analizza_endpoint" time="1.686" /><testcase classname="tests.test_iteration_14_crud_chiusura.TestRiconciliazioneManuale" name="test_cerca_fatture_per_associazione" time="0.151" /><testcase classname="tests.test_iteration_14_crud_chiusura.TestRiconciliazioneManuale" name="test_cerca_stipendi_per_associazione" time="3.096" /><testcase classname="tests.test_iteration_14_crud_chiusura.TestNoObjectIdErrors" name="test_suppliers_no_objectid" time="0.510" /><testcase classname="tests.test_iteration_14_crud_chiusura.TestNoObjectIdErrors" name="test_invoices_no_objectid" time="0.148" /><testcase classname="tests.test_iteration_14_crud_chiusura.TestNoObjectIdErrors" name="test_prima_nota_cassa_no_objectid" time="0.260" /><testcase classname="tests.test_iteration_14_crud_chiusura.TestNoObjectIdErrors" name="test_prima_nota_banca_no_objectid" time="0.260" /><testcase classname="tests.test_iteration_14_crud_chiusura.TestNoObjectIdErrors" name="test_dipendenti_no_objectid" time="0.146" /><testcase classname="tests.test_iteration_14_crud_chiusura.TestNoObjectIdErrors" name="test_noleggio_veicoli_no_objectid" time="0.383" /><testcase classname="tests.test_iteration_14_crud_chiusura.TestTFREndpoints" name="test_dipendenti_endpoint" time="0.152" /><testcase classname="tests.test_iteration_14_crud_chiusura.TestTFREndpoints" name="test_tfr_situazione_endpoint" time="0.519" /><testcase classname="tests.test_iteration_14_crud_chiusura.TestCriticalEndpointsHealth" name="test_health_endpoint" time="0.037" /><testcase classname="tests.test_iteration_14_crud_chiusura.TestCriticalEndpointsHealth" name="test_suppliers_endpoint" time="0.501" /><testcase classname="tests.test_iteration_14_crud_chiusura.TestCriticalEndpointsHealth" name="test_invoices_endpoint" time="1.269" /><testcase classname="tests.test_iteration_14_crud_chiusura.TestCriticalEndpointsHealth" name="test_operazioni_lista_endpoint" time="1.047" /><testcase classname="tests.test_iteration_14_crud_chiusura.TestCriticalEndpointsHealth" name="test_noleggio_veicoli_endpoint" time="0.397" /><testcase classname="tests.test_iteration_14_crud_chiusura.TestCriticalEndpointsHealth" name="test_chiusura_esercizio_endpoints" time="2.088" /></testsuite></testsuites>