<?xml version="1.0" encoding="utf-8"?><testsuites name="pytest tests"><testsuite name="pytest" errors="0" failures="0" skipped="0" tests="12" time="0.989" timestamp="2026-01-04T20:11:21.050619+00:00" hostname="agent-env-646a2b48-84cd-4fac-bca0-ddb40b27d324"><testcase classname="tests.test_commercialista_features.TestCommercialistaConfig" name="test_get_config" time="0.091" /><testcase classname="tests.test_commercialista_features.TestPrimaNotaCassa" name="test_get_prima_nota_cassa_january_2025" time="0.040" /><testcase classname="tests.test_commercialista_features.TestPrimaNotaCassa" name="test_get_prima_nota_cassa_december_2025" time="0.043" /><testcase classname="tests.test_commercialista_features.TestFattureCassa" name="test_get_fatture_cassa_january_2025" time="0.060" /><testcase classname="tests.test_commercialista_features.TestFattureCassa" name="test_fatture_cassa_has_correct_structure" time="0.106" /><testcase classname="tests.test_commercialista_features.TestAlertStatus" name="test_get_alert_status" time="0.048" /><testcase classname="tests.test_commercialista_features.TestInvioLog" name="test_get_log" time="0.042" /><testcase classname="tests.test_commercialista_features.TestAssegniEndpoint" name="test_get_assegni" time="0.042" /><testcase classname="tests.test_commercialista_features.TestEmailEndpoints" name="test_invia_prima_nota_validation" time="0.038" /><testcase classname="tests.test_commercialista_features.TestEmailEndpoints" name="test_invia_fatture_cassa_validation" time="0.078" /><testcase classname="tests.test_commercialista_features.TestEmailEndpoints" name="test_invia_carnet_validation" time="0.044" /><testcase classname="tests.test_commercialista_features.TestAssegniStats" name="test_get_assegni_stats" time="0.081" /></testsuite></testsuites>