<?xml version="1.0" encoding="utf-8"?><testsuites name="pytest tests"><testsuite name="pytest" errors="0" failures="0" skipped="0" tests="14" time="10.377" timestamp="2026-01-27T09:39:25.090808+00:00" hostname="agent-env-c51575b1-67cc-404d-bd48-64684820884a"><testcase classname="tests.test_iteration_4_notifiche_audit.TestNotificheScadenze" name="test_get_notifiche_scadenze_2025" time="4.898" /><testcase classname="tests.test_iteration_4_notifiche_audit.TestNotificheScadenze" name="test_get_notifiche_scadenze_default_year" time="0.152" /><testcase classname="tests.test_iteration_4_notifiche_audit.TestNotificheScadenze" name="test_get_notifiche_scadenze_urgency_levels" time="0.171" /><testcase classname="tests.test_iteration_4_notifiche_audit.TestInviaNotifica" name="test_invia_notifica_dashboard" time="0.527" /><testcase classname="tests.test_iteration_4_notifiche_audit.TestInviaNotifica" name="test_invia_notifica_email" time="1.728" /><testcase classname="tests.test_iteration_4_notifiche_audit.TestInviaNotifica" name="test_invia_notifica_invalid_scadenza" time="0.149" /><testcase classname="tests.test_iteration_4_notifiche_audit.TestCalendarioFiscale" name="test_calendario_2025" time="0.152" /><testcase classname="tests.test_iteration_4_notifiche_audit.TestCollectionsMongoDB" name="test_assegni_collection" time="0.480" /><testcase classname="tests.test_iteration_4_notifiche_audit.TestCollectionsMongoDB" name="test_invoices_collection" time="0.262" /><testcase classname="tests.test_iteration_4_notifiche_audit.TestCollectionsMongoDB" name="test_employees_collection" time="0.149" /><testcase classname="tests.test_iteration_4_notifiche_audit.TestCollectionsMongoDB" name="test_cedolini_collection" time="0.627" /><testcase classname="tests.test_iteration_4_notifiche_audit.TestDashboardStats" name="test_dashboard_stats" time="0.484" /><testcase classname="tests.test_iteration_4_notifiche_audit.TestPrimaNotaCassa" name="test_prima_nota_cassa_saldo" time="0.439" /><testcase classname="tests.test_iteration_4_notifiche_audit.TestHealthCheck" name="test_health" time="0.046" /></testsuite></testsuites>