<?xml version="1.0" encoding="utf-8"?><testsuites name="pytest tests"><testsuite name="pytest" errors="0" failures="0" skipped="0" tests="13" time="14.294" timestamp="2026-01-22T06:40:01.881210+00:00" hostname="agent-env-601d9604-27cd-4f39-8b65-d883598e90e7"><testcase classname="tests.test_iteration_30_bilancio_iva.TestHealthCheck" name="test_api_health" time="0.099" /><testcase classname="tests.test_iteration_30_bilancio_iva.TestContoEconomico" name="test_conto_economico_anno_2025" time="0.979" /><testcase classname="tests.test_iteration_30_bilancio_iva.TestContoEconomico" name="test_conto_economico_with_month" time="0.817" /><testcase classname="tests.test_iteration_30_bilancio_iva.TestContoEconomico" name="test_conto_economico_statistiche" time="0.819" /><testcase classname="tests.test_iteration_30_bilancio_iva.TestContoEconomico" name="test_conto_economico_dettaglio_iva" time="0.806" /><testcase classname="tests.test_iteration_30_bilancio_iva.TestStatoPatrimoniale" name="test_stato_patrimoniale_anno_2025" time="0.554" /><testcase classname="tests.test_iteration_30_bilancio_iva.TestConfrontoAnnuale" name="test_confronto_annuale_2025_vs_2024" time="2.329" /><testcase classname="tests.test_iteration_30_bilancio_iva.TestLiquidazioneIVA" name="test_liquidazione_iva_gennaio_2025" time="1.077" /><testcase classname="tests.test_iteration_30_bilancio_iva.TestLiquidazioneIVA" name="test_liquidazione_iva_detail_by_aliquota" time="0.401" /><testcase classname="tests.test_iteration_30_bilancio_iva.TestLiquidazioneIVA" name="test_liquidazione_iva_with_credito_precedente" time="0.397" /><testcase classname="tests.test_iteration_30_bilancio_iva.TestLiquidazioneIVA" name="test_liquidazione_iva_invalid_month" time="0.039" /><testcase classname="tests.test_iteration_30_bilancio_iva.TestLiquidazioneIVA" name="test_liquidazione_iva_riepilogo_annuale" time="4.377" /><testcase classname="tests.test_iteration_30_bilancio_iva.TestRiepilogoBilancio" name="test_riepilogo_bilancio" time="1.533" /></testsuite></testsuites>