<?xml version="1.0" encoding="utf-8"?><testsuites name="pytest tests"><testsuite name="pytest" errors="0" failures="0" skipped="0" tests="10" time="10.592" timestamp="2026-01-26T02:01:15.552605+00:00" hostname="agent-env-58162eb6-2ecf-4c33-94d0-d1d335eb5a1b"><testcase classname="tests.test_iteration_36.TestParlantRemoved" name="test_parlant_status_returns_404" time="0.076" /><testcase classname="tests.test_iteration_36.TestChatIntelligente" name="test_chat_ask_endpoint_exists" time="7.044" /><testcase classname="tests.test_iteration_36.TestChatIntelligente" name="test_chat_ask_without_ai" time="0.946" /><testcase classname="tests.test_iteration_36.TestSchedeTecniche" name="test_lista_schede_tecniche" time="0.264" /><testcase classname="tests.test_iteration_36.TestSchedeTecniche" name="test_statistiche_riepilogo" time="0.415" /><testcase classname="tests.test_iteration_36.TestDocumentiNonAssociati" name="test_lista_documenti" time="0.363" /><testcase classname="tests.test_iteration_36.TestDocumentiNonAssociati" name="test_pdf_endpoint_with_png" time="0.751" /><testcase classname="tests.test_iteration_36.TestDocumentiNonAssociati" name="test_pdf_endpoint_with_pdf" time="0.427" /><testcase classname="tests.test_iteration_36.TestEliminaMovimento" name="test_delete_non_existent_movimento_returns_404" time="0.206" /><testcase classname="tests.test_iteration_36.TestHealthCheck" name="test_health_endpoint" time="0.041" /></testsuite></testsuites>