<?xml version="1.0" encoding="utf-8"?><testsuites name="pytest tests"><testsuite name="pytest" errors="0" failures="1" skipped="0" tests="12" time="0.829" timestamp="2026-01-11T06:47:40.465468+00:00" hostname="agent-env-92bda553-259f-4da0-92a1-811578b8e734"><testcase classname="tests.test_fatture_assoinvoice.TestFattureAssoInvoiceEndpoint" name="test_view_assoinvoice_returns_html" time="0.101" /><testcase classname="tests.test_fatture_assoinvoice.TestFattureAssoInvoiceEndpoint" name="test_view_assoinvoice_contains_invoice_data" time="0.045" /><testcase classname="tests.test_fatture_assoinvoice.TestFattureAssoInvoiceEndpoint" name="test_view_assoinvoice_has_print_button" time="0.046" /><testcase classname="tests.test_fatture_assoinvoice.TestFattureAssoInvoiceEndpoint" name="test_view_assoinvoice_not_found" time="0.046" /><testcase classname="tests.test_fatture_assoinvoice.TestEstrattoContoMovimenti" name="test_movimenti_endpoint_returns_data" time="0.049" /><testcase classname="tests.test_fatture_assoinvoice.TestEstrattoContoMovimenti" name="test_movimenti_with_fattura_id" time="0.060" /><testcase classname="tests.test_fatture_assoinvoice.TestEstrattoContoMovimenti" name="test_movimenti_structure" time="0.047" /><testcase classname="tests.test_fatture_assoinvoice.TestAssegni" name="test_assegni_endpoint_returns_data" time="0.043" /><testcase classname="tests.test_fatture_assoinvoice.TestAssegni" name="test_assegni_with_fattura_collegata" time="0.048" /><testcase classname="tests.test_fatture_assoinvoice.TestAssegni" name="test_assegni_structure" time="0.046" /><testcase classname="tests.test_fatture_assoinvoice.TestFattureRicevuteArchivio" name="test_archivio_endpoint" time="0.059" /><testcase classname="tests.test_fatture_assoinvoice.TestFattureRicevuteArchivio" name="test_fattura_dettaglio" time="0.038"><failure message="AssertionError: Expected 200, got 404&#10;assert 404 == 200&#10; +  where 404 = &lt;Response [404]&gt;.status_code">tests/test_fatture_assoinvoice.py:180: in test_fattura_dettaglio
    assert response.status_code == 200, f"Expected 200, got {response.status_code}"
E   AssertionError: Expected 200, got 404
E   assert 404 == 200
E    +  where 404 = &lt;Response [404]&gt;.status_code</failure></testcase></testsuite></testsuites>