<?xml version="1.0" encoding="utf-8"?><testsuites name="pytest tests"><testsuite name="pytest" errors="0" failures="0" skipped="0" tests="11" time="0.925" timestamp="2026-01-10T09:05:40.060689+00:00" hostname="agent-env-382e8e4a-5e43-4777-b684-2135574eb197"><testcase classname="tests.test_ciclo_passivo_integrato.TestCicloPassivoDashboard" name="test_dashboard_riconciliazione_returns_200" time="0.090" /><testcase classname="tests.test_ciclo_passivo_integrato.TestCicloPassivoDashboard" name="test_dashboard_with_year_filter" time="0.043" /><testcase classname="tests.test_ciclo_passivo_integrato.TestCicloPassivoDashboard" name="test_dashboard_with_year_month_filter" time="0.041" /><testcase classname="tests.test_ciclo_passivo_integrato.TestSuggerimentiMatch" name="test_suggerimenti_match_not_found" time="0.044" /><testcase classname="tests.test_ciclo_passivo_integrato.TestMatchManuale" name="test_match_manuale_scadenza_not_found" time="0.033" /><testcase classname="tests.test_ciclo_passivo_integrato.TestMatchManuale" name="test_match_manuale_missing_params" time="0.078" /><testcase classname="tests.test_ciclo_passivo_integrato.TestImportIntegrato" name="test_import_integrato_with_valid_xml" time="0.135" /><testcase classname="tests.test_ciclo_passivo_integrato.TestImportIntegrato" name="test_import_integrato_invalid_xml" time="0.040" /><testcase classname="tests.test_ciclo_passivo_integrato.TestImportIntegrato" name="test_import_integrato_no_file" time="0.038" /><testcase classname="tests.test_ciclo_passivo_integrato.TestEndToEndFlow" name="test_full_ciclo_passivo_flow" time="0.232" /><testcase classname="tests.test_ciclo_passivo_integrato.TestHealthCheck" name="test_api_health" time="0.037" /></testsuite></testsuites>