<?xml version="1.0" encoding="utf-8"?><testsuites name="pytest tests"><testsuite name="pytest" errors="0" failures="0" skipped="2" tests="26" time="1.442" timestamp="2026-01-08T21:33:30.282742+00:00" hostname="agent-env-67499ffc-7ce3-41ad-963f-6e553d225c92"><testcase classname="tests.test_moduli_contabili.TestCedolini" name="test_lista_cedolini_mese" time="0.057" /><testcase classname="tests.test_moduli_contabili.TestCedolini" name="test_riepilogo_mensile" time="0.042" /><testcase classname="tests.test_moduli_contabili.TestTFR" name="test_riepilogo_aziendale" time="0.041" /><testcase classname="tests.test_moduli_contabili.TestCespiti" name="test_categorie_cespiti" time="0.040" /><testcase classname="tests.test_moduli_contabili.TestCespiti" name="test_lista_cespiti" time="0.055" /><testcase classname="tests.test_moduli_contabili.TestCespiti" name="test_riepilogo_cespiti" time="0.035" /><testcase classname="tests.test_moduli_contabili.TestCespiti" name="test_calcolo_ammortamenti_preview" time="0.038" /><testcase classname="tests.test_moduli_contabili.TestScadenzarioFornitori" name="test_scadenzario_anno" time="0.072" /><testcase classname="tests.test_moduli_contabili.TestScadenzarioFornitori" name="test_fatture_urgenti" time="0.044" /><testcase classname="tests.test_moduli_contabili.TestCalcoloIVA" name="test_calcolo_periodico" time="0.039" /><testcase classname="tests.test_moduli_contabili.TestCalcoloIVA" name="test_riepilogo_annuale" time="0.044" /><testcase classname="tests.test_moduli_contabili.TestControlloGestione" name="test_costi_ricavi" time="0.085" /><testcase classname="tests.test_moduli_contabili.TestControlloGestione" name="test_kpi_gestionali" time="0.052" /><testcase classname="tests.test_moduli_contabili.TestControlloGestione" name="test_margini_analisi" time="0.037"><skipped type="pytest.skip" message="Endpoint /margini not implemented">/app/tests/test_moduli_contabili.py:178: Endpoint /margini not implemented</skipped></testcase><testcase classname="tests.test_moduli_contabili.TestIndiciBilancio" name="test_calcola_indici" time="0.051" /><testcase classname="tests.test_moduli_contabili.TestIndiciBilancio" name="test_storico_indici" time="0.040"><skipped type="pytest.skip" message="Endpoint /storico not implemented">/app/tests/test_moduli_contabili.py:200: Endpoint /storico not implemented</skipped></testcase><testcase classname="tests.test_moduli_contabili.TestChiusuraEsercizio" name="test_verifica_preliminare" time="0.051" /><testcase classname="tests.test_moduli_contabili.TestChiusuraEsercizio" name="test_bilancino_verifica" time="0.047" /><testcase classname="tests.test_moduli_contabili.TestChiusuraEsercizio" name="test_stato_chiusura" time="0.037" /><testcase classname="tests.test_moduli_contabili.TestChiusuraEsercizio" name="test_storico_chiusure" time="0.038" /><testcase classname="tests.test_moduli_contabili.TestCedoliniCRUD" name="test_stima_cedolino" time="0.081" /><testcase classname="tests.test_moduli_contabili.TestCespitiCRUD" name="test_crea_cespite" time="0.040" /><testcase classname="tests.test_moduli_contabili.TestCespitiCRUD" name="test_get_cespite" time="0.075" /><testcase classname="tests.test_moduli_contabili.TestTFRCRUD" name="test_accantonamento_tfr" time="0.080" /><testcase classname="tests.test_moduli_contabili.TestTFRCRUD" name="test_situazione_tfr" time="0.081" /><testcase classname="tests.test_moduli_contabili.TestDipendentiEndpoint" name="test_lista_dipendenti" time="0.043" /></testsuite></testsuites>