<?xml version="1.0" encoding="utf-8"?><testsuites name="pytest tests"><testsuite name="pytest" errors="0" failures="1" skipped="3" tests="13" time="0.681" timestamp="2026-01-06T19:07:58.699910+00:00" hostname="agent-env-de948501-a7c1-4a8d-a110-8da05df78cc1"><testcase classname="tests.test_iteration_31_features.TestAssegniBugFix" name="test_assegni_returns_filtered_list" time="0.109" /><testcase classname="tests.test_iteration_31_features.TestAssegniBugFix" name="test_assegni_no_deleted_status" time="0.049" /><testcase classname="tests.test_iteration_31_features.TestHACCPAuth" name="test_haccp_login_valid_code" time="0.040" /><testcase classname="tests.test_iteration_31_features.TestHACCPAuth" name="test_haccp_login_invalid_code" time="0.048" /><testcase classname="tests.test_iteration_31_features.TestHACCPAuth" name="test_haccp_login_empty_code" time="0.046" /><testcase classname="tests.test_iteration_31_features.TestHACCPAuth" name="test_haccp_verify_session" time="0.043" /><testcase classname="tests.test_iteration_31_features.TestF24ZipUpload" name="test_f24_zip_upload_endpoint_exists" time="0.038"><skipped type="pytest.skip" message="Authentication required for this test">/app/tests/test_iteration_31_features.py:125: Authentication required for this test</skipped></testcase><testcase classname="tests.test_iteration_31_features.TestF24ZipUpload" name="test_f24_zip_upload_rejects_non_zip" time="0.042"><skipped type="pytest.skip" message="Authentication required for this test">/app/tests/test_iteration_31_features.py:144: Authentication required for this test</skipped></testcase><testcase classname="tests.test_iteration_31_features.TestF24ZipUpload" name="test_f24_documents_list" time="0.036"><skipped type="pytest.skip" message="Authentication required for this test">/app/tests/test_iteration_31_features.py:158: Authentication required for this test</skipped></testcase><testcase classname="tests.test_iteration_31_features.TestF24PublicEndpoints" name="test_f24_public_alerts" time="0.042" /><testcase classname="tests.test_iteration_31_features.TestF24PublicEndpoints" name="test_f24_public_dashboard" time="0.044" /><testcase classname="tests.test_iteration_31_features.TestF24PublicEndpoints" name="test_f24_models_list" time="0.041"><failure message="AssertionError: Should return a list&#10;assert False&#10; +  where False = isinstance({'count': 10, 'f24s': [{'banca': 'BANCO BPM S.P.A.', 'codice_fiscale': '04523831214', 'contribuente': 'CERALDI GROUP S.R.L.', 'created_at': '2026-01-06T18:54:01.920795', ...}, {'banca': 'BANCO BPM S.P.A.', 'codice_fiscale': '04523831214', 'contribuente': 'CERALDI GROUP S.R.L.', 'created_at': '2026-01-06T18:53:57.825900', ...}, {'banca': 'TEST_BANCA_UPDATED', 'codice_fiscale': '04523831214', 'contribuente': 'CERALDI GROUP S.R.L.', 'created_at': '2026-01-04T12:05:55.608278', ...}, {'banca': 'BANCO BPM S.P.A.', 'codice_fiscale': '04523831214', 'contribuente': 'CERALDI GROUP S.R.L.', 'created_at': '2026-01-06T18:53:53.318179', ...}, {'banca': 'BANCO BPM S.P.A.', 'codice_fiscale': '04523831214', 'contribuente': 'CERALDI GROUP S.R.L.', 'created_at': '2026-01-04T11:56:03.062882', ...}, {'banca': 'BANCO BPM S.P.A.', 'codice_fiscale': '04523831214', 'contribuente': 'CERALDI GROUP S.R.L.', 'created_at': '2026-01-04T12:05:39.745774', ...}, ...], 'totale_da_pagare': 54010.0, 'totale_pagato': 0}, list)">tests/test_iteration_31_features.py:201: in test_f24_models_list
    assert isinstance(data, list), "Should return a list"
E   AssertionError: Should return a list
E   assert False
E    +  where False = isinstance({'count': 10, 'f24s': [{'banca': 'BANCO BPM S.P.A.', 'codice_fiscale': '04523831214', 'contribuente': 'CERALDI GROUP S.R.L.', 'created_at': '2026-01-06T18:54:01.920795', ...}, {'banca': 'BANCO BPM S.P.A.', 'codice_fiscale': '04523831214', 'contribuente': 'CERALDI GROUP S.R.L.', 'created_at': '2026-01-06T18:53:57.825900', ...}, {'banca': 'TEST_BANCA_UPDATED', 'codice_fiscale': '04523831214', 'contribuente': 'CERALDI GROUP S.R.L.', 'created_at': '2026-01-04T12:05:55.608278', ...}, {'banca': 'BANCO BPM S.P.A.', 'codice_fiscale': '04523831214', 'contribuente': 'CERALDI GROUP S.R.L.', 'created_at': '2026-01-06T18:53:53.318179', ...}, {'banca': 'BANCO BPM S.P.A.', 'codice_fiscale': '04523831214', 'contribuente': 'CERALDI GROUP S.R.L.', 'created_at': '2026-01-04T11:56:03.062882', ...}, {'banca': 'BANCO BPM S.P.A.', 'codice_fiscale': '04523831214', 'contribuente': 'CERALDI GROUP S.R.L.', 'created_at': '2026-01-04T12:05:39.745774', ...}, ...], 'totale_da_pagare': 54010.0, 'totale_pagato': 0}, list)</failure></testcase><testcase classname="tests.test_iteration_31_features.TestF24ZipDuplicateDetection" name="test_sha256_hash_calculation" time="0.000" /></testsuite></testsuites>