<?xml version="1.0" encoding="utf-8"?><testsuites name="pytest tests"><testsuite name="pytest" errors="0" failures="0" skipped="0" tests="14" time="0.915" timestamp="2026-01-10T03:37:07.298177+00:00" hostname="agent-env-43754302-e9c3-4ecb-84b1-f29b4cdbd17e"><testcase classname="tests.test_prima_nota_versamenti.TestPrimaNotaVersamenti" name="test_01_api_health_check" time="0.083" /><testcase classname="tests.test_prima_nota_versamenti.TestPrimaNotaVersamenti" name="test_02_prima_nota_cassa_endpoint" time="0.047" /><testcase classname="tests.test_prima_nota_versamenti.TestPrimaNotaVersamenti" name="test_03_prima_nota_banca_endpoint" time="0.093" /><testcase classname="tests.test_prima_nota_versamenti.TestPrimaNotaVersamenti" name="test_04_create_versamento_in_cassa" time="0.103" /><testcase classname="tests.test_prima_nota_versamenti.TestPrimaNotaVersamenti" name="test_05_versamenti_not_in_banca" time="0.045" /><testcase classname="tests.test_prima_nota_versamenti.TestPrimaNotaVersamenti" name="test_06_delete_versamenti_banca_endpoint" time="0.094" /><testcase classname="tests.test_prima_nota_versamenti.TestPrimaNotaVersamenti" name="test_07_delete_versamenti_cassa_endpoint" time="0.095" /><testcase classname="tests.test_prima_nota_versamenti.TestPrimaNotaVersamenti" name="test_08_import_versamenti_automation_endpoint" time="0.056" /><testcase classname="tests.test_prima_nota_versamenti.TestPrimaNotaVersamenti" name="test_09_verify_versamento_tipo_uscita_in_cassa" time="0.043" /><testcase classname="tests.test_prima_nota_versamenti.TestPrimaNotaVersamenti" name="test_10_cassa_avere_section_shows_versamenti" time="0.097" /><testcase classname="tests.test_prima_nota_versamenti.TestPrimaNotaBancaInfo" name="test_01_banca_endpoint_structure" time="0.038" /><testcase classname="tests.test_prima_nota_versamenti.TestPrimaNotaBancaInfo" name="test_02_banca_no_versamenti_after_cleanup" time="0.045" /><testcase classname="tests.test_prima_nota_versamenti.TestRagioneriaApplicataDocument" name="test_01_document_exists" time="0.000" /><testcase classname="tests.test_prima_nota_versamenti.TestRagioneriaApplicataDocument" name="test_02_document_contains_versamento_rules" time="0.000" /></testsuite></testsuites>