<?xml version="1.0" encoding="utf-8"?><testsuites name="pytest tests"><testsuite name="pytest" errors="0" failures="1" skipped="0" tests="13" time="12.354" timestamp="2026-01-22T06:38:37.850466+00:00" hostname="agent-env-601d9604-27cd-4f39-8b65-d883598e90e7"><testcase classname="tests.test_iteration_30_bilancio_iva.TestHealthCheck" name="test_api_health" time="0.081" /><testcase classname="tests.test_iteration_30_bilancio_iva.TestContoEconomico" name="test_conto_economico_anno_2025" time="0.730" /><testcase classname="tests.test_iteration_30_bilancio_iva.TestContoEconomico" name="test_conto_economico_with_month" time="0.726" /><testcase classname="tests.test_iteration_30_bilancio_iva.TestContoEconomico" name="test_conto_economico_statistiche" time="0.733" /><testcase classname="tests.test_iteration_30_bilancio_iva.TestContoEconomico" name="test_conto_economico_dettaglio_iva" time="0.725" /><testcase classname="tests.test_iteration_30_bilancio_iva.TestStatoPatrimoniale" name="test_stato_patrimoniale_anno_2025" time="0.506" /><testcase classname="tests.test_iteration_30_bilancio_iva.TestConfrontoAnnuale" name="test_confronto_annuale_2025_vs_2024" time="2.337" /><testcase classname="tests.test_iteration_30_bilancio_iva.TestLiquidazioneIVA" name="test_liquidazione_iva_gennaio_2025" time="0.978" /><testcase classname="tests.test_iteration_30_bilancio_iva.TestLiquidazioneIVA" name="test_liquidazione_iva_detail_by_aliquota" time="0.406" /><testcase classname="tests.test_iteration_30_bilancio_iva.TestLiquidazioneIVA" name="test_liquidazione_iva_with_credito_precedente" time="0.403" /><testcase classname="tests.test_iteration_30_bilancio_iva.TestLiquidazioneIVA" name="test_liquidazione_iva_invalid_month" time="0.038" /><testcase classname="tests.test_iteration_30_bilancio_iva.TestLiquidazioneIVA" name="test_liquidazione_iva_riepilogo_annuale" time="4.397" /><testcase classname="tests.test_iteration_30_bilancio_iva.TestRiepilogoBilancio" name="test_riepilogo_bilancio" time="0.080"><failure message="assert 520 == 200&#10; +  where 520 = &lt;Response [520]&gt;.status_code">tests/test_iteration_30_bilancio_iva.py:337: in test_riepilogo_bilancio
    assert response.status_code == 200
E   assert 520 == 200
E    +  where 520 = &lt;Response [520]&gt;.status_code</failure></testcase></testsuite></testsuites>