<?xml version="1.0" encoding="utf-8"?><testsuites name="pytest tests"><testsuite name="pytest" errors="0" failures="0" skipped="0" tests="11" time="1.527" timestamp="2026-01-04T07:37:59.056091+00:00" hostname="agent-env-c237dea0-3dab-4fea-be3f-cb7ea28f5acb"><testcase classname="tests.test_excel_exports.TestPrimaNotaExcelExport" name="test_export_excel_entrambi" time="0.461" /><testcase classname="tests.test_excel_exports.TestPrimaNotaExcelExport" name="test_export_excel_cassa_only" time="0.189" /><testcase classname="tests.test_excel_exports.TestPrimaNotaExcelExport" name="test_export_excel_banca_only" time="0.128" /><testcase classname="tests.test_excel_exports.TestPrimaNotaExcelExport" name="test_export_excel_with_date_filter" time="0.130" /><testcase classname="tests.test_excel_exports.TestHACCPTemperatureExcelExport" name="test_export_temperature_frigoriferi" time="0.060" /><testcase classname="tests.test_excel_exports.TestHACCPTemperatureExcelExport" name="test_export_temperature_congelatori" time="0.059" /><testcase classname="tests.test_excel_exports.TestHACCPTemperatureExcelExport" name="test_export_temperature_missing_mese_param" time="0.041" /><testcase classname="tests.test_excel_exports.TestHACCPSanificazioniExcelExport" name="test_export_sanificazioni" time="0.072" /><testcase classname="tests.test_excel_exports.TestHACCPSanificazioniExcelExport" name="test_export_sanificazioni_missing_mese_param" time="0.042" /><testcase classname="tests.test_excel_exports.TestExcelExportDataIntegrity" name="test_prima_nota_export_has_expected_columns" time="0.215" /><testcase classname="tests.test_excel_exports.TestExcelExportDataIntegrity" name="test_haccp_temperature_export_has_expected_columns" time="0.058" /></testsuite></testsuites>