<?xml version="1.0" encoding="utf-8"?><testsuites name="pytest tests"><testsuite name="pytest" errors="0" failures="0" skipped="0" tests="17" time="1.062" timestamp="2026-01-10T10:57:21.219725+00:00" hostname="agent-env-bcaf0c56-700a-41dc-adf2-a532572fde95"><testcase classname="tests.test_haccp_v2_iteration47.TestRicettarioDinamico" name="test_lista_ricette" time="0.107" /><testcase classname="tests.test_haccp_v2_iteration47.TestRicettarioDinamico" name="test_lista_ricette_with_search" time="0.039" /><testcase classname="tests.test_haccp_v2_iteration47.TestRicettarioDinamico" name="test_dettaglio_ricetta" time="0.077" /><testcase classname="tests.test_haccp_v2_iteration47.TestRicettarioDinamico" name="test_tracciabilita_ricetta" time="0.121" /><testcase classname="tests.test_haccp_v2_iteration47.TestNonConformita" name="test_motivi_azioni" time="0.038" /><testcase classname="tests.test_haccp_v2_iteration47.TestNonConformita" name="test_lista_non_conformita" time="0.045" /><testcase classname="tests.test_haccp_v2_iteration47.TestNonConformita" name="test_registra_non_conformita" time="0.088" /><testcase classname="tests.test_haccp_v2_iteration47.TestNonConformita" name="test_scheda_mensile_non_conformita" time="0.077" /><testcase classname="tests.test_haccp_v2_iteration47.TestTemperaturePositive" name="test_scheda_frigorifero" time="0.038" /><testcase classname="tests.test_haccp_v2_iteration47.TestTemperaturePositive" name="test_tutte_schede_frigoriferi" time="0.047" /><testcase classname="tests.test_haccp_v2_iteration47.TestTemperaturePositive" name="test_registra_temperatura" time="0.038" /><testcase classname="tests.test_haccp_v2_iteration47.TestTemperaturePositive" name="test_operatori" time="0.037" /><testcase classname="tests.test_haccp_v2_iteration47.TestTemperatureNegative" name="test_scheda_congelatore" time="0.040" /><testcase classname="tests.test_haccp_v2_iteration47.TestSanificazione" name="test_attrezzature" time="0.034" /><testcase classname="tests.test_haccp_v2_iteration47.TestSanificazione" name="test_scheda_mensile_sanificazione" time="0.039" /><testcase classname="tests.test_haccp_v2_iteration47.TestSanificazione" name="test_registra_sanificazione" time="0.040" /><testcase classname="tests.test_haccp_v2_iteration47.TestHealthCheck" name="test_api_health" time="0.033" /></testsuite></testsuites>