<?xml version="1.0" encoding="utf-8"?><testsuites name="pytest tests"><testsuite name="pytest" errors="0" failures="0" skipped="0" tests="16" time="5.078" timestamp="2026-01-27T05:08:37.627126+00:00" hostname="agent-env-c51575b1-67cc-404d-bd48-64684820884a"><testcase classname="tests.test_iteration_2_features.TestCedoliniBugFix" name="test_riepilogo_mensile_returns_totale_lordo" time="0.222" /><testcase classname="tests.test_iteration_2_features.TestCedoliniBugFix" name="test_riepilogo_mensile_empty_month" time="0.237" /><testcase classname="tests.test_iteration_2_features.TestCedoliniBugFix" name="test_riepilogo_mensile_valid_months" time="0.463" /><testcase classname="tests.test_iteration_2_features.TestSistemaFiscale" name="test_agevolazioni_list" time="0.151" /><testcase classname="tests.test_iteration_2_features.TestSistemaFiscale" name="test_agevolazioni_filter_by_categoria" time="0.179" /><testcase classname="tests.test_iteration_2_features.TestSistemaFiscale" name="test_calendario_fiscale_2025" time="0.157" /><testcase classname="tests.test_iteration_2_features.TestSistemaFiscale" name="test_calendario_scadenze_imminenti" time="0.147" /><testcase classname="tests.test_iteration_2_features.TestSaldiFinaliGiustificativi" name="test_saldi_finali_tutti" time="0.147" /><testcase classname="tests.test_iteration_2_features.TestSaldiFinaliGiustificativi" name="test_saldi_finali_anno_diverso" time="0.151" /><testcase classname="tests.test_iteration_2_features.TestSaldiFinaliGiustificativi" name="test_riepilogo_progressivo_endpoint" time="0.682" /><testcase classname="tests.test_iteration_2_features.TestContabilitaEndpoints" name="test_bilancio_verifica" time="0.040" /><testcase classname="tests.test_iteration_2_features.TestContabilitaEndpoints" name="test_stato_patrimoniale" time="0.269" /><testcase classname="tests.test_iteration_2_features.TestContabilitaEndpoints" name="test_conto_economico" time="0.149" /><testcase classname="tests.test_iteration_2_features.TestContabilitaEndpoints" name="test_cespiti" time="0.148" /><testcase classname="tests.test_iteration_2_features.TestFinanziariaEndpoints" name="test_finanziaria_summary" time="0.969" /><testcase classname="tests.test_iteration_2_features.TestFinanziariaEndpoints" name="test_finanziaria_summary_empty_year" time="0.911" /></testsuite></testsuites>