<?xml version="1.0" encoding="utf-8"?><testsuites name="pytest tests"><testsuite name="pytest" errors="0" failures="1" skipped="0" tests="20" time="10.688" timestamp="2026-01-23T21:19:47.798910+00:00" hostname="agent-env-e645358b-a5e4-4756-9d89-6238b58449db"><testcase classname="tests.test_documenti_mongodb_only.TestDocumentiStatistiche" name="test_statistiche_returns_200" time="1.298" /><testcase classname="tests.test_documenti_mongodb_only.TestDocumentiStatistiche" name="test_statistiche_has_required_fields" time="0.631" /><testcase classname="tests.test_documenti_mongodb_only.TestDocumentiStatistiche" name="test_statistiche_categories_structure" time="0.639" /><testcase classname="tests.test_documenti_mongodb_only.TestDocumentiLista" name="test_lista_returns_200" time="0.761" /><testcase classname="tests.test_documenti_mongodb_only.TestDocumentiLista" name="test_lista_has_required_fields" time="0.591" /><testcase classname="tests.test_documenti_mongodb_only.TestDocumentiLista" name="test_lista_document_structure" time="0.495" /><testcase classname="tests.test_documenti_mongodb_only.TestDocumentiLista" name="test_lista_filter_by_categoria" time="0.605" /><testcase classname="tests.test_documenti_mongodb_only.TestDocumentiLista" name="test_lista_pagination" time="0.509" /><testcase classname="tests.test_documenti_mongodb_only.TestDocumentiCategorie" name="test_categorie_returns_200" time="0.033" /><testcase classname="tests.test_documenti_mongodb_only.TestDocumentiCategorie" name="test_categorie_has_required_fields" time="0.038" /><testcase classname="tests.test_documenti_mongodb_only.TestDocumentiDownload" name="test_download_nonexistent_document_returns_404" time="0.144" /><testcase classname="tests.test_documenti_mongodb_only.TestDocumentiDownload" name="test_download_without_pdf_data_returns_404" time="0.777"><failure message="AssertionError: Error should mention MongoDB/PDF not available: &#10;assert ('MongoDB' in '' or 'PDF non disponibile' in '')">backend/tests/test_documenti_mongodb_only.py:171: in test_download_without_pdf_data_returns_404
    assert "MongoDB" in error_detail or "PDF non disponibile" in error_detail, \
E   AssertionError: Error should mention MongoDB/PDF not available: 
E   assert ('MongoDB' in '' or 'PDF non disponibile' in '')</failure></testcase><testcase classname="tests.test_documenti_mongodb_only.TestDocumentiCambiaCategoria" name="test_cambia_categoria_success" time="1.185" /><testcase classname="tests.test_documenti_mongodb_only.TestDocumentiCambiaCategoria" name="test_cambia_categoria_invalid_category" time="0.567" /><testcase classname="tests.test_documenti_mongodb_only.TestDocumentiCambiaCategoria" name="test_cambia_categoria_nonexistent_document" time="0.149" /><testcase classname="tests.test_documenti_mongodb_only.TestDocumentiElimina" name="test_elimina_nonexistent_document_returns_404" time="0.151" /><testcase classname="tests.test_documenti_mongodb_only.TestDocumentiGetSingolo" name="test_get_documento_success" time="0.634" /><testcase classname="tests.test_documenti_mongodb_only.TestDocumentiGetSingolo" name="test_get_documento_nonexistent_returns_404" time="0.149" /><testcase classname="tests.test_documenti_mongodb_only.TestBackendStartup" name="test_health_check" time="0.041" /><testcase classname="tests.test_documenti_mongodb_only.TestBackendStartup" name="test_documenti_endpoints_accessible" time="1.156" /></testsuite></testsuites>