<?xml version="1.0" encoding="utf-8"?><testsuites name="pytest tests"><testsuite name="pytest" errors="0" failures="0" skipped="0" tests="15" time="1.706" timestamp="2026-01-22T04:18:46.707735+00:00" hostname="agent-env-772d7d2a-ab43-4c9e-8a2b-35d567923497"><testcase classname="tests.test_iteration_28_classificazione.TestDocumentiSmartEndpoints" name="test_get_stats" time="0.433" /><testcase classname="tests.test_iteration_28_classificazione.TestDocumentiSmartEndpoints" name="test_get_rules" time="0.042" /><testcase classname="tests.test_iteration_28_classificazione.TestDocumentiSmartEndpoints" name="test_get_documents" time="0.372" /><testcase classname="tests.test_iteration_28_classificazione.TestDocumentiSmartEndpoints" name="test_get_categories" time="0.038" /><testcase classname="tests.test_iteration_28_classificazione.TestDocumentiSmartEndpoints" name="test_view_document_not_found" time="0.189" /><testcase classname="tests.test_iteration_28_classificazione.TestDocumentiSmartEndpoints" name="test_download_document_not_found" time="0.155" /><testcase classname="tests.test_iteration_28_classificazione.TestDocumentiSmartEndpoints" name="test_test_classify_endpoint" time="0.040" /><testcase classname="tests.test_iteration_28_classificazione.TestDocumentiSmartEndpoints" name="test_test_classify_dimissioni" time="0.037" /><testcase classname="tests.test_iteration_28_classificazione.TestDocumentiSmartEndpoints" name="test_test_classify_f24" time="0.039" /><testcase classname="tests.test_iteration_28_classificazione.TestDocumentiSmartEndpoints" name="test_test_classify_low_confidence" time="0.037" /><testcase classname="tests.test_iteration_28_classificazione.TestFrontendRoutes" name="test_classificazione_email_page" time="0.040" /><testcase classname="tests.test_iteration_28_classificazione.TestFrontendRoutes" name="test_classificazione_email_tab_documenti" time="0.041" /><testcase classname="tests.test_iteration_28_classificazione.TestFrontendRoutes" name="test_classificazione_email_tab_regole" time="0.036" /><testcase classname="tests.test_iteration_28_classificazione.TestFrontendRoutes" name="test_redirect_documenti" time="0.077" /><testcase classname="tests.test_iteration_28_classificazione.TestFrontendRoutes" name="test_redirect_regole_categorizzazione" time="0.040" /></testsuite></testsuites>