<?xml version="1.0" encoding="utf-8"?><testsuites name="pytest tests"><testsuite name="pytest" errors="0" failures="0" skipped="0" tests="7" time="46.577" timestamp="2026-01-24T04:21:01.512940+00:00" hostname="agent-env-4c8225f0-7c81-4663-9548-81a13e34fa5c"><testcase classname="tests.test_learning_machine_p1.TestLearningMachineAPIs" name="test_fornitori_learning_lista_count" time="0.533" /><testcase classname="tests.test_learning_machine_p1.TestLearningMachineAPIs" name="test_fornitori_learning_lista_structure" time="0.278" /><testcase classname="tests.test_learning_machine_p1.TestLearningMachineAPIs" name="test_centri_costo_disponibili" time="0.045" /><testcase classname="tests.test_learning_machine_p1.TestLearningMachineAPIs" name="test_riclassifica_con_keywords" time="44.719" /><testcase classname="tests.test_learning_machine_p1.TestFattureClassificaAPI" name="test_classifica_fattura_success" time="0.485" /><testcase classname="tests.test_learning_machine_p1.TestFattureClassificaAPI" name="test_classifica_fattura_missing_centro_costo" time="0.194" /><testcase classname="tests.test_learning_machine_p1.TestFattureClassificaAPI" name="test_classifica_fattura_not_found" time="0.268" /></testsuite></testsuites>