<?xml version="1.0" encoding="utf-8"?><testsuites name="pytest tests"><testsuite name="pytest" errors="0" failures="0" skipped="0" tests="20" time="1.139" timestamp="2026-01-05T15:09:00.805789+00:00" hostname="agent-env-91790637-b24f-4e09-87fa-4bf70147e754"><testcase classname="tests.test_new_features.TestFinanziariaAPI" name="test_finanziaria_summary_2025" time="0.062" /><testcase classname="tests.test_new_features.TestFinanziariaAPI" name="test_finanziaria_summary_2026" time="0.041" /><testcase classname="tests.test_new_features.TestPrimaNotaAPI" name="test_prima_nota_cassa_list" time="0.043" /><testcase classname="tests.test_new_features.TestPrimaNotaAPI" name="test_prima_nota_banca_list" time="0.037" /><testcase classname="tests.test_new_features.TestPrimaNotaAPI" name="test_prima_nota_anni_disponibili" time="0.038" /><testcase classname="tests.test_new_features.TestPrimaNotaAPI" name="test_prima_nota_salari_list" time="0.041" /><testcase classname="tests.test_new_features.TestPrimaNotaAPI" name="test_prima_nota_salari_create" time="0.036" /><testcase classname="tests.test_new_features.TestIVAAPI" name="test_iva_annual" time="0.094" /><testcase classname="tests.test_new_features.TestIVAAPI" name="test_iva_monthly" time="0.101" /><testcase classname="tests.test_new_features.TestIVAAPI" name="test_iva_today" time="0.037" /><testcase classname="tests.test_new_features.TestIVAAPI" name="test_iva_pdf_trimestrale" time="0.117" /><testcase classname="tests.test_new_features.TestIVAAPI" name="test_iva_pdf_annuale" time="0.094" /><testcase classname="tests.test_new_features.TestDipendentiAPI" name="test_dipendenti_list" time="0.040" /><testcase classname="tests.test_new_features.TestDipendentiAPI" name="test_dipendenti_stats" time="0.047" /><testcase classname="tests.test_new_features.TestDipendentiAPI" name="test_dipendenti_buste_paga" time="0.039" /><testcase classname="tests.test_new_features.TestDipendentiAPI" name="test_dipendenti_create_and_delete" time="0.066" /><testcase classname="tests.test_new_features.TestCorrispettiviAPI" name="test_corrispettivi_list" time="0.036" /><testcase classname="tests.test_new_features.TestCorrispettiviAPI" name="test_corrispettivi_totals" time="0.036" /><testcase classname="tests.test_new_features.TestHealthCheck" name="test_api_health" time="0.034" /><testcase classname="tests.test_new_features.TestHealthCheck" name="test_root_endpoint" time="0.036" /></testsuite></testsuites>