<?xml version="1.0" encoding="utf-8"?><testsuites name="pytest tests"><testsuite name="pytest" errors="0" failures="1" skipped="0" tests="16" time="30.177" timestamp="2026-01-27T05:06:37.878588+00:00" hostname="agent-env-c51575b1-67cc-404d-bd48-64684820884a"><testcase classname="tests.test_iteration_2_features.TestCedoliniBugFix" name="test_riepilogo_mensile_returns_totale_lordo" time="23.841" /><testcase classname="tests.test_iteration_2_features.TestCedoliniBugFix" name="test_riepilogo_mensile_empty_month" time="0.170" /><testcase classname="tests.test_iteration_2_features.TestCedoliniBugFix" name="test_riepilogo_mensile_valid_months" time="1.800" /><testcase classname="tests.test_iteration_2_features.TestSistemaFiscale" name="test_agevolazioni_list" time="0.152" /><testcase classname="tests.test_iteration_2_features.TestSistemaFiscale" name="test_agevolazioni_filter_by_categoria" time="0.150" /><testcase classname="tests.test_iteration_2_features.TestSistemaFiscale" name="test_calendario_fiscale_2025" time="0.153" /><testcase classname="tests.test_iteration_2_features.TestSistemaFiscale" name="test_calendario_scadenze_imminenti" time="0.189"><failure message="AssertionError: Expected 200, got 422: {&quot;error&quot;:&quot;ValidationError&quot;,&quot;message&quot;:&quot;Request validation failed&quot;,&quot;details&quot;:[{&quot;type&quot;:&quot;int_parsing&quot;,&quot;loc&quot;:[&quot;path&quot;,&quot;anno&quot;],&quot;msg&quot;:&quot;Input should be a valid integer, unable to parse string as an integer&quot;,&quot;input&quot;:&quot;scadenze-imminenti&quot;}]}&#10;assert 422 == 200&#10; +  where 422 = &lt;Response [422]&gt;.status_code">backend/tests/test_iteration_2_features.py:142: in test_calendario_scadenze_imminenti
    assert response.status_code == 200, f"Expected 200, got {response.status_code}: {response.text}"
E   AssertionError: Expected 200, got 422: {"error":"ValidationError","message":"Request validation failed","details":[{"type":"int_parsing","loc":["path","anno"],"msg":"Input should be a valid integer, unable to parse string as an integer","input":"scadenze-imminenti"}]}
E   assert 422 == 200
E    +  where 422 = &lt;Response [422]&gt;.status_code</failure></testcase><testcase classname="tests.test_iteration_2_features.TestSaldiFinaliGiustificativi" name="test_saldi_finali_tutti" time="0.149" /><testcase classname="tests.test_iteration_2_features.TestSaldiFinaliGiustificativi" name="test_saldi_finali_anno_diverso" time="0.149" /><testcase classname="tests.test_iteration_2_features.TestSaldiFinaliGiustificativi" name="test_riepilogo_progressivo_endpoint" time="0.887" /><testcase classname="tests.test_iteration_2_features.TestContabilitaEndpoints" name="test_bilancio_verifica" time="0.040" /><testcase classname="tests.test_iteration_2_features.TestContabilitaEndpoints" name="test_stato_patrimoniale" time="0.156" /><testcase classname="tests.test_iteration_2_features.TestContabilitaEndpoints" name="test_conto_economico" time="0.148" /><testcase classname="tests.test_iteration_2_features.TestContabilitaEndpoints" name="test_cespiti" time="0.239" /><testcase classname="tests.test_iteration_2_features.TestFinanziariaEndpoints" name="test_finanziaria_summary" time="0.910" /><testcase classname="tests.test_iteration_2_features.TestFinanziariaEndpoints" name="test_finanziaria_summary_empty_year" time="0.934" /></testsuite></testsuites>