<?xml version="1.0" encoding="utf-8"?><testsuites name="pytest tests"><testsuite name="pytest" errors="0" failures="0" skipped="1" tests="10" time="3.211" timestamp="2026-01-31T06:38:34.025045+00:00" hostname="agent-env-c1306cad-3259-4b91-aca4-e406cbdcddbc"><testcase classname="tests.test_automazione_prima_nota.TestHealthAndBasics" name="test_api_health" time="0.060" /><testcase classname="tests.test_automazione_prima_nota.TestAutomazioneFattureXML" name="test_upload_xml_creates_prima_nota_banca" time="0.857"><skipped type="pytest.skip" message="Fattura già presente - test duplicato">/app/backend/tests/test_automazione_prima_nota.py:138: Fattura già presente - test duplicato</skipped></testcase><testcase classname="tests.test_automazione_prima_nota.TestAutomazioneFattureXML" name="test_fattura_xml_fields_populated" time="0.046" /><testcase classname="tests.test_automazione_prima_nota.TestAutomazioneBustePaga" name="test_cedolini_endpoint_works" time="0.504" /><testcase classname="tests.test_automazione_prima_nota.TestAutomazioneBustePaga" name="test_prima_nota_salari_endpoint_works" time="0.259" /><testcase classname="tests.test_automazione_prima_nota.TestAutomazioneBustePaga" name="test_cedolino_has_prima_nota_link" time="0.380" /><testcase classname="tests.test_automazione_prima_nota.TestPrimaNotaIntegration" name="test_prima_nota_banca_list" time="0.375" /><testcase classname="tests.test_automazione_prima_nota.TestPrimaNotaIntegration" name="test_prima_nota_cassa_list" time="0.373" /><testcase classname="tests.test_automazione_prima_nota.TestPrimaNotaIntegration" name="test_prima_nota_salari_list" time="0.264" /><testcase classname="tests.test_automazione_prima_nota.TestCleanup" name="test_cleanup_test_invoices" time="0.037" /></testsuite></testsuites>