<?xml version="1.0" encoding="utf-8"?><testsuites name="pytest tests"><testsuite name="pytest" errors="0" failures="0" skipped="0" tests="17" time="8.765" timestamp="2026-02-01T10:26:37.349386+00:00" hostname="agent-env-fd34854d-66c9-4c60-91bd-2ec3187c430f"><testcase classname="tests.test_e2e_comprehensive.TestHealthAndCore" name="test_health_endpoint" time="0.076" /><testcase classname="tests.test_e2e_comprehensive.TestHealthAndCore" name="test_dashboard_stats" time="2.725" /><testcase classname="tests.test_e2e_comprehensive.TestPrimaNota" name="test_prima_nota_cassa_list" time="0.573" /><testcase classname="tests.test_e2e_comprehensive.TestPrimaNota" name="test_prima_nota_banca_list" time="0.596" /><testcase classname="tests.test_e2e_comprehensive.TestPrimaNota" name="test_prima_nota_salari_list" time="0.319" /><testcase classname="tests.test_e2e_comprehensive.TestDipendenti" name="test_dipendenti_list" time="0.262" /><testcase classname="tests.test_e2e_comprehensive.TestDipendenti" name="test_cedolini_list" time="0.542" /><testcase classname="tests.test_e2e_comprehensive.TestFatture" name="test_fatture_ricevute_archivio" time="0.308" /><testcase classname="tests.test_e2e_comprehensive.TestFatture" name="test_corrispettivi_list" time="0.153" /><testcase classname="tests.test_e2e_comprehensive.TestFornitori" name="test_fornitori_list" time="0.877" /><testcase classname="tests.test_e2e_comprehensive.TestMagazzino" name="test_magazzino_giacenze" time="1.087" /><testcase classname="tests.test_e2e_comprehensive.TestMagazzino" name="test_inventario" time="0.151" /><testcase classname="tests.test_e2e_comprehensive.TestVerbali" name="test_verbali_dashboard" time="0.505" /><testcase classname="tests.test_e2e_comprehensive.TestVerbali" name="test_verbali_lista" time="0.262" /><testcase classname="tests.test_e2e_comprehensive.TestAutoRepair" name="test_auto_repair_status" time="0.042" /><testcase classname="tests.test_e2e_comprehensive.TestCicloPassivo" name="test_ciclo_passivo_dashboard" time="0.040" /><testcase classname="tests.test_e2e_comprehensive.TestScadenzario" name="test_scadenzario_fornitori" time="0.176" /></testsuite></testsuites>