<?xml version="1.0" encoding="utf-8"?><testsuites name="pytest tests"><testsuite name="pytest" errors="0" failures="0" skipped="0" tests="18" time="171.186" timestamp="2026-01-08T22:10:14.287554+00:00" hostname="agent-env-67499ffc-7ce3-41ad-963f-6e553d225c92"><testcase classname="tests.test_iteration_39_new_features.TestOperazioniDaConfermare" name="test_lista_operazioni" time="0.079" /><testcase classname="tests.test_iteration_39_new_features.TestOperazioniDaConfermare" name="test_lista_operazioni_filtro_stato" time="0.082" /><testcase classname="tests.test_iteration_39_new_features.TestOperazioniDaConfermare" name="test_check_fattura_esistente" time="0.042" /><testcase classname="tests.test_iteration_39_new_features.TestOperazioniDaConfermare" name="test_riconciliazione_batch_dry_run" time="170.090" /><testcase classname="tests.test_iteration_39_new_features.TestGestioneIVASpeciale" name="test_lista_note_credito" time="0.061" /><testcase classname="tests.test_iteration_39_new_features.TestGestioneIVASpeciale" name="test_lista_note_credito_filtro_anno" time="0.045" /><testcase classname="tests.test_iteration_39_new_features.TestGestioneIVASpeciale" name="test_registra_nota_credito" time="0.053" /><testcase classname="tests.test_iteration_39_new_features.TestGestioneIVASpeciale" name="test_riepilogo_iva_rettificato" time="0.094" /><testcase classname="tests.test_iteration_39_new_features.TestGestioneIVASpeciale" name="test_riepilogo_iva_rettificato_con_mese" time="0.082" /><testcase classname="tests.test_iteration_39_new_features.TestGestioneIVASpeciale" name="test_fatture_in_corrispettivi" time="0.050" /><testcase classname="tests.test_iteration_39_new_features.TestGestioneIVASpeciale" name="test_marca_fattura_in_corrispettivo_not_found" time="0.041" /><testcase classname="tests.test_iteration_39_new_features.TestCedoliniEndpoints" name="test_cedolini_lista" time="0.037" /><testcase classname="tests.test_iteration_39_new_features.TestCedoliniEndpoints" name="test_cedolini_riepilogo_mensile" time="0.041" /><testcase classname="tests.test_iteration_39_new_features.TestCespitiEndpoints" name="test_cespiti_lista" time="0.040" /><testcase classname="tests.test_iteration_39_new_features.TestCespitiEndpoints" name="test_cespiti_riepilogo" time="0.080" /><testcase classname="tests.test_iteration_39_new_features.TestTFREndpoints" name="test_tfr_riepilogo_aziendale" time="0.046" /><testcase classname="tests.test_iteration_39_new_features.TestScadenzarioFornitoriEndpoints" name="test_scadenzario_lista" time="0.043" /><testcase classname="tests.test_iteration_39_new_features.TestScadenzarioFornitoriEndpoints" name="test_scadenzario_urgenti" time="0.090" /></testsuite></testsuites>