<?xml version="1.0" encoding="utf-8"?><testsuites name="pytest tests"><testsuite name="pytest" errors="0" failures="0" skipped="0" tests="24" time="32.913" timestamp="2026-01-22T03:11:01.006731+00:00" hostname="agent-env-772d7d2a-ab43-4c9e-8a2b-35d567923497"><testcase classname="tests.test_giustificativi.TestGiustificativiInit" name="test_init_giustificativi_success" time="5.898" /><testcase classname="tests.test_giustificativi.TestGiustificativiList" name="test_get_all_giustificativi" time="0.177" /><testcase classname="tests.test_giustificativi.TestGiustificativiList" name="test_get_giustificativi_by_categoria_ferie" time="0.191" /><testcase classname="tests.test_giustificativi.TestGiustificativiList" name="test_get_giustificativi_by_categoria_permesso" time="0.155" /><testcase classname="tests.test_giustificativi.TestGiustificativiList" name="test_get_giustificativi_by_categoria_malattia" time="0.148" /><testcase classname="tests.test_giustificativi.TestGiustificativiList" name="test_verify_standard_codes_exist" time="0.153" /><testcase classname="tests.test_giustificativi.TestGiustificativiDipendente" name="test_get_giustificativi_dipendente" time="11.634" /><testcase classname="tests.test_giustificativi.TestGiustificativiDipendente" name="test_get_giustificativi_dipendente_not_found" time="0.171" /><testcase classname="tests.test_giustificativi.TestValidazioneGiustificativo" name="test_valida_giustificativo_ok" time="0.971" /><testcase classname="tests.test_giustificativi.TestValidazioneGiustificativo" name="test_valida_giustificativo_limite_mensile_superato" time="0.967" /><testcase classname="tests.test_giustificativi.TestValidazioneGiustificativo" name="test_valida_giustificativo_codice_non_trovato" time="0.416" /><testcase classname="tests.test_giustificativi.TestValidazioneGiustificativo" name="test_valida_giustificativo_missing_fields" time="0.041" /><testcase classname="tests.test_giustificativi.TestValidazioneGiustificativo" name="test_valida_giustificativo_limite_annuale_check" time="0.971" /><testcase classname="tests.test_giustificativi.TestSaldoFerie" name="test_get_saldo_ferie" time="2.315" /><testcase classname="tests.test_giustificativi.TestSaldoFerie" name="test_get_saldo_ferie_not_found" time="0.176" /><testcase classname="tests.test_giustificativi.TestSaldoFerie" name="test_get_saldo_ferie_different_year" time="7.126" /><testcase classname="tests.test_giustificativi.TestGiustificativiLimiti" name="test_verify_fer_limits" time="0.197" /><testcase classname="tests.test_giustificativi.TestGiustificativiLimiti" name="test_verify_rol_limits" time="0.146" /><testcase classname="tests.test_giustificativi.TestGiustificativiLimiti" name="test_verify_per_limits" time="0.149" /><testcase classname="tests.test_giustificativi.TestGiustificativiLimiti" name="test_verify_l104_limits" time="0.149" /><testcase classname="tests.test_giustificativi.TestGiustificativiLimiti" name="test_verify_ai_limits" time="0.149" /><testcase classname="tests.test_giustificativi.TestGiustificativiCategorie" name="test_categorie_complete" time="0.181" /><testcase classname="tests.test_giustificativi.TestGiustificativiCategorie" name="test_categoria_congedo" time="0.149" /><testcase classname="tests.test_giustificativi.TestGiustificativiCategorie" name="test_categoria_lavoro" time="0.150" /></testsuite></testsuites>