<?xml version="1.0" encoding="utf-8"?><testsuites name="pytest tests"><testsuite name="pytest" errors="0" failures="0" skipped="0" tests="26" time="28.065" timestamp="2026-01-21T19:25:36.400511+00:00" hostname="agent-env-3fa4a5fe-8832-44d7-a0c1-f82baebc963b"><testcase classname="tests.test_riconciliazione_intelligente_api.TestRiconciliazioneIntelligenteDashboard" name="test_dashboard_returns_success" time="2.181" /><testcase classname="tests.test_riconciliazione_intelligente_api.TestRiconciliazioneIntelligenteDashboard" name="test_dashboard_has_conteggi" time="2.045" /><testcase classname="tests.test_riconciliazione_intelligente_api.TestRiconciliazioneIntelligenteDashboard" name="test_dashboard_has_fatture_lists" time="2.050" /><testcase classname="tests.test_riconciliazione_intelligente_api.TestRiconciliazioneIntelligenteDashboard" name="test_dashboard_fatture_normalized_fields" time="2.079" /><testcase classname="tests.test_riconciliazione_intelligente_api.TestRiconciliazioneIntelligenteDashboard" name="test_dashboard_has_ultima_data_estratto" time="2.054" /><testcase classname="tests.test_riconciliazione_intelligente_api.TestConfermaPagamento" name="test_conferma_pagamento_missing_fattura_id" time="0.079" /><testcase classname="tests.test_riconciliazione_intelligente_api.TestConfermaPagamento" name="test_conferma_pagamento_invalid_metodo" time="0.043" /><testcase classname="tests.test_riconciliazione_intelligente_api.TestConfermaPagamento" name="test_conferma_pagamento_fattura_not_found" time="0.160" /><testcase classname="tests.test_riconciliazione_intelligente_api.TestConfermaPagamento" name="test_conferma_pagamento_cassa_success" time="2.950" /><testcase classname="tests.test_riconciliazione_intelligente_api.TestApplicaSpostamento" name="test_applica_spostamento_missing_fattura_id" time="0.041" /><testcase classname="tests.test_riconciliazione_intelligente_api.TestApplicaSpostamento" name="test_applica_spostamento_missing_movimento_id_on_conferma" time="0.042" /><testcase classname="tests.test_riconciliazione_intelligente_api.TestApplicaSpostamento" name="test_applica_spostamento_fattura_not_found" time="0.158" /><testcase classname="tests.test_riconciliazione_intelligente_api.TestRianalizza" name="test_rianalizza_returns_success" time="3.595" /><testcase classname="tests.test_riconciliazione_intelligente_api.TestRianalizza" name="test_rianalizza_has_required_fields" time="3.595" /><testcase classname="tests.test_riconciliazione_intelligente_api.TestStatoEstratto" name="test_stato_estratto_returns_success" time="0.540" /><testcase classname="tests.test_riconciliazione_intelligente_api.TestStatoEstratto" name="test_stato_estratto_has_required_fields" time="0.525" /><testcase classname="tests.test_riconciliazione_intelligente_api.TestLockManuale" name="test_lock_manuale_missing_fattura_id" time="0.041" /><testcase classname="tests.test_riconciliazione_intelligente_api.TestLockManuale" name="test_lock_manuale_fattura_not_found" time="0.172" /><testcase classname="tests.test_riconciliazione_intelligente_api.TestMigraFattureLegacy" name="test_migra_fatture_legacy_returns_success" time="0.926" /><testcase classname="tests.test_riconciliazione_intelligente_api.TestMigraFattureLegacy" name="test_migra_fatture_legacy_has_required_fields" time="0.936" /><testcase classname="tests.test_riconciliazione_intelligente_api.TestStatistiche" name="test_statistiche_returns_success" time="1.383" /><testcase classname="tests.test_riconciliazione_intelligente_api.TestStatistiche" name="test_statistiche_has_required_fields" time="1.404" /><testcase classname="tests.test_riconciliazione_intelligente_api.TestFattureDaConfermare" name="test_fatture_da_confermare_returns_success" time="0.331" /><testcase classname="tests.test_riconciliazione_intelligente_api.TestFattureDaConfermare" name="test_fatture_da_confermare_with_limit" time="0.311" /><testcase classname="tests.test_riconciliazione_intelligente_api.TestSpostamentiProposti" name="test_spostamenti_proposti_returns_success" time="0.163" /><testcase classname="tests.test_riconciliazione_intelligente_api.TestAnomalie" name="test_anomalie_returns_success" time="0.160" /></testsuite></testsuites>