<?xml version="1.0" encoding="utf-8"?><testsuites name="pytest tests"><testsuite name="pytest" errors="0" failures="0" skipped="0" tests="12" time="1.443" timestamp="2026-01-09T09:05:14.927389+00:00" hostname="agent-env-8c8aef44-374a-4bef-8fb3-d16c2151cbc1"><testcase classname="tests.test_dipendenti_detail_modal.TestDipendentiAPI" name="test_01_list_dipendenti" time="0.076" /><testcase classname="tests.test_dipendenti_detail_modal.TestDipendentiAPI" name="test_02_get_dipendente_detail" time="0.086" /><testcase classname="tests.test_dipendenti_detail_modal.TestDipendentiAPI" name="test_03_create_dipendente_with_retribuzione" time="0.086" /><testcase classname="tests.test_dipendenti_detail_modal.TestDipendentiAPI" name="test_04_update_retribuzione_fields" time="0.186" /><testcase classname="tests.test_dipendenti_detail_modal.TestDipendentiAPI" name="test_05_update_progressivi_fields" time="0.226" /><testcase classname="tests.test_dipendenti_detail_modal.TestDipendentiAPI" name="test_06_update_agevolazioni" time="0.154" /><testcase classname="tests.test_dipendenti_detail_modal.TestDipendentiAPI" name="test_07_full_employee_update" time="0.142" /><testcase classname="tests.test_dipendenti_detail_modal.TestDipendentiAPI" name="test_08_delete_dipendente" time="0.110" /><testcase classname="tests.test_dipendenti_detail_modal.TestDipendentiStats" name="test_get_stats" time="0.040" /><testcase classname="tests.test_dipendenti_detail_modal.TestDipendentiStats" name="test_get_mansioni" time="0.038" /><testcase classname="tests.test_dipendenti_detail_modal.TestDipendentiStats" name="test_get_tipi_contratto" time="0.035" /><testcase classname="tests.test_dipendenti_detail_modal.TestExistingEmployeeUpdate" name="test_update_existing_employee_retribuzione" time="0.144" /></testsuite></testsuites>