<?xml version="1.0" encoding="utf-8"?><testsuites name="pytest tests"><testsuite name="pytest" errors="0" failures="1" skipped="1" tests="27" time="18.433" timestamp="2026-01-28T03:59:38.058225+00:00" hostname="agent-env-e24106ca-d56c-41da-b2cd-991160c102f9"><testcase classname="tests.test_erp_functional.TestDashboardBilancio" name="test_bilancio_istantaneo_endpoint_exists" time="4.231" /><testcase classname="tests.test_erp_functional.TestDashboardBilancio" name="test_bilancio_calcolo_utile_lordo" time="2.179" /><testcase classname="tests.test_erp_functional.TestDashboardBilancio" name="test_bilancio_iva_saldo" time="0.627" /><testcase classname="tests.test_erp_functional.TestCorrispettivi" name="test_corrispettivi_endpoint_exists" time="0.287" /><testcase classname="tests.test_erp_functional.TestCorrispettivi" name="test_corrispettivi_calcolo_iva" time="0.151" /><testcase classname="tests.test_erp_functional.TestCorrispettivi" name="test_corrispettivi_totals" time="0.151" /><testcase classname="tests.test_erp_functional.TestAssegni" name="test_assegni_endpoint_exists" time="0.830" /><testcase classname="tests.test_erp_functional.TestAssegni" name="test_assegni_emessi_hanno_beneficiario" time="0.150" /><testcase classname="tests.test_erp_functional.TestAssegni" name="test_assegni_incassati_hanno_fattura" time="0.244" /><testcase classname="tests.test_erp_functional.TestAssegni" name="test_assegni_stats" time="0.265" /><testcase classname="tests.test_erp_functional.TestCedolini" name="test_cedolini_endpoint_exists" time="0.153"><failure message="AssertionError: Endpoint cedolini non risponde: 520&#10;assert 520 == 200&#10; +  where 520 = &lt;Response [520]&gt;.status_code">backend/tests/test_erp_functional.py:209: in test_cedolini_endpoint_exists
    assert response.status_code == 200, f"Endpoint cedolini non risponde: {response.status_code}"
E   AssertionError: Endpoint cedolini non risponde: 520
E   assert 520 == 200
E    +  where 520 = &lt;Response [520]&gt;.status_code</failure></testcase><testcase classname="tests.test_erp_functional.TestCedolini" name="test_cedolini_hanno_dati_validi" time="0.471" /><testcase classname="tests.test_erp_functional.TestCedolini" name="test_cedolini_calcolo_netto" time="0.261" /><testcase classname="tests.test_erp_functional.TestCedolini" name="test_cedolini_riepilogo_mensile" time="0.189" /><testcase classname="tests.test_erp_functional.TestPrimaNota" name="test_prima_nota_stats_endpoint" time="0.361" /><testcase classname="tests.test_erp_functional.TestPrimaNota" name="test_prima_nota_saldo_cassa" time="0.258" /><testcase classname="tests.test_erp_functional.TestPrimaNota" name="test_prima_nota_saldo_banca" time="0.259" /><testcase classname="tests.test_erp_functional.TestFatture" name="test_fatture_endpoint_exists" time="3.867" /><testcase classname="tests.test_erp_functional.TestFatture" name="test_fatture_hanno_dati_obbligatori" time="0.524" /><testcase classname="tests.test_erp_functional.TestMagazzino" name="test_magazzino_products_endpoint" time="0.073" /><testcase classname="tests.test_erp_functional.TestMagazzino" name="test_magazzino_doppia_verita" time="0.450"><skipped type="pytest.skip" message="Nessun prodotto in magazzino">/app/backend/tests/test_erp_functional.py:428: Nessun prodotto in magazzino</skipped></testcase><testcase classname="tests.test_erp_functional.TestDipendentiCedolini" name="test_dipendenti_endpoint_exists" time="0.154" /><testcase classname="tests.test_erp_functional.TestDipendentiCedolini" name="test_coerenza_dipendenti_cedolini" time="0.556" /><testcase classname="tests.test_erp_functional.TestEndpointsHealth" name="test_dashboard_summary" time="0.162" /><testcase classname="tests.test_erp_functional.TestEndpointsHealth" name="test_dashboard_trend_mensile" time="0.270" /><testcase classname="tests.test_erp_functional.TestEndpointsHealth" name="test_suppliers_endpoint" time="0.843" /><testcase classname="tests.test_erp_functional.TestEndpointsHealth" name="test_employees_endpoint" time="0.308" /></testsuite></testsuites>