<?xml version="1.0" encoding="utf-8"?><testsuites name="pytest tests"><testsuite name="pytest" errors="0" failures="2" skipped="0" tests="15" time="1.752" timestamp="2026-01-22T04:18:08.788525+00:00" hostname="agent-env-772d7d2a-ab43-4c9e-8a2b-35d567923497"><testcase classname="tests.test_iteration_28_classificazione.TestDocumentiSmartEndpoints" name="test_get_stats" time="0.463" /><testcase classname="tests.test_iteration_28_classificazione.TestDocumentiSmartEndpoints" name="test_get_rules" time="0.043" /><testcase classname="tests.test_iteration_28_classificazione.TestDocumentiSmartEndpoints" name="test_get_documents" time="0.376" /><testcase classname="tests.test_iteration_28_classificazione.TestDocumentiSmartEndpoints" name="test_get_categories" time="0.049" /><testcase classname="tests.test_iteration_28_classificazione.TestDocumentiSmartEndpoints" name="test_view_document_not_found" time="0.154" /><testcase classname="tests.test_iteration_28_classificazione.TestDocumentiSmartEndpoints" name="test_download_document_not_found" time="0.154" /><testcase classname="tests.test_iteration_28_classificazione.TestDocumentiSmartEndpoints" name="test_test_classify_endpoint" time="0.043" /><testcase classname="tests.test_iteration_28_classificazione.TestDocumentiSmartEndpoints" name="test_test_classify_dimissioni" time="0.039" /><testcase classname="tests.test_iteration_28_classificazione.TestDocumentiSmartEndpoints" name="test_test_classify_f24" time="0.045" /><testcase classname="tests.test_iteration_28_classificazione.TestDocumentiSmartEndpoints" name="test_test_classify_unmatched" time="0.042"><failure message="assert True == False">tests/test_iteration_28_classificazione.py:175: in test_test_classify_unmatched
    assert data["classified"] == False
E   assert True == False</failure></testcase><testcase classname="tests.test_iteration_28_classificazione.TestFrontendRoutes" name="test_classificazione_email_page" time="0.039"><failure message="assert ('Classificazione' in '&lt;!doctype html&gt;\n&lt;html lang=&quot;it&quot;&gt;\n  &lt;head&gt;\n    &lt;script type=&quot;module&quot;&gt;import { injectIntoGlobalHook } from &quot;/@react-refresh&quot;;\ninjectIntoGlobalHook(window);\nwindow.$RefreshReg$ = () =&gt; {};\nwindow.$RefreshSig$ = () =&gt; (type) =&gt; type;&lt;/script&gt;\n\n    &lt;script type=&quot;module&quot; src=&quot;/@vite/client&quot;&gt;&lt;/script&gt;\n\n    &lt;meta charset=&quot;UTF-8&quot; /&gt;\n    &lt;meta name=&quot;viewport&quot; content=&quot;width=device-width, initial-scale=1.0&quot; /&gt;\n    &lt;title&gt;Azienda Semplice&lt;/title&gt;\n  &lt;/head&gt;\n  &lt;body&gt;\n    &lt;div id=&quot;root&quot;&gt;&lt;/div&gt;\n    &lt;div id=&quot;portal-root&quot;&gt;&lt;/div&gt;\n    &lt;script type=&quot;module&quot; src=&quot;/src/main.jsx?t=1769055217147&quot;&gt;&lt;/script&gt;\n  &lt;/body&gt;\n&lt;/html&gt;\n' or 'classificazione' in '&lt;!doctype html&gt;\n&lt;html lang=&quot;it&quot;&gt;\n  &lt;head&gt;\n    &lt;script type=&quot;module&quot;&gt;import { injectIntoGlobalHook } from &quot;/@react-refresh&quot;;\ninjectIntoGlobalHook(window);\nwindow.$RefreshReg$ = () =&gt; {};\nwindow.$RefreshSig$ = () =&gt; (type) =&gt; type;&lt;/script&gt;\n\n    &lt;script type=&quot;module&quot; src=&quot;/@vite/client&quot;&gt;&lt;/script&gt;\n\n    &lt;meta charset=&quot;UTF-8&quot; /&gt;\n    &lt;meta name=&quot;viewport&quot; content=&quot;width=device-width, initial-scale=1.0&quot; /&gt;\n    &lt;title&gt;Azienda Semplice&lt;/title&gt;\n  &lt;/head&gt;\n  &lt;body&gt;\n    &lt;div id=&quot;root&quot;&gt;&lt;/div&gt;\n    &lt;div id=&quot;portal-root&quot;&gt;&lt;/div&gt;\n    &lt;script type=&quot;module&quot; src=&quot;/src/main.jsx?t=1769055217147&quot;&gt;&lt;/script&gt;\n  &lt;/body&gt;\n&lt;/html&gt;\n')&#10; +  where '&lt;!doctype html&gt;\n&lt;html lang=&quot;it&quot;&gt;\n  &lt;head&gt;\n    &lt;script type=&quot;module&quot;&gt;import { injectIntoGlobalHook } from &quot;/@react-refresh&quot;;\ninjectIntoGlobalHook(window);\nwindow.$RefreshReg$ = () =&gt; {};\nwindow.$RefreshSig$ = () =&gt; (type) =&gt; type;&lt;/script&gt;\n\n    &lt;script type=&quot;module&quot; src=&quot;/@vite/client&quot;&gt;&lt;/script&gt;\n\n    &lt;meta charset=&quot;UTF-8&quot; /&gt;\n    &lt;meta name=&quot;viewport&quot; content=&quot;width=device-width, initial-scale=1.0&quot; /&gt;\n    &lt;title&gt;Azienda Semplice&lt;/title&gt;\n  &lt;/head&gt;\n  &lt;body&gt;\n    &lt;div id=&quot;root&quot;&gt;&lt;/div&gt;\n    &lt;div id=&quot;portal-root&quot;&gt;&lt;/div&gt;\n    &lt;script type=&quot;module&quot; src=&quot;/src/main.jsx?t=1769055217147&quot;&gt;&lt;/script&gt;\n  &lt;/body&gt;\n&lt;/html&gt;\n' = &lt;Response [200]&gt;.text&#10; +  and   '&lt;!doctype html&gt;\n&lt;html lang=&quot;it&quot;&gt;\n  &lt;head&gt;\n    &lt;script type=&quot;module&quot;&gt;import { injectIntoGlobalHook } from &quot;/@react-refresh&quot;;\ninjectIntoGlobalHook(window);\nwindow.$RefreshReg$ = () =&gt; {};\nwindow.$RefreshSig$ = () =&gt; (type) =&gt; type;&lt;/script&gt;\n\n    &lt;script type=&quot;module&quot; src=&quot;/@vite/client&quot;&gt;&lt;/script&gt;\n\n    &lt;meta charset=&quot;UTF-8&quot; /&gt;\n    &lt;meta name=&quot;viewport&quot; content=&quot;width=device-width, initial-scale=1.0&quot; /&gt;\n    &lt;title&gt;Azienda Semplice&lt;/title&gt;\n  &lt;/head&gt;\n  &lt;body&gt;\n    &lt;div id=&quot;root&quot;&gt;&lt;/div&gt;\n    &lt;div id=&quot;portal-root&quot;&gt;&lt;/div&gt;\n    &lt;script type=&quot;module&quot; src=&quot;/src/main.jsx?t=1769055217147&quot;&gt;&lt;/script&gt;\n  &lt;/body&gt;\n&lt;/html&gt;\n' = &lt;Response [200]&gt;.text">tests/test_iteration_28_classificazione.py:187: in test_classificazione_email_page
    assert "Classificazione" in response.text or "classificazione" in response.text
E   assert ('Classificazione' in '&lt;!doctype html&gt;\n&lt;html lang="it"&gt;\n  &lt;head&gt;\n    &lt;script type="module"&gt;import { injectIntoGlobalHook } from "/@react-refresh";\ninjectIntoGlobalHook(window);\nwindow.$RefreshReg$ = () =&gt; {};\nwindow.$RefreshSig$ = () =&gt; (type) =&gt; type;&lt;/script&gt;\n\n    &lt;script type="module" src="/@vite/client"&gt;&lt;/script&gt;\n\n    &lt;meta charset="UTF-8" /&gt;\n    &lt;meta name="viewport" content="width=device-width, initial-scale=1.0" /&gt;\n    &lt;title&gt;Azienda Semplice&lt;/title&gt;\n  &lt;/head&gt;\n  &lt;body&gt;\n    &lt;div id="root"&gt;&lt;/div&gt;\n    &lt;div id="portal-root"&gt;&lt;/div&gt;\n    &lt;script type="module" src="/src/main.jsx?t=1769055217147"&gt;&lt;/script&gt;\n  &lt;/body&gt;\n&lt;/html&gt;\n' or 'classificazione' in '&lt;!doctype html&gt;\n&lt;html lang="it"&gt;\n  &lt;head&gt;\n    &lt;script type="module"&gt;import { injectIntoGlobalHook } from "/@react-refresh";\ninjectIntoGlobalHook(window);\nwindow.$RefreshReg$ = () =&gt; {};\nwindow.$RefreshSig$ = () =&gt; (type) =&gt; type;&lt;/script&gt;\n\n    &lt;script type="module" src="/@vite/client"&gt;&lt;/script&gt;\n\n    &lt;meta charset="UTF-8" /&gt;\n    &lt;meta name="viewport" content="width=device-width, initial-scale=1.0" /&gt;\n    &lt;title&gt;Azienda Semplice&lt;/title&gt;\n  &lt;/head&gt;\n  &lt;body&gt;\n    &lt;div id="root"&gt;&lt;/div&gt;\n    &lt;div id="portal-root"&gt;&lt;/div&gt;\n    &lt;script type="module" src="/src/main.jsx?t=1769055217147"&gt;&lt;/script&gt;\n  &lt;/body&gt;\n&lt;/html&gt;\n')
E    +  where '&lt;!doctype html&gt;\n&lt;html lang="it"&gt;\n  &lt;head&gt;\n    &lt;script type="module"&gt;import { injectIntoGlobalHook } from "/@react-refresh";\ninjectIntoGlobalHook(window);\nwindow.$RefreshReg$ = () =&gt; {};\nwindow.$RefreshSig$ = () =&gt; (type) =&gt; type;&lt;/script&gt;\n\n    &lt;script type="module" src="/@vite/client"&gt;&lt;/script&gt;\n\n    &lt;meta charset="UTF-8" /&gt;\n    &lt;meta name="viewport" content="width=device-width, initial-scale=1.0" /&gt;\n    &lt;title&gt;Azienda Semplice&lt;/title&gt;\n  &lt;/head&gt;\n  &lt;body&gt;\n    &lt;div id="root"&gt;&lt;/div&gt;\n    &lt;div id="portal-root"&gt;&lt;/div&gt;\n    &lt;script type="module" src="/src/main.jsx?t=1769055217147"&gt;&lt;/script&gt;\n  &lt;/body&gt;\n&lt;/html&gt;\n' = &lt;Response [200]&gt;.text
E    +  and   '&lt;!doctype html&gt;\n&lt;html lang="it"&gt;\n  &lt;head&gt;\n    &lt;script type="module"&gt;import { injectIntoGlobalHook } from "/@react-refresh";\ninjectIntoGlobalHook(window);\nwindow.$RefreshReg$ = () =&gt; {};\nwindow.$RefreshSig$ = () =&gt; (type) =&gt; type;&lt;/script&gt;\n\n    &lt;script type="module" src="/@vite/client"&gt;&lt;/script&gt;\n\n    &lt;meta charset="UTF-8" /&gt;\n    &lt;meta name="viewport" content="width=device-width, initial-scale=1.0" /&gt;\n    &lt;title&gt;Azienda Semplice&lt;/title&gt;\n  &lt;/head&gt;\n  &lt;body&gt;\n    &lt;div id="root"&gt;&lt;/div&gt;\n    &lt;div id="portal-root"&gt;&lt;/div&gt;\n    &lt;script type="module" src="/src/main.jsx?t=1769055217147"&gt;&lt;/script&gt;\n  &lt;/body&gt;\n&lt;/html&gt;\n' = &lt;Response [200]&gt;.text</failure></testcase><testcase classname="tests.test_iteration_28_classificazione.TestFrontendRoutes" name="test_classificazione_email_tab_documenti" time="0.039" /><testcase classname="tests.test_iteration_28_classificazione.TestFrontendRoutes" name="test_classificazione_email_tab_regole" time="0.045" /><testcase classname="tests.test_iteration_28_classificazione.TestFrontendRoutes" name="test_redirect_documenti" time="0.077" /><testcase classname="tests.test_iteration_28_classificazione.TestFrontendRoutes" name="test_redirect_regole_categorizzazione" time="0.039" /></testsuite></testsuites>