<?xml version="1.0" encoding="utf-8"?><testsuites name="pytest tests"><testsuite name="pytest" errors="0" failures="0" skipped="3" tests="13" time="0.564" timestamp="2026-01-06T19:08:19.615736+00:00" hostname="agent-env-de948501-a7c1-4a8d-a110-8da05df78cc1"><testcase classname="tests.test_iteration_31_features.TestAssegniBugFix" name="test_assegni_returns_filtered_list" time="0.059" /><testcase classname="tests.test_iteration_31_features.TestAssegniBugFix" name="test_assegni_no_deleted_status" time="0.041" /><testcase classname="tests.test_iteration_31_features.TestHACCPAuth" name="test_haccp_login_valid_code" time="0.039" /><testcase classname="tests.test_iteration_31_features.TestHACCPAuth" name="test_haccp_login_invalid_code" time="0.037" /><testcase classname="tests.test_iteration_31_features.TestHACCPAuth" name="test_haccp_login_empty_code" time="0.045" /><testcase classname="tests.test_iteration_31_features.TestHACCPAuth" name="test_haccp_verify_session" time="0.041" /><testcase classname="tests.test_iteration_31_features.TestF24ZipUpload" name="test_f24_zip_upload_endpoint_exists" time="0.037"><skipped type="pytest.skip" message="Authentication required for this test">/app/tests/test_iteration_31_features.py:125: Authentication required for this test</skipped></testcase><testcase classname="tests.test_iteration_31_features.TestF24ZipUpload" name="test_f24_zip_upload_rejects_non_zip" time="0.040"><skipped type="pytest.skip" message="Authentication required for this test">/app/tests/test_iteration_31_features.py:144: Authentication required for this test</skipped></testcase><testcase classname="tests.test_iteration_31_features.TestF24ZipUpload" name="test_f24_documents_list" time="0.036"><skipped type="pytest.skip" message="Authentication required for this test">/app/tests/test_iteration_31_features.py:158: Authentication required for this test</skipped></testcase><testcase classname="tests.test_iteration_31_features.TestF24PublicEndpoints" name="test_f24_public_alerts" time="0.041" /><testcase classname="tests.test_iteration_31_features.TestF24PublicEndpoints" name="test_f24_public_dashboard" time="0.036" /><testcase classname="tests.test_iteration_31_features.TestF24PublicEndpoints" name="test_f24_models_list" time="0.043" /><testcase classname="tests.test_iteration_31_features.TestF24ZipDuplicateDetection" name="test_sha256_hash_calculation" time="0.000" /></testsuite></testsuites>