<?xml version="1.0" encoding="utf-8"?><testsuites name="pytest tests"><testsuite name="pytest" errors="0" failures="0" skipped="0" tests="34" time="8.701" timestamp="2026-01-21T20:28:54.569282+00:00" hostname="agent-env-3fa4a5fe-8832-44d7-a0c1-f82baebc963b"><testcase classname="tests.test_iteration_23_attendance_accounting.TestAttendanceDashboard" name="test_dashboard_presenze_returns_200" time="0.462" /><testcase classname="tests.test_iteration_23_attendance_accounting.TestAttendanceDashboard" name="test_dashboard_presenze_structure" time="0.399" /><testcase classname="tests.test_iteration_23_attendance_accounting.TestAttendanceDashboard" name="test_dashboard_presenze_with_date" time="0.390" /><testcase classname="tests.test_iteration_23_attendance_accounting.TestAttendanceDashboard" name="test_dashboard_presenze_lists" time="0.432" /><testcase classname="tests.test_iteration_23_attendance_accounting.TestTimbratura" name="test_timbratura_requires_employee_id" time="0.016" /><testcase classname="tests.test_iteration_23_attendance_accounting.TestTimbratura" name="test_timbratura_requires_valid_tipo" time="0.299" /><testcase classname="tests.test_iteration_23_attendance_accounting.TestTimbratura" name="test_timbratura_entrata_success" time="0.274" /><testcase classname="tests.test_iteration_23_attendance_accounting.TestTimbratura" name="test_timbratura_uscita_success" time="0.494" /><testcase classname="tests.test_iteration_23_attendance_accounting.TestTimbratura" name="test_timbratura_invalid_employee" time="0.127" /><testcase classname="tests.test_iteration_23_attendance_accounting.TestRichiestaAssenza" name="test_richiesta_assenza_requires_fields" time="0.016" /><testcase classname="tests.test_iteration_23_attendance_accounting.TestRichiestaAssenza" name="test_richiesta_assenza_success" time="0.393" /><testcase classname="tests.test_iteration_23_attendance_accounting.TestRichiestaAssenza" name="test_richiesta_assenza_invalid_dates" time="0.131" /><testcase classname="tests.test_iteration_23_attendance_accounting.TestRichiestePending" name="test_richieste_pending_returns_200" time="0.136" /><testcase classname="tests.test_iteration_23_attendance_accounting.TestRichiestePending" name="test_richieste_pending_structure" time="0.138" /><testcase classname="tests.test_iteration_23_attendance_accounting.TestApprovaRichiesta" name="test_approva_invalid_id" time="0.129" /><testcase classname="tests.test_iteration_23_attendance_accounting.TestAccountingEngineStatistiche" name="test_statistiche_contabili_returns_200" time="0.599" /><testcase classname="tests.test_iteration_23_attendance_accounting.TestAccountingEngineStatistiche" name="test_statistiche_contabili_structure" time="0.611" /><testcase classname="tests.test_iteration_23_attendance_accounting.TestPianoConti" name="test_piano_conti_returns_200" time="0.010" /><testcase classname="tests.test_iteration_23_attendance_accounting.TestPianoConti" name="test_piano_conti_structure" time="0.018" /><testcase classname="tests.test_iteration_23_attendance_accounting.TestRegoleContabili" name="test_regole_contabili_returns_200" time="0.010" /><testcase classname="tests.test_iteration_23_attendance_accounting.TestRegoleContabili" name="test_regole_contabili_structure" time="0.010" /><testcase classname="tests.test_iteration_23_attendance_accounting.TestBilancioVerifica" name="test_bilancio_verifica_returns_200" time="0.169" /><testcase classname="tests.test_iteration_23_attendance_accounting.TestBilancioVerifica" name="test_bilancio_verifica_structure" time="0.167" /><testcase classname="tests.test_iteration_23_attendance_accounting.TestPagamentoParziale" name="test_pagamento_parziale_requires_fields" time="0.015" /><testcase classname="tests.test_iteration_23_attendance_accounting.TestPagamentoParziale" name="test_pagamento_parziale_invalid_fattura" time="0.129" /><testcase classname="tests.test_iteration_23_attendance_accounting.TestPagamentoParziale" name="test_pagamento_parziale_invalid_metodo" time="0.324" /><testcase classname="tests.test_iteration_23_attendance_accounting.TestApplicaNotaCredito" name="test_applica_nc_requires_fattura_id" time="0.130" /><testcase classname="tests.test_iteration_23_attendance_accounting.TestApplicaNotaCredito" name="test_applica_nc_invalid_fattura" time="0.172" /><testcase classname="tests.test_iteration_23_attendance_accounting.TestPagamentoConSconto" name="test_pagamento_sconto_requires_fields" time="0.012" /><testcase classname="tests.test_iteration_23_attendance_accounting.TestPagamentoConSconto" name="test_pagamento_sconto_invalid_fattura" time="0.137" /><testcase classname="tests.test_iteration_23_attendance_accounting.TestPagamentoConSconto" name="test_pagamento_sconto_invalid_metodo" time="0.012" /><testcase classname="tests.test_iteration_23_attendance_accounting.TestEmployeesEndpoint" name="test_employees_returns_200" time="0.743" /><testcase classname="tests.test_iteration_23_attendance_accounting.TestEmployeesEndpoint" name="test_employees_returns_list" time="0.748" /><testcase classname="tests.test_iteration_23_attendance_accounting.TestEmployeesEndpoint" name="test_employees_count" time="0.745" /></testsuite></testsuites>