<?xml version="1.0" encoding="utf-8"?><testsuites name="pytest tests"><testsuite name="pytest" errors="0" failures="13" skipped="0" tests="25" time="11.693" timestamp="2026-01-22T02:37:00.378648+00:00" hostname="agent-env-772d7d2a-ab43-4c9e-8a2b-35d567923497"><testcase classname="tests.test_riconciliazione_fase3.TestRiconciliazioneFase3" name="test_assegni_multipli_endpoint_exists" time="0.084" /><testcase classname="tests.test_riconciliazione_fase3.TestRiconciliazioneFase3" name="test_assegni_multipli_validation_fattura_required" time="0.043"><failure message="AssertionError: assert ('fattura_id' in '' or 'obbligatorio' in '')&#10; +  where '' = &lt;built-in method lower of str object at 0xf827175c1188&gt;()&#10; +    where &lt;built-in method lower of str object at 0xf827175c1188&gt; = ''.lower&#10; +      where '' = &lt;built-in method get of dict object at 0xf8271505ca00&gt;('detail', '')&#10; +        where &lt;built-in method get of dict object at 0xf8271505ca00&gt; = {'error': 'HTTPException', 'message': 'fattura_id obbligatorio'}.get&#10; +  and   '' = &lt;built-in method lower of str object at 0xf827175c1188&gt;()&#10; +    where &lt;built-in method lower of str object at 0xf827175c1188&gt; = ''.lower&#10; +      where '' = &lt;built-in method get of dict object at 0xf8271505ca00&gt;('detail', '')&#10; +        where &lt;built-in method get of dict object at 0xf8271505ca00&gt; = {'error': 'HTTPException', 'message': 'fattura_id obbligatorio'}.get">tests/test_riconciliazione_fase3.py:60: in test_assegni_multipli_validation_fattura_required
    assert "fattura_id" in data.get("detail", "").lower() or "obbligatorio" in data.get("detail", "").lower()
E   AssertionError: assert ('fattura_id' in '' or 'obbligatorio' in '')
E    +  where '' = &lt;built-in method lower of str object at 0xf827175c1188&gt;()
E    +    where &lt;built-in method lower of str object at 0xf827175c1188&gt; = ''.lower
E    +      where '' = &lt;built-in method get of dict object at 0xf8271505ca00&gt;('detail', '')
E    +        where &lt;built-in method get of dict object at 0xf8271505ca00&gt; = {'error': 'HTTPException', 'message': 'fattura_id obbligatorio'}.get
E    +  and   '' = &lt;built-in method lower of str object at 0xf827175c1188&gt;()
E    +    where &lt;built-in method lower of str object at 0xf827175c1188&gt; = ''.lower
E    +      where '' = &lt;built-in method get of dict object at 0xf8271505ca00&gt;('detail', '')
E    +        where &lt;built-in method get of dict object at 0xf8271505ca00&gt; = {'error': 'HTTPException', 'message': 'fattura_id obbligatorio'}.get</failure></testcase><testcase classname="tests.test_riconciliazione_fase3.TestRiconciliazioneFase3" name="test_assegni_multipli_validation_assegni_required" time="0.061"><failure message="AssertionError: assert 'assegno' in ''&#10; +  where '' = &lt;built-in method lower of str object at 0xf827175c1188&gt;()&#10; +    where &lt;built-in method lower of str object at 0xf827175c1188&gt; = ''.lower&#10; +      where '' = &lt;built-in method get of dict object at 0xf827148e7280&gt;('detail', '')&#10; +        where &lt;built-in method get of dict object at 0xf827148e7280&gt; = {'error': 'HTTPException', 'message': 'Specificare almeno un assegno'}.get">tests/test_riconciliazione_fase3.py:72: in test_assegni_multipli_validation_assegni_required
    assert "assegno" in data.get("detail", "").lower()
E   AssertionError: assert 'assegno' in ''
E    +  where '' = &lt;built-in method lower of str object at 0xf827175c1188&gt;()
E    +    where &lt;built-in method lower of str object at 0xf827175c1188&gt; = ''.lower
E    +      where '' = &lt;built-in method get of dict object at 0xf827148e7280&gt;('detail', '')
E    +        where &lt;built-in method get of dict object at 0xf827148e7280&gt; = {'error': 'HTTPException', 'message': 'Specificare almeno un assegno'}.get</failure></testcase><testcase classname="tests.test_riconciliazione_fase3.TestRiconciliazioneFase3" name="test_assegni_multipli_fattura_not_found" time="0.155"><failure message="AssertionError: assert 'non trovata' in ''&#10; +  where '' = &lt;built-in method lower of str object at 0xf827175c1188&gt;()&#10; +    where &lt;built-in method lower of str object at 0xf827175c1188&gt; = ''.lower&#10; +      where '' = &lt;built-in method get of dict object at 0xf827148f88c0&gt;('detail', '')&#10; +        where &lt;built-in method get of dict object at 0xf827148f88c0&gt; = {'error': 'HTTPException', 'message': 'Fattura non trovata'}.get">tests/test_riconciliazione_fase3.py:84: in test_assegni_multipli_fattura_not_found
    assert "non trovata" in data.get("detail", "").lower()
E   AssertionError: assert 'non trovata' in ''
E    +  where '' = &lt;built-in method lower of str object at 0xf827175c1188&gt;()
E    +    where &lt;built-in method lower of str object at 0xf827175c1188&gt; = ''.lower
E    +      where '' = &lt;built-in method get of dict object at 0xf827148f88c0&gt;('detail', '')
E    +        where &lt;built-in method get of dict object at 0xf827148f88c0&gt; = {'error': 'HTTPException', 'message': 'Fattura non trovata'}.get</failure></testcase><testcase classname="tests.test_riconciliazione_fase3.TestRiconciliazioneFase3" name="test_assegni_multipli_with_real_fattura" time="0.784" /><testcase classname="tests.test_riconciliazione_fase3.TestRiconciliazioneFase3" name="test_arrotondamento_endpoint_exists" time="0.038" /><testcase classname="tests.test_riconciliazione_fase3.TestRiconciliazioneFase3" name="test_arrotondamento_validation_required_fields" time="0.038"><failure message="AssertionError: assert ('obbligatori' in '' or 'importo' in '')&#10; +  where '' = &lt;built-in method lower of str object at 0xf827175c1188&gt;()&#10; +    where &lt;built-in method lower of str object at 0xf827175c1188&gt; = ''.lower&#10; +      where '' = &lt;built-in method get of dict object at 0xf827148fbcc0&gt;('detail', '')&#10; +        where &lt;built-in method get of dict object at 0xf827148fbcc0&gt; = {'error': 'HTTPException', 'message': 'fattura_id, importo_pagato e metodo (cassa/banca) obbligatori'}.get&#10; +  and   '' = &lt;built-in method lower of str object at 0xf827175c1188&gt;()&#10; +    where &lt;built-in method lower of str object at 0xf827175c1188&gt; = ''.lower&#10; +      where '' = &lt;built-in method get of dict object at 0xf827148fbcc0&gt;('detail', '')&#10; +        where &lt;built-in method get of dict object at 0xf827148fbcc0&gt; = {'error': 'HTTPException', 'message': 'fattura_id, importo_pagato e metodo (cassa/banca) obbligatori'}.get">tests/test_riconciliazione_fase3.py:149: in test_arrotondamento_validation_required_fields
    assert "obbligatori" in data.get("detail", "").lower() or "importo" in data.get("detail", "").lower()
E   AssertionError: assert ('obbligatori' in '' or 'importo' in '')
E    +  where '' = &lt;built-in method lower of str object at 0xf827175c1188&gt;()
E    +    where &lt;built-in method lower of str object at 0xf827175c1188&gt; = ''.lower
E    +      where '' = &lt;built-in method get of dict object at 0xf827148fbcc0&gt;('detail', '')
E    +        where &lt;built-in method get of dict object at 0xf827148fbcc0&gt; = {'error': 'HTTPException', 'message': 'fattura_id, importo_pagato e metodo (cassa/banca) obbligatori'}.get
E    +  and   '' = &lt;built-in method lower of str object at 0xf827175c1188&gt;()
E    +    where &lt;built-in method lower of str object at 0xf827175c1188&gt; = ''.lower
E    +      where '' = &lt;built-in method get of dict object at 0xf827148fbcc0&gt;('detail', '')
E    +        where &lt;built-in method get of dict object at 0xf827148fbcc0&gt; = {'error': 'HTTPException', 'message': 'fattura_id, importo_pagato e metodo (cassa/banca) obbligatori'}.get</failure></testcase><testcase classname="tests.test_riconciliazione_fase3.TestRiconciliazioneFase3" name="test_arrotondamento_validation_metodo" time="0.040"><failure message="AssertionError: assert ('cassa' in '' or 'banca' in '')&#10; +  where '' = &lt;built-in method lower of str object at 0xf827175c1188&gt;()&#10; +    where &lt;built-in method lower of str object at 0xf827175c1188&gt; = ''.lower&#10; +      where '' = &lt;built-in method get of dict object at 0xf82714906c00&gt;('detail', '')&#10; +        where &lt;built-in method get of dict object at 0xf82714906c00&gt; = {'error': 'HTTPException', 'message': 'fattura_id, importo_pagato e metodo (cassa/banca) obbligatori'}.get&#10; +  and   '' = &lt;built-in method lower of str object at 0xf827175c1188&gt;()&#10; +    where &lt;built-in method lower of str object at 0xf827175c1188&gt; = ''.lower&#10; +      where '' = &lt;built-in method get of dict object at 0xf82714906c00&gt;('detail', '')&#10; +        where &lt;built-in method get of dict object at 0xf82714906c00&gt; = {'error': 'HTTPException', 'message': 'fattura_id, importo_pagato e metodo (cassa/banca) obbligatori'}.get">tests/test_riconciliazione_fase3.py:162: in test_arrotondamento_validation_metodo
    assert "cassa" in data.get("detail", "").lower() or "banca" in data.get("detail", "").lower()
E   AssertionError: assert ('cassa' in '' or 'banca' in '')
E    +  where '' = &lt;built-in method lower of str object at 0xf827175c1188&gt;()
E    +    where &lt;built-in method lower of str object at 0xf827175c1188&gt; = ''.lower
E    +      where '' = &lt;built-in method get of dict object at 0xf82714906c00&gt;('detail', '')
E    +        where &lt;built-in method get of dict object at 0xf82714906c00&gt; = {'error': 'HTTPException', 'message': 'fattura_id, importo_pagato e metodo (cassa/banca) obbligatori'}.get
E    +  and   '' = &lt;built-in method lower of str object at 0xf827175c1188&gt;()
E    +    where &lt;built-in method lower of str object at 0xf827175c1188&gt; = ''.lower
E    +      where '' = &lt;built-in method get of dict object at 0xf82714906c00&gt;('detail', '')
E    +        where &lt;built-in method get of dict object at 0xf82714906c00&gt; = {'error': 'HTTPException', 'message': 'fattura_id, importo_pagato e metodo (cassa/banca) obbligatori'}.get</failure></testcase><testcase classname="tests.test_riconciliazione_fase3.TestRiconciliazioneFase3" name="test_arrotondamento_fattura_not_found" time="0.152"><failure message="AssertionError: assert 'non trovata' in ''&#10; +  where '' = &lt;built-in method lower of str object at 0xf827175c1188&gt;()&#10; +    where &lt;built-in method lower of str object at 0xf827175c1188&gt; = ''.lower&#10; +      where '' = &lt;built-in method get of dict object at 0xf82714915100&gt;('detail', '')&#10; +        where &lt;built-in method get of dict object at 0xf82714915100&gt; = {'error': 'HTTPException', 'message': 'Fattura non trovata'}.get">tests/test_riconciliazione_fase3.py:175: in test_arrotondamento_fattura_not_found
    assert "non trovata" in data.get("detail", "").lower()
E   AssertionError: assert 'non trovata' in ''
E    +  where '' = &lt;built-in method lower of str object at 0xf827175c1188&gt;()
E    +    where &lt;built-in method lower of str object at 0xf827175c1188&gt; = ''.lower
E    +      where '' = &lt;built-in method get of dict object at 0xf82714915100&gt;('detail', '')
E    +        where &lt;built-in method get of dict object at 0xf82714915100&gt; = {'error': 'HTTPException', 'message': 'Fattura non trovata'}.get</failure></testcase><testcase classname="tests.test_riconciliazione_fase3.TestRiconciliazioneFase3" name="test_arrotondamento_tolleranza_default" time="0.615" /><testcase classname="tests.test_riconciliazione_fase3.TestRiconciliazioneFase3" name="test_arrotondamento_supera_tolleranza" time="0.277"><failure message="AssertionError: assert ('supera' in '' or 'tolleranza' in '')&#10; +  where '' = &lt;built-in method lower of str object at 0xf827175c1188&gt;()&#10; +    where &lt;built-in method lower of str object at 0xf827175c1188&gt; = ''.lower&#10; +      where '' = &lt;built-in method get of dict object at 0xf827148c6640&gt;('detail', '')&#10; +        where &lt;built-in method get of dict object at 0xf827148c6640&gt; = {'error': 'HTTPException', 'message': 'Differenza €10.00 supera tolleranza €1.00'}.get&#10; +  and   '' = &lt;built-in method lower of str object at 0xf827175c1188&gt;()&#10; +    where &lt;built-in method lower of str object at 0xf827175c1188&gt; = ''.lower&#10; +      where '' = &lt;built-in method get of dict object at 0xf827148c6640&gt;('detail', '')&#10; +        where &lt;built-in method get of dict object at 0xf827148c6640&gt; = {'error': 'HTTPException', 'message': 'Differenza €10.00 supera tolleranza €1.00'}.get">tests/test_riconciliazione_fase3.py:235: in test_arrotondamento_supera_tolleranza
    assert "supera" in data.get("detail", "").lower() or "tolleranza" in data.get("detail", "").lower()
E   AssertionError: assert ('supera' in '' or 'tolleranza' in '')
E    +  where '' = &lt;built-in method lower of str object at 0xf827175c1188&gt;()
E    +    where &lt;built-in method lower of str object at 0xf827175c1188&gt; = ''.lower
E    +      where '' = &lt;built-in method get of dict object at 0xf827148c6640&gt;('detail', '')
E    +        where &lt;built-in method get of dict object at 0xf827148c6640&gt; = {'error': 'HTTPException', 'message': 'Differenza €10.00 supera tolleranza €1.00'}.get
E    +  and   '' = &lt;built-in method lower of str object at 0xf827175c1188&gt;()
E    +    where &lt;built-in method lower of str object at 0xf827175c1188&gt; = ''.lower
E    +      where '' = &lt;built-in method get of dict object at 0xf827148c6640&gt;('detail', '')
E    +        where &lt;built-in method get of dict object at 0xf827148c6640&gt; = {'error': 'HTTPException', 'message': 'Differenza €10.00 supera tolleranza €1.00'}.get</failure></testcase><testcase classname="tests.test_riconciliazione_fase3.TestRiconciliazioneFase3" name="test_pagamento_anticipato_endpoint_exists" time="0.039" /><testcase classname="tests.test_riconciliazione_fase3.TestRiconciliazioneFase3" name="test_pagamento_anticipato_validation_importo" time="0.038"><failure message="AssertionError: assert ('importo' in '' or 'zero' in '')&#10; +  where '' = &lt;built-in method lower of str object at 0xf827175c1188&gt;()&#10; +    where &lt;built-in method lower of str object at 0xf827175c1188&gt; = ''.lower&#10; +      where '' = &lt;built-in method get of dict object at 0xf827149130c0&gt;('detail', '')&#10; +        where &lt;built-in method get of dict object at 0xf827149130c0&gt; = {'error': 'HTTPException', 'message': 'importo deve essere maggiore di zero'}.get&#10; +  and   '' = &lt;built-in method lower of str object at 0xf827175c1188&gt;()&#10; +    where &lt;built-in method lower of str object at 0xf827175c1188&gt; = ''.lower&#10; +      where '' = &lt;built-in method get of dict object at 0xf827149130c0&gt;('detail', '')&#10; +        where &lt;built-in method get of dict object at 0xf827149130c0&gt; = {'error': 'HTTPException', 'message': 'importo deve essere maggiore di zero'}.get">tests/test_riconciliazione_fase3.py:261: in test_pagamento_anticipato_validation_importo
    assert "importo" in data.get("detail", "").lower() or "zero" in data.get("detail", "").lower()
E   AssertionError: assert ('importo' in '' or 'zero' in '')
E    +  where '' = &lt;built-in method lower of str object at 0xf827175c1188&gt;()
E    +    where &lt;built-in method lower of str object at 0xf827175c1188&gt; = ''.lower
E    +      where '' = &lt;built-in method get of dict object at 0xf827149130c0&gt;('detail', '')
E    +        where &lt;built-in method get of dict object at 0xf827149130c0&gt; = {'error': 'HTTPException', 'message': 'importo deve essere maggiore di zero'}.get
E    +  and   '' = &lt;built-in method lower of str object at 0xf827175c1188&gt;()
E    +    where &lt;built-in method lower of str object at 0xf827175c1188&gt; = ''.lower
E    +      where '' = &lt;built-in method get of dict object at 0xf827149130c0&gt;('detail', '')
E    +        where &lt;built-in method get of dict object at 0xf827149130c0&gt; = {'error': 'HTTPException', 'message': 'importo deve essere maggiore di zero'}.get</failure></testcase><testcase classname="tests.test_riconciliazione_fase3.TestRiconciliazioneFase3" name="test_pagamento_anticipato_validation_metodo" time="0.038"><failure message="assert ('cassa' in '' or 'banca' in '')&#10; +  where '' = &lt;built-in method lower of str object at 0xf827175c1188&gt;()&#10; +    where &lt;built-in method lower of str object at 0xf827175c1188&gt; = ''.lower&#10; +      where '' = &lt;built-in method get of dict object at 0xf8271491f9c0&gt;('detail', '')&#10; +        where &lt;built-in method get of dict object at 0xf8271491f9c0&gt; = {'error': 'HTTPException', 'message': &quot;metodo deve essere 'cassa' o 'banca'&quot;}.get&#10; +  and   '' = &lt;built-in method lower of str object at 0xf827175c1188&gt;()&#10; +    where &lt;built-in method lower of str object at 0xf827175c1188&gt; = ''.lower&#10; +      where '' = &lt;built-in method get of dict object at 0xf8271491f9c0&gt;('detail', '')&#10; +        where &lt;built-in method get of dict object at 0xf8271491f9c0&gt; = {'error': 'HTTPException', 'message': &quot;metodo deve essere 'cassa' o 'banca'&quot;}.get">tests/test_riconciliazione_fase3.py:274: in test_pagamento_anticipato_validation_metodo
    assert "cassa" in data.get("detail", "").lower() or "banca" in data.get("detail", "").lower()
E   assert ('cassa' in '' or 'banca' in '')
E    +  where '' = &lt;built-in method lower of str object at 0xf827175c1188&gt;()
E    +    where &lt;built-in method lower of str object at 0xf827175c1188&gt; = ''.lower
E    +      where '' = &lt;built-in method get of dict object at 0xf8271491f9c0&gt;('detail', '')
E    +        where &lt;built-in method get of dict object at 0xf8271491f9c0&gt; = {'error': 'HTTPException', 'message': "metodo deve essere 'cassa' o 'banca'"}.get
E    +  and   '' = &lt;built-in method lower of str object at 0xf827175c1188&gt;()
E    +    where &lt;built-in method lower of str object at 0xf827175c1188&gt; = ''.lower
E    +      where '' = &lt;built-in method get of dict object at 0xf8271491f9c0&gt;('detail', '')
E    +        where &lt;built-in method get of dict object at 0xf8271491f9c0&gt; = {'error': 'HTTPException', 'message': "metodo deve essere 'cassa' o 'banca'"}.get</failure></testcase><testcase classname="tests.test_riconciliazione_fase3.TestRiconciliazioneFase3" name="test_pagamento_anticipato_create" time="0.269" /><testcase classname="tests.test_riconciliazione_fase3.TestRiconciliazioneFase3" name="test_get_pagamenti_anticipati" time="0.154" /><testcase classname="tests.test_riconciliazione_fase3.TestRiconciliazioneFase3" name="test_cerca_pagamenti_anticipati_validation" time="0.039"><failure message="AssertionError: assert 'fattura_id' in ''&#10; +  where '' = &lt;built-in method lower of str object at 0xf827175c1188&gt;()&#10; +    where &lt;built-in method lower of str object at 0xf827175c1188&gt; = ''.lower&#10; +      where '' = &lt;built-in method get of dict object at 0xf827148d7a40&gt;('detail', '')&#10; +        where &lt;built-in method get of dict object at 0xf827148d7a40&gt; = {'error': 'HTTPException', 'message': 'fattura_id obbligatorio'}.get">tests/test_riconciliazione_fase3.py:331: in test_cerca_pagamenti_anticipati_validation
    assert "fattura_id" in data.get("detail", "").lower()
E   AssertionError: assert 'fattura_id' in ''
E    +  where '' = &lt;built-in method lower of str object at 0xf827175c1188&gt;()
E    +    where &lt;built-in method lower of str object at 0xf827175c1188&gt; = ''.lower
E    +      where '' = &lt;built-in method get of dict object at 0xf827148d7a40&gt;('detail', '')
E    +        where &lt;built-in method get of dict object at 0xf827148d7a40&gt; = {'error': 'HTTPException', 'message': 'fattura_id obbligatorio'}.get</failure></testcase><testcase classname="tests.test_riconciliazione_fase3.TestRiconciliazioneFase3" name="test_cerca_pagamenti_anticipati_fattura_not_found" time="0.157"><failure message="assert 200 == 400&#10; +  where 200 = &lt;Response [200]&gt;.status_code">tests/test_riconciliazione_fase3.py:339: in test_cerca_pagamenti_anticipati_fattura_not_found
    assert response.status_code == 400
E   assert 200 == 400
E    +  where 200 = &lt;Response [200]&gt;.status_code</failure></testcase><testcase classname="tests.test_riconciliazione_fase3.TestRiconciliazioneFase3" name="test_collega_pagamento_anticipato_validation" time="0.042"><failure message="AssertionError: assert ('fattura_id' in '' or 'obbligatori' in '')&#10; +  where '' = &lt;built-in method lower of str object at 0xf827175c1188&gt;()&#10; +    where &lt;built-in method lower of str object at 0xf827175c1188&gt; = ''.lower&#10; +      where '' = &lt;built-in method get of dict object at 0xf82714760880&gt;('detail', '')&#10; +        where &lt;built-in method get of dict object at 0xf82714760880&gt; = {'error': 'HTTPException', 'message': 'pagamento_anticipato_id e fattura_id obbligatori'}.get&#10; +  and   '' = &lt;built-in method lower of str object at 0xf827175c1188&gt;()&#10; +    where &lt;built-in method lower of str object at 0xf827175c1188&gt; = ''.lower&#10; +      where '' = &lt;built-in method get of dict object at 0xf82714760880&gt;('detail', '')&#10; +        where &lt;built-in method get of dict object at 0xf82714760880&gt; = {'error': 'HTTPException', 'message': 'pagamento_anticipato_id e fattura_id obbligatori'}.get">tests/test_riconciliazione_fase3.py:354: in test_collega_pagamento_anticipato_validation
    assert "fattura_id" in data.get("detail", "").lower() or "obbligatori" in data.get("detail", "").lower()
E   AssertionError: assert ('fattura_id' in '' or 'obbligatori' in '')
E    +  where '' = &lt;built-in method lower of str object at 0xf827175c1188&gt;()
E    +    where &lt;built-in method lower of str object at 0xf827175c1188&gt; = ''.lower
E    +      where '' = &lt;built-in method get of dict object at 0xf82714760880&gt;('detail', '')
E    +        where &lt;built-in method get of dict object at 0xf82714760880&gt; = {'error': 'HTTPException', 'message': 'pagamento_anticipato_id e fattura_id obbligatori'}.get
E    +  and   '' = &lt;built-in method lower of str object at 0xf827175c1188&gt;()
E    +    where &lt;built-in method lower of str object at 0xf827175c1188&gt; = ''.lower
E    +      where '' = &lt;built-in method get of dict object at 0xf82714760880&gt;('detail', '')
E    +        where &lt;built-in method get of dict object at 0xf82714760880&gt; = {'error': 'HTTPException', 'message': 'pagamento_anticipato_id e fattura_id obbligatori'}.get</failure></testcase><testcase classname="tests.test_riconciliazione_fase3.TestRiconciliazioneFase3" name="test_collega_pagamento_anticipato_not_found" time="0.150"><failure message="AssertionError: assert ('non trovato' in '' or 'non trovata' in '')&#10; +  where '' = &lt;built-in method lower of str object at 0xf827175c1188&gt;()&#10; +    where &lt;built-in method lower of str object at 0xf827175c1188&gt; = ''.lower&#10; +      where '' = &lt;built-in method get of dict object at 0xf8271476c9c0&gt;('detail', '')&#10; +        where &lt;built-in method get of dict object at 0xf8271476c9c0&gt; = {'error': 'HTTPException', 'message': 'Pagamento anticipato non trovato'}.get&#10; +  and   '' = &lt;built-in method lower of str object at 0xf827175c1188&gt;()&#10; +    where &lt;built-in method lower of str object at 0xf827175c1188&gt; = ''.lower&#10; +      where '' = &lt;built-in method get of dict object at 0xf8271476c9c0&gt;('detail', '')&#10; +        where &lt;built-in method get of dict object at 0xf8271476c9c0&gt; = {'error': 'HTTPException', 'message': 'Pagamento anticipato non trovato'}.get">tests/test_riconciliazione_fase3.py:367: in test_collega_pagamento_anticipato_not_found
    assert "non trovato" in data.get("detail", "").lower() or "non trovata" in data.get("detail", "").lower()
E   AssertionError: assert ('non trovato' in '' or 'non trovata' in '')
E    +  where '' = &lt;built-in method lower of str object at 0xf827175c1188&gt;()
E    +    where &lt;built-in method lower of str object at 0xf827175c1188&gt; = ''.lower
E    +      where '' = &lt;built-in method get of dict object at 0xf8271476c9c0&gt;('detail', '')
E    +        where &lt;built-in method get of dict object at 0xf8271476c9c0&gt; = {'error': 'HTTPException', 'message': 'Pagamento anticipato non trovato'}.get
E    +  and   '' = &lt;built-in method lower of str object at 0xf827175c1188&gt;()
E    +    where &lt;built-in method lower of str object at 0xf827175c1188&gt; = ''.lower
E    +      where '' = &lt;built-in method get of dict object at 0xf8271476c9c0&gt;('detail', '')
E    +        where &lt;built-in method get of dict object at 0xf8271476c9c0&gt; = {'error': 'HTTPException', 'message': 'Pagamento anticipato non trovato'}.get</failure></testcase><testcase classname="tests.test_riconciliazione_fase3.TestRiconciliazioneFase3" name="test_collection_assegni_exists" time="2.263" /><testcase classname="tests.test_riconciliazione_fase3.TestRiconciliazioneFase3" name="test_collection_pagamenti_anticipati_exists" time="0.345" /><testcase classname="tests.test_riconciliazione_fase3.TestRiconciliazioneFase3" name="test_e2e_pagamento_anticipato_flow" time="0.753" /><testcase classname="tests.test_riconciliazione_fase3.TestRiconciliazioneFase3Statistiche" name="test_dashboard_includes_new_states" time="2.692" /><testcase classname="tests.test_riconciliazione_fase3.TestRiconciliazioneFase3Statistiche" name="test_statistiche_endpoint" time="2.233" /></testsuite></testsuites>