<?xml version="1.0" encoding="utf-8"?><testsuites name="pytest tests"><testsuite name="pytest" errors="0" failures="1" skipped="0" tests="26" time="28.580" timestamp="2026-01-21T19:23:40.225940+00:00" hostname="agent-env-3fa4a5fe-8832-44d7-a0c1-f82baebc963b"><testcase classname="tests.test_riconciliazione_intelligente_api.TestRiconciliazioneIntelligenteDashboard" name="test_dashboard_returns_success" time="2.247" /><testcase classname="tests.test_riconciliazione_intelligente_api.TestRiconciliazioneIntelligenteDashboard" name="test_dashboard_has_conteggi" time="2.208" /><testcase classname="tests.test_riconciliazione_intelligente_api.TestRiconciliazioneIntelligenteDashboard" name="test_dashboard_has_fatture_lists" time="2.209" /><testcase classname="tests.test_riconciliazione_intelligente_api.TestRiconciliazioneIntelligenteDashboard" name="test_dashboard_fatture_normalized_fields" time="2.265" /><testcase classname="tests.test_riconciliazione_intelligente_api.TestRiconciliazioneIntelligenteDashboard" name="test_dashboard_has_ultima_data_estratto" time="2.221" /><testcase classname="tests.test_riconciliazione_intelligente_api.TestConfermaPagamento" name="test_conferma_pagamento_missing_fattura_id" time="0.039" /><testcase classname="tests.test_riconciliazione_intelligente_api.TestConfermaPagamento" name="test_conferma_pagamento_invalid_metodo" time="0.042" /><testcase classname="tests.test_riconciliazione_intelligente_api.TestConfermaPagamento" name="test_conferma_pagamento_fattura_not_found" time="0.160"><failure message="AssertionError: assert 'non trovata' in ''&#10; +  where '' = &lt;built-in method lower of str object at 0xfe3845251188&gt;()&#10; +    where &lt;built-in method lower of str object at 0xfe3845251188&gt; = ''.lower&#10; +      where '' = &lt;built-in method get of dict object at 0xfe3842cc0780&gt;('detail', '')&#10; +        where &lt;built-in method get of dict object at 0xfe3842cc0780&gt; = {'error': 'HTTPException', 'message': 'Fattura non trovata'}.get">tests/test_riconciliazione_intelligente_api.py:128: in test_conferma_pagamento_fattura_not_found
    assert "non trovata" in data.get("detail", "").lower()
E   AssertionError: assert 'non trovata' in ''
E    +  where '' = &lt;built-in method lower of str object at 0xfe3845251188&gt;()
E    +    where &lt;built-in method lower of str object at 0xfe3845251188&gt; = ''.lower
E    +      where '' = &lt;built-in method get of dict object at 0xfe3842cc0780&gt;('detail', '')
E    +        where &lt;built-in method get of dict object at 0xfe3842cc0780&gt; = {'error': 'HTTPException', 'message': 'Fattura non trovata'}.get</failure></testcase><testcase classname="tests.test_riconciliazione_intelligente_api.TestConfermaPagamento" name="test_conferma_pagamento_cassa_success" time="3.076" /><testcase classname="tests.test_riconciliazione_intelligente_api.TestApplicaSpostamento" name="test_applica_spostamento_missing_fattura_id" time="0.042" /><testcase classname="tests.test_riconciliazione_intelligente_api.TestApplicaSpostamento" name="test_applica_spostamento_missing_movimento_id_on_conferma" time="0.039" /><testcase classname="tests.test_riconciliazione_intelligente_api.TestApplicaSpostamento" name="test_applica_spostamento_fattura_not_found" time="0.158" /><testcase classname="tests.test_riconciliazione_intelligente_api.TestRianalizza" name="test_rianalizza_returns_success" time="3.392" /><testcase classname="tests.test_riconciliazione_intelligente_api.TestRianalizza" name="test_rianalizza_has_required_fields" time="3.384" /><testcase classname="tests.test_riconciliazione_intelligente_api.TestStatoEstratto" name="test_stato_estratto_returns_success" time="0.555" /><testcase classname="tests.test_riconciliazione_intelligente_api.TestStatoEstratto" name="test_stato_estratto_has_required_fields" time="0.538" /><testcase classname="tests.test_riconciliazione_intelligente_api.TestLockManuale" name="test_lock_manuale_missing_fattura_id" time="0.037" /><testcase classname="tests.test_riconciliazione_intelligente_api.TestLockManuale" name="test_lock_manuale_fattura_not_found" time="0.162" /><testcase classname="tests.test_riconciliazione_intelligente_api.TestMigraFattureLegacy" name="test_migra_fatture_legacy_returns_success" time="0.928" /><testcase classname="tests.test_riconciliazione_intelligente_api.TestMigraFattureLegacy" name="test_migra_fatture_legacy_has_required_fields" time="0.929" /><testcase classname="tests.test_riconciliazione_intelligente_api.TestStatistiche" name="test_statistiche_returns_success" time="1.396" /><testcase classname="tests.test_riconciliazione_intelligente_api.TestStatistiche" name="test_statistiche_has_required_fields" time="1.396" /><testcase classname="tests.test_riconciliazione_intelligente_api.TestFattureDaConfermare" name="test_fatture_da_confermare_returns_success" time="0.317" /><testcase classname="tests.test_riconciliazione_intelligente_api.TestFattureDaConfermare" name="test_fatture_da_confermare_with_limit" time="0.299" /><testcase classname="tests.test_riconciliazione_intelligente_api.TestSpostamentiProposti" name="test_spostamenti_proposti_returns_success" time="0.166" /><testcase classname="tests.test_riconciliazione_intelligente_api.TestAnomalie" name="test_anomalie_returns_success" time="0.162" /></testsuite></testsuites>