<?xml version="1.0" encoding="utf-8"?><testsuites name="pytest tests"><testsuite name="pytest" errors="0" failures="0" skipped="0" tests="20" time="10.525" timestamp="2026-01-23T21:20:23.725838+00:00" hostname="agent-env-e645358b-a5e4-4756-9d89-6238b58449db"><testcase classname="tests.test_documenti_mongodb_only.TestDocumentiStatistiche" name="test_statistiche_returns_200" time="1.234" /><testcase classname="tests.test_documenti_mongodb_only.TestDocumentiStatistiche" name="test_statistiche_has_required_fields" time="0.688" /><testcase classname="tests.test_documenti_mongodb_only.TestDocumentiStatistiche" name="test_statistiche_categories_structure" time="0.639" /><testcase classname="tests.test_documenti_mongodb_only.TestDocumentiLista" name="test_lista_returns_200" time="0.704" /><testcase classname="tests.test_documenti_mongodb_only.TestDocumentiLista" name="test_lista_has_required_fields" time="0.588" /><testcase classname="tests.test_documenti_mongodb_only.TestDocumentiLista" name="test_lista_document_structure" time="0.474" /><testcase classname="tests.test_documenti_mongodb_only.TestDocumentiLista" name="test_lista_filter_by_categoria" time="0.484" /><testcase classname="tests.test_documenti_mongodb_only.TestDocumentiLista" name="test_lista_pagination" time="0.479" /><testcase classname="tests.test_documenti_mongodb_only.TestDocumentiCategorie" name="test_categorie_returns_200" time="0.050" /><testcase classname="tests.test_documenti_mongodb_only.TestDocumentiCategorie" name="test_categorie_has_required_fields" time="0.034" /><testcase classname="tests.test_documenti_mongodb_only.TestDocumentiDownload" name="test_download_nonexistent_document_returns_404" time="0.148" /><testcase classname="tests.test_documenti_mongodb_only.TestDocumentiDownload" name="test_download_without_pdf_data_returns_404" time="0.835" /><testcase classname="tests.test_documenti_mongodb_only.TestDocumentiCambiaCategoria" name="test_cambia_categoria_success" time="1.159" /><testcase classname="tests.test_documenti_mongodb_only.TestDocumentiCambiaCategoria" name="test_cambia_categoria_invalid_category" time="0.528" /><testcase classname="tests.test_documenti_mongodb_only.TestDocumentiCambiaCategoria" name="test_cambia_categoria_nonexistent_document" time="0.148" /><testcase classname="tests.test_documenti_mongodb_only.TestDocumentiElimina" name="test_elimina_nonexistent_document_returns_404" time="0.192" /><testcase classname="tests.test_documenti_mongodb_only.TestDocumentiGetSingolo" name="test_get_documento_success" time="0.665" /><testcase classname="tests.test_documenti_mongodb_only.TestDocumentiGetSingolo" name="test_get_documento_nonexistent_returns_404" time="0.144" /><testcase classname="tests.test_documenti_mongodb_only.TestBackendStartup" name="test_health_check" time="0.035" /><testcase classname="tests.test_documenti_mongodb_only.TestBackendStartup" name="test_documenti_endpoints_accessible" time="1.212" /></testsuite></testsuites>