<?xml version="1.0" encoding="utf-8"?><testsuites name="pytest tests"><testsuite name="pytest" errors="0" failures="0" skipped="0" tests="21" time="1.791" timestamp="2026-01-09T07:43:15.422611+00:00" hostname="agent-env-49ad90e7-6ed0-4de5-bc46-fe09f0cd548a"><testcase classname="tests.test_iteration_40_p1_features.TestHealthCheck" name="test_health_endpoint" time="0.055" /><testcase classname="tests.test_iteration_40_p1_features.TestCespitiCRUD" name="test_get_categorie_cespiti" time="0.038" /><testcase classname="tests.test_iteration_40_p1_features.TestCespitiCRUD" name="test_create_cespite" time="0.034" /><testcase classname="tests.test_iteration_40_p1_features.TestCespitiCRUD" name="test_list_cespiti" time="0.043" /><testcase classname="tests.test_iteration_40_p1_features.TestCespitiCRUD" name="test_update_cespite_put" time="0.116" /><testcase classname="tests.test_iteration_40_p1_features.TestCespitiCRUD" name="test_delete_cespite" time="0.116" /><testcase classname="tests.test_iteration_40_p1_features.TestCespitiCRUD" name="test_delete_cespite_with_ammortamenti_fails" time="0.037" /><testcase classname="tests.test_iteration_40_p1_features.TestCedoliniNewParams" name="test_get_dipendenti" time="0.039" /><testcase classname="tests.test_iteration_40_p1_features.TestCedoliniNewParams" name="test_cedolini_stima_with_paga_oraria" time="0.079" /><testcase classname="tests.test_iteration_40_p1_features.TestCedoliniNewParams" name="test_cedolini_stima_with_ore_domenicali" time="0.076" /><testcase classname="tests.test_iteration_40_p1_features.TestCedoliniNewParams" name="test_cedolini_stima_with_malattia" time="0.077" /><testcase classname="tests.test_iteration_40_p1_features.TestCedoliniNewParams" name="test_cedolini_stima_full_params" time="0.116" /><testcase classname="tests.test_iteration_40_p1_features.TestArchivioBonifici" name="test_get_transfers" time="0.037" /><testcase classname="tests.test_iteration_40_p1_features.TestArchivioBonifici" name="test_get_transfers_count" time="0.037" /><testcase classname="tests.test_iteration_40_p1_features.TestArchivioBonifici" name="test_get_transfers_summary" time="0.039" /><testcase classname="tests.test_iteration_40_p1_features.TestArchivioBonifici" name="test_patch_transfer_note" time="0.113" /><testcase classname="tests.test_iteration_40_p1_features.TestArchivioBonifici" name="test_patch_transfer_invalid_field" time="0.115" /><testcase classname="tests.test_iteration_40_p1_features.TestArchivioBonifici" name="test_download_zip_endpoint_exists" time="0.034" /><testcase classname="tests.test_iteration_40_p1_features.TestArchivioBonifici" name="test_download_zip_with_data" time="0.121" /><testcase classname="tests.test_iteration_40_p1_features.TestArchivioBonifici" name="test_stato_riconciliazione" time="0.035" /><testcase classname="tests.test_iteration_40_p1_features.TestCleanup" name="test_cleanup_test_cespiti" time="0.371" /></testsuite></testsuites>