<?xml version="1.0" encoding="utf-8"?><testsuites name="pytest tests"><testsuite name="pytest" errors="0" failures="1" skipped="0" tests="26" time="9.088" timestamp="2026-01-22T06:20:02.787825+00:00" hostname="agent-env-55a6255b-14d8-4ef0-a4d9-9c494371632e"><testcase classname="tests.test_iteration_29_e2e.TestHealthAndDashboard" name="test_health_check" time="0.084" /><testcase classname="tests.test_iteration_29_e2e.TestHealthAndDashboard" name="test_dashboard_summary" time="0.158" /><testcase classname="tests.test_iteration_29_e2e.TestHealthAndDashboard" name="test_dashboard_trend_mensile" time="0.275" /><testcase classname="tests.test_iteration_29_e2e.TestHealthAndDashboard" name="test_dashboard_bilancio_istantaneo" time="0.611" /><testcase classname="tests.test_iteration_29_e2e.TestAttendanceModule" name="test_presenze_mese" time="0.263" /><testcase classname="tests.test_iteration_29_e2e.TestAttendanceModule" name="test_dashboard_presenze" time="0.365" /><testcase classname="tests.test_iteration_29_e2e.TestAttendanceModule" name="test_dipendenti_in_carico" time="0.153" /><testcase classname="tests.test_iteration_29_e2e.TestAttendanceModule" name="test_note_presenze" time="0.150" /><testcase classname="tests.test_iteration_29_e2e.TestDipendentiModule" name="test_get_employees" time="0.380" /><testcase classname="tests.test_iteration_29_e2e.TestDipendentiModule" name="test_giustificativi_endpoint" time="0.863" /><testcase classname="tests.test_iteration_29_e2e.TestFattureRicevute" name="test_get_fatture_ricevute" time="0.047"><failure message="assert 404 == 200&#10; +  where 404 = &lt;Response [404]&gt;.status_code">tests/test_iteration_29_e2e.py:139: in test_get_fatture_ricevute
    assert response.status_code == 200
E   assert 404 == 200
E    +  where 404 = &lt;Response [404]&gt;.status_code</failure></testcase><testcase classname="tests.test_iteration_29_e2e.TestFattureRicevute" name="test_fatture_stats" time="0.044" /><testcase classname="tests.test_iteration_29_e2e.TestPrimaNota" name="test_get_prima_nota" time="0.377" /><testcase classname="tests.test_iteration_29_e2e.TestPrimaNota" name="test_prima_nota_cassa" time="0.374" /><testcase classname="tests.test_iteration_29_e2e.TestF24Module" name="test_get_f24_list" time="0.038" /><testcase classname="tests.test_iteration_29_e2e.TestF24Module" name="test_f24_scadenze_prossime" time="0.258" /><testcase classname="tests.test_iteration_29_e2e.TestF24Module" name="test_f24_riconciliazione_dashboard" time="0.917" /><testcase classname="tests.test_iteration_29_e2e.TestClassificazioneEmail" name="test_documenti_smart_stats" time="0.393" /><testcase classname="tests.test_iteration_29_e2e.TestClassificazioneEmail" name="test_documenti_smart_rules" time="0.040" /><testcase classname="tests.test_iteration_29_e2e.TestClassificazioneEmail" name="test_documenti_smart_categories" time="0.040" /><testcase classname="tests.test_iteration_29_e2e.TestDocumentiModule" name="test_classified_documents_stats" time="0.369" /><testcase classname="tests.test_iteration_29_e2e.TestDocumentiModule" name="test_classified_documents_list" time="0.368" /><testcase classname="tests.test_iteration_29_e2e.TestLearningMachineAPI" name="test_learning_machine_dashboard" time="0.933" /><testcase classname="tests.test_iteration_29_e2e.TestLearningMachineAPI" name="test_learning_machine_categories" time="0.936" /><testcase classname="tests.test_iteration_29_e2e.TestContabilitaModule" name="test_calcolo_imposte" time="0.271" /><testcase classname="tests.test_iteration_29_e2e.TestContabilitaModule" name="test_scadenze_prossime" time="0.269" /></testsuite></testsuites>