<?xml version="1.0" encoding="utf-8"?><testsuites name="pytest tests"><testsuite name="pytest" errors="0" failures="11" skipped="0" tests="18" time="5.480" timestamp="2026-01-16T21:13:47.982427+00:00" hostname="agent-env-4291ee8c-b1b5-4676-bbdb-a4da990cd277"><testcase classname="tests.test_objectid_and_cascata.TestObjectIdSerialization" name="test_noleggio_veicoli_no_objectid" time="0.855" /><testcase classname="tests.test_objectid_and_cascata.TestObjectIdSerialization" name="test_ciclo_passivo_dashboard_no_objectid" time="0.043"><failure message="AssertionError: Expected 200, got 404: {&quot;error&quot;:&quot;HTTPException&quot;,&quot;message&quot;:&quot;Not Found&quot;}&#10;assert 404 == 200&#10; +  where 404 = &lt;Response [404]&gt;.status_code">tests/test_objectid_and_cascata.py:48: in test_ciclo_passivo_dashboard_no_objectid
    assert response.status_code == 200, f"Expected 200, got {response.status_code}: {response.text}"
E   AssertionError: Expected 200, got 404: {"error":"HTTPException","message":"Not Found"}
E   assert 404 == 200
E    +  where 404 = &lt;Response [404]&gt;.status_code</failure></testcase><testcase classname="tests.test_objectid_and_cascata.TestObjectIdSerialization" name="test_operazioni_da_confermare_lista_no_objectid" time="1.270" /><testcase classname="tests.test_objectid_and_cascata.TestObjectIdSerialization" name="test_magazzino_prodotti_no_objectid" time="0.037"><failure message="AssertionError: Expected 200, got 404: {&quot;error&quot;:&quot;HTTPException&quot;,&quot;message&quot;:&quot;Not Found&quot;}&#10;assert 404 == 200&#10; +  where 404 = &lt;Response [404]&gt;.status_code">tests/test_objectid_and_cascata.py:72: in test_magazzino_prodotti_no_objectid
    assert response.status_code == 200, f"Expected 200, got {response.status_code}: {response.text}"
E   AssertionError: Expected 200, got 404: {"error":"HTTPException","message":"Not Found"}
E   assert 404 == 200
E    +  where 404 = &lt;Response [404]&gt;.status_code</failure></testcase><testcase classname="tests.test_objectid_and_cascata.TestObjectIdSerialization" name="test_fornitori_lista_no_objectid" time="0.038"><failure message="AssertionError: Expected 200, got 404: {&quot;error&quot;:&quot;HTTPException&quot;,&quot;message&quot;:&quot;Not Found&quot;}&#10;assert 404 == 200&#10; +  where 404 = &lt;Response [404]&gt;.status_code">tests/test_objectid_and_cascata.py:82: in test_fornitori_lista_no_objectid
    assert response.status_code == 200, f"Expected 200, got {response.status_code}: {response.text}"
E   AssertionError: Expected 200, got 404: {"error":"HTTPException","message":"Not Found"}
E   assert 404 == 200
E    +  where 404 = &lt;Response [404]&gt;.status_code</failure></testcase><testcase classname="tests.test_objectid_and_cascata.TestObjectIdSerialization" name="test_dipendenti_lista_no_objectid" time="0.148" /><testcase classname="tests.test_objectid_and_cascata.TestObjectIdSerialization" name="test_prima_nota_banca_no_objectid" time="0.041"><failure message="AssertionError: Expected 200, got 404: {&quot;error&quot;:&quot;HTTPException&quot;,&quot;message&quot;:&quot;Not Found&quot;}&#10;assert 404 == 200&#10; +  where 404 = &lt;Response [404]&gt;.status_code">tests/test_objectid_and_cascata.py:100: in test_prima_nota_banca_no_objectid
    assert response.status_code == 200, f"Expected 200, got {response.status_code}: {response.text}"
E   AssertionError: Expected 200, got 404: {"error":"HTTPException","message":"Not Found"}
E   assert 404 == 200
E    +  where 404 = &lt;Response [404]&gt;.status_code</failure></testcase><testcase classname="tests.test_objectid_and_cascata.TestNoleggioVeicoliDriverValidation" name="test_update_veicolo_with_invalid_driver_id" time="0.183"><failure message="AssertionError: Error message should mention driver not found: {'error': 'HTTPException', 'message': 'Dipendente con ID cf088272-d582-4388-a371-f696a08c2b5e non trovato'}&#10;assert ('non trovato' in '' or 'not found' in '')&#10; +  where '' = &lt;built-in method lower of str object at 0xfe5c09781188&gt;()&#10; +    where &lt;built-in method lower of str object at 0xfe5c09781188&gt; = ''.lower&#10; +      where '' = &lt;built-in method get of dict object at 0xfe5c06a26cc0&gt;('detail', '')&#10; +        where &lt;built-in method get of dict object at 0xfe5c06a26cc0&gt; = {'error': 'HTTPException', 'message': 'Dipendente con ID cf088272-d582-4388-a371-f696a08c2b5e non trovato'}.get&#10; +  and   '' = &lt;built-in method lower of str object at 0xfe5c09781188&gt;()&#10; +    where &lt;built-in method lower of str object at 0xfe5c09781188&gt; = ''.lower&#10; +      where '' = &lt;built-in method get of dict object at 0xfe5c06a26cc0&gt;('detail', '')&#10; +        where &lt;built-in method get of dict object at 0xfe5c06a26cc0&gt; = {'error': 'HTTPException', 'message': 'Dipendente con ID cf088272-d582-4388-a371-f696a08c2b5e non trovato'}.get">tests/test_objectid_and_cascata.py:129: in test_update_veicolo_with_invalid_driver_id
    assert "non trovato" in data.get("detail", "").lower() or "not found" in data.get("detail", "").lower(), \
E   AssertionError: Error message should mention driver not found: {'error': 'HTTPException', 'message': 'Dipendente con ID cf088272-d582-4388-a371-f696a08c2b5e non trovato'}
E   assert ('non trovato' in '' or 'not found' in '')
E    +  where '' = &lt;built-in method lower of str object at 0xfe5c09781188&gt;()
E    +    where &lt;built-in method lower of str object at 0xfe5c09781188&gt; = ''.lower
E    +      where '' = &lt;built-in method get of dict object at 0xfe5c06a26cc0&gt;('detail', '')
E    +        where &lt;built-in method get of dict object at 0xfe5c06a26cc0&gt; = {'error': 'HTTPException', 'message': 'Dipendente con ID cf088272-d582-4388-a371-f696a08c2b5e non trovato'}.get
E    +  and   '' = &lt;built-in method lower of str object at 0xfe5c09781188&gt;()
E    +    where &lt;built-in method lower of str object at 0xfe5c09781188&gt; = ''.lower
E    +      where '' = &lt;built-in method get of dict object at 0xfe5c06a26cc0&gt;('detail', '')
E    +        where &lt;built-in method get of dict object at 0xfe5c06a26cc0&gt; = {'error': 'HTTPException', 'message': 'Dipendente con ID cf088272-d582-4388-a371-f696a08c2b5e non trovato'}.get</failure></testcase><testcase classname="tests.test_objectid_and_cascata.TestNoleggioVeicoliDriverValidation" name="test_update_veicolo_with_valid_driver_id" time="0.303"><failure message="AssertionError: Expected 200 for valid driver_id, got 400: {&quot;error&quot;:&quot;HTTPException&quot;,&quot;message&quot;:&quot;Dipendente con ID cb7f47da-9217-4754-8a96-0a0ad9df2531 non trovato&quot;}&#10;assert 400 == 200&#10; +  where 400 = &lt;Response [400]&gt;.status_code">tests/test_objectid_and_cascata.py:168: in test_update_veicolo_with_valid_driver_id
    assert response.status_code == 200, f"Expected 200 for valid driver_id, got {response.status_code}: {response.text}"
E   AssertionError: Expected 200 for valid driver_id, got 400: {"error":"HTTPException","message":"Dipendente con ID cb7f47da-9217-4754-8a96-0a0ad9df2531 non trovato"}
E   assert 400 == 200
E    +  where 400 = &lt;Response [400]&gt;.status_code</failure></testcase><testcase classname="tests.test_objectid_and_cascata.TestDuplicatePrevention" name="test_conferma_operazione_duplicate_prevention" time="1.308" /><testcase classname="tests.test_objectid_and_cascata.TestCicloPassivoIntegration" name="test_dashboard_loads" time="0.039"><failure message="AssertionError: Expected 200, got 404: {&quot;error&quot;:&quot;HTTPException&quot;,&quot;message&quot;:&quot;Not Found&quot;}&#10;assert 404 == 200&#10; +  where 404 = &lt;Response [404]&gt;.status_code">tests/test_objectid_and_cascata.py:241: in test_dashboard_loads
    assert response.status_code == 200, f"Expected 200, got {response.status_code}: {response.text}"
E   AssertionError: Expected 200, got 404: {"error":"HTTPException","message":"Not Found"}
E   assert 404 == 200
E    +  where 404 = &lt;Response [404]&gt;.status_code</failure></testcase><testcase classname="tests.test_objectid_and_cascata.TestCicloPassivoIntegration" name="test_fatture_lista" time="0.034"><failure message="AssertionError: Expected 200, got 404: {&quot;error&quot;:&quot;HTTPException&quot;,&quot;message&quot;:&quot;Not Found&quot;}&#10;assert 404 == 200&#10; +  where 404 = &lt;Response [404]&gt;.status_code">tests/test_objectid_and_cascata.py:250: in test_fatture_lista
    assert response.status_code == 200, f"Expected 200, got {response.status_code}: {response.text}"
E   AssertionError: Expected 200, got 404: {"error":"HTTPException","message":"Not Found"}
E   assert 404 == 200
E    +  where 404 = &lt;Response [404]&gt;.status_code</failure></testcase><testcase classname="tests.test_objectid_and_cascata.TestCicloPassivoIntegration" name="test_lotti_lista" time="0.698" /><testcase classname="tests.test_objectid_and_cascata.TestRiconciliazioneSmartEndpoints" name="test_smart_dashboard" time="0.054"><failure message="AssertionError: Expected 200, got 404: {&quot;error&quot;:&quot;HTTPException&quot;,&quot;message&quot;:&quot;Not Found&quot;}&#10;assert 404 == 200&#10; +  where 404 = &lt;Response [404]&gt;.status_code">tests/test_objectid_and_cascata.py:279: in test_smart_dashboard
    assert response.status_code == 200, f"Expected 200, got {response.status_code}: {response.text}"
E   AssertionError: Expected 200, got 404: {"error":"HTTPException","message":"Not Found"}
E   assert 404 == 200
E    +  where 404 = &lt;Response [404]&gt;.status_code</failure></testcase><testcase classname="tests.test_objectid_and_cascata.TestRiconciliazioneSmartEndpoints" name="test_smart_movimenti_da_riconciliare" time="0.042"><failure message="AssertionError: Expected 200, got 404: {&quot;error&quot;:&quot;HTTPException&quot;,&quot;message&quot;:&quot;Not Found&quot;}&#10;assert 404 == 200&#10; +  where 404 = &lt;Response [404]&gt;.status_code">tests/test_objectid_and_cascata.py:288: in test_smart_movimenti_da_riconciliare
    assert response.status_code == 200, f"Expected 200, got {response.status_code}: {response.text}"
E   AssertionError: Expected 200, got 404: {"error":"HTTPException","message":"Not Found"}
E   assert 404 == 200
E    +  where 404 = &lt;Response [404]&gt;.status_code</failure></testcase><testcase classname="tests.test_objectid_and_cascata.TestNoleggioDriversEndpoint" name="test_get_drivers" time="0.144" /><testcase classname="tests.test_objectid_and_cascata.TestHealthAndBasicEndpoints" name="test_health_check" time="0.036" /><testcase classname="tests.test_objectid_and_cascata.TestHealthAndBasicEndpoints" name="test_root_endpoint" time="0.040"><failure message="AssertionError: Expected 200, got 404: {&quot;error&quot;:&quot;HTTPException&quot;,&quot;message&quot;:&quot;Not Found&quot;}&#10;assert 404 == 200&#10; +  where 404 = &lt;Response [404]&gt;.status_code">tests/test_objectid_and_cascata.py:330: in test_root_endpoint
    assert response.status_code == 200, f"Expected 200, got {response.status_code}: {response.text}"
E   AssertionError: Expected 200, got 404: {"error":"HTTPException","message":"Not Found"}
E   assert 404 == 200
E    +  where 404 = &lt;Response [404]&gt;.status_code</failure></testcase></testsuite></testsuites>