<?xml version="1.0" encoding="utf-8"?><testsuites name="pytest tests"><testsuite name="pytest" errors="0" failures="1" skipped="0" tests="17" time="7.561" timestamp="2026-01-16T08:37:07.927376+00:00" hostname="agent-env-c6a21c85-46de-442b-9d26-d14b6404b660"><testcase classname="tests.test_refactoring_v3.TestHealthCheck" name="test_health_endpoint" time="0.069" /><testcase classname="tests.test_refactoring_v3.TestHealthCheck" name="test_ping_endpoint" time="0.046" /><testcase classname="tests.test_refactoring_v3.TestDipendentiAPI" name="test_list_dipendenti" time="0.254" /><testcase classname="tests.test_refactoring_v3.TestDipendentiAPI" name="test_dipendenti_stats" time="0.483" /><testcase classname="tests.test_refactoring_v3.TestDipendentiAPI" name="test_get_single_dipendente" time="0.292" /><testcase classname="tests.test_refactoring_v3.TestDocumentiAPI" name="test_documenti_lista" time="0.586" /><testcase classname="tests.test_refactoring_v3.TestDocumentiAPI" name="test_documenti_categorie" time="0.038" /><testcase classname="tests.test_refactoring_v3.TestDocumentiAPI" name="test_documenti_statistiche" time="0.716" /><testcase classname="tests.test_refactoring_v3.TestPrimaNotaAPI" name="test_prima_nota_cassa" time="0.258" /><testcase classname="tests.test_refactoring_v3.TestPrimaNotaAPI" name="test_prima_nota_banca" time="0.256" /><testcase classname="tests.test_refactoring_v3.TestPrimaNotaAPI" name="test_prima_nota_salari" time="0.265" /><testcase classname="tests.test_refactoring_v3.TestRiconciliazioneAPI" name="test_operazioni_smart_analizza" time="3.807" /><testcase classname="tests.test_refactoring_v3.TestRiconciliazioneAPI" name="test_operazioni_aruba_pendenti" time="0.162" /><testcase classname="tests.test_refactoring_v3.TestImportUnificatoEndpoints" name="test_estratto_conto_import_endpoint" time="0.078" /><testcase classname="tests.test_refactoring_v3.TestImportUnificatoEndpoints" name="test_f24_upload_endpoint" time="0.039" /><testcase classname="tests.test_refactoring_v3.TestImportUnificatoEndpoints" name="test_fatture_upload_xml_endpoint" time="0.076" /><testcase classname="tests.test_refactoring_v3.TestCedoliniAPI" name="test_cedolini_list" time="0.039"><failure message="assert 404 == 200&#10; +  where 404 = &lt;Response [404]&gt;.status_code">tests/test_refactoring_v3.py:245: in test_cedolini_list
    assert response.status_code == 200
E   assert 404 == 200
E    +  where 404 = &lt;Response [404]&gt;.status_code</failure></testcase></testsuite></testsuites>