<?xml version="1.0" encoding="utf-8"?><testsuites name="pytest tests"><testsuite name="pytest" errors="0" failures="0" skipped="0" tests="12" time="1.014" timestamp="2026-01-10T06:16:18.061220+00:00" hostname="agent-env-b869894b-387c-4c60-910b-b8a07ef66317"><testcase classname="tests.test_iteration_43_haccp_v2.TestHACCPV2Ricette" name="test_get_ricette_returns_list" time="0.085" /><testcase classname="tests.test_iteration_43_haccp_v2.TestHACCPV2Ricette" name="test_ricette_ingredienti_are_objects" time="0.046" /><testcase classname="tests.test_iteration_43_haccp_v2.TestHACCPV2Ricette" name="test_ricette_search_filter" time="0.036" /><testcase classname="tests.test_iteration_43_haccp_v2.TestHACCPV2Ricette" name="test_create_ricetta" time="0.165" /><testcase classname="tests.test_iteration_43_haccp_v2.TestHACCPV2Ricette" name="test_delete_ricetta" time="0.115" /><testcase classname="tests.test_iteration_43_haccp_v2.TestHACCPV2Ricette" name="test_delete_nonexistent_ricetta_returns_404" time="0.038" /><testcase classname="tests.test_iteration_43_haccp_v2.TestHACCPV2Lotti" name="test_get_lotti_returns_object_with_items" time="0.045" /><testcase classname="tests.test_iteration_43_haccp_v2.TestHACCPV2Lotti" name="test_create_lotto" time="0.093" /><testcase classname="tests.test_iteration_43_haccp_v2.TestHACCPV2Lotti" name="test_delete_lotto" time="0.076" /><testcase classname="tests.test_iteration_43_haccp_v2.TestHACCPV2MateriePrime" name="test_get_materie_prime_returns_list" time="0.040" /><testcase classname="tests.test_iteration_43_haccp_v2.TestHACCPV2MateriePrime" name="test_create_materia_prima" time="0.090" /><testcase classname="tests.test_iteration_43_haccp_v2.TestHACCPV2MateriePrime" name="test_delete_materia_prima" time="0.074" /></testsuite></testsuites>