<?xml version="1.0" encoding="utf-8"?><testsuites name="pytest tests"><testsuite name="pytest" errors="0" failures="1" skipped="0" tests="10" time="13.891" timestamp="2026-01-26T01:58:58.579100+00:00" hostname="agent-env-58162eb6-2ecf-4c33-94d0-d1d335eb5a1b"><testcase classname="tests.test_iteration_36.TestParlantRemoved" name="test_parlant_status_returns_404" time="1.512" /><testcase classname="tests.test_iteration_36.TestChatIntelligente" name="test_chat_ask_endpoint_exists" time="8.669" /><testcase classname="tests.test_iteration_36.TestChatIntelligente" name="test_chat_ask_without_ai" time="0.803" /><testcase classname="tests.test_iteration_36.TestSchedeTecniche" name="test_lista_schede_tecniche" time="0.356" /><testcase classname="tests.test_iteration_36.TestSchedeTecniche" name="test_statistiche_riepilogo" time="0.375" /><testcase classname="tests.test_iteration_36.TestDocumentiNonAssociati" name="test_lista_documenti" time="0.270" /><testcase classname="tests.test_iteration_36.TestDocumentiNonAssociati" name="test_pdf_endpoint_with_png" time="1.009" /><testcase classname="tests.test_iteration_36.TestDocumentiNonAssociati" name="test_pdf_endpoint_with_pdf" time="0.578"><failure message="AssertionError: Expected 200, got 520&#10;assert 520 == 200&#10; +  where 520 = &lt;Response [520]&gt;.status_code">backend/tests/test_iteration_36.py:122: in test_pdf_endpoint_with_pdf
    assert pdf_response.status_code == 200, f"Expected 200, got {pdf_response.status_code}"
E   AssertionError: Expected 200, got 520
E   assert 520 == 200
E    +  where 520 = &lt;Response [520]&gt;.status_code</failure></testcase><testcase classname="tests.test_iteration_36.TestEliminaMovimento" name="test_delete_non_existent_movimento_returns_404" time="0.155" /><testcase classname="tests.test_iteration_36.TestHealthCheck" name="test_health_endpoint" time="0.040" /></testsuite></testsuites>