<?xml version="1.0" encoding="utf-8"?><testsuites name="pytest tests"><testsuite name="pytest" errors="0" failures="0" skipped="0" tests="34" time="1.666" timestamp="2026-01-07T04:18:26.188935+00:00" hostname="agent-env-7d2c6b6d-e63e-41c8-a056-d338bbd81248"><testcase classname="tests.test_iteration_35_new_modules.TestCodiciTributoF24" name="test_get_codice_info_known_code" time="0.346" /><testcase classname="tests.test_iteration_35_new_modules.TestCodiciTributoF24" name="test_get_codice_info_unknown_code" time="0.000" /><testcase classname="tests.test_iteration_35_new_modules.TestCodiciTributoF24" name="test_get_descrizione_tributo" time="0.000" /><testcase classname="tests.test_iteration_35_new_modules.TestCodiciTributoF24" name="test_get_tipo_tributo" time="0.000" /><testcase classname="tests.test_iteration_35_new_modules.TestCodiciTributoF24" name="test_get_sezione_tributo" time="0.000" /><testcase classname="tests.test_iteration_35_new_modules.TestCodiciTributoF24" name="test_get_codici_by_sezione" time="0.000" /><testcase classname="tests.test_iteration_35_new_modules.TestCodiciTributoF24" name="test_cerca_codice_tributo" time="0.000" /><testcase classname="tests.test_iteration_35_new_modules.TestCodiciTributoF24" name="test_get_all_codici" time="0.068" /><testcase classname="tests.test_iteration_35_new_modules.TestLibroUnicoParser" name="test_safe_float" time="0.001" /><testcase classname="tests.test_iteration_35_new_modules.TestLibroUnicoParser" name="test_safe_int" time="0.000" /><testcase classname="tests.test_iteration_35_new_modules.TestLibroUnicoParser" name="test_normalize_date" time="0.000" /><testcase classname="tests.test_iteration_35_new_modules.TestLibroUnicoParser" name="test_extract_competenza_month" time="0.001" /><testcase classname="tests.test_iteration_35_new_modules.TestLibroUnicoParser" name="test_detect_pdf_type" time="0.000" /><testcase classname="tests.test_iteration_35_new_modules.TestLibroUnicoParser" name="test_parsing_error_exception" time="0.039" /><testcase classname="tests.test_iteration_35_new_modules.TestBustePagaAPI" name="test_upload_without_file" time="0.038" /><testcase classname="tests.test_iteration_35_new_modules.TestBustePagaAPI" name="test_upload_non_pdf_file" time="0.077" /><testcase classname="tests.test_iteration_35_new_modules.TestBustePagaAPI" name="test_lista_competenze" time="0.037" /><testcase classname="tests.test_iteration_35_new_modules.TestBustePagaAPI" name="test_riepilogo_mensile" time="0.038" /><testcase classname="tests.test_iteration_35_new_modules.TestBustePagaAPI" name="test_lista_buste_paga" time="0.036" /><testcase classname="tests.test_iteration_35_new_modules.TestBustePagaAPI" name="test_lista_buste_paga_with_filters" time="0.078" /><testcase classname="tests.test_iteration_35_new_modules.TestComparatoreAPI" name="test_comparatore_root" time="0.034" /><testcase classname="tests.test_iteration_35_new_modules.TestComparatoreAPI" name="test_get_suppliers" time="0.039" /><testcase classname="tests.test_iteration_35_new_modules.TestComparatoreAPI" name="test_get_products_search" time="0.079" /><testcase classname="tests.test_iteration_35_new_modules.TestComparatoreAPI" name="test_get_products_no_search" time="0.095" /><testcase classname="tests.test_iteration_35_new_modules.TestComparatoreAPI" name="test_get_cart" time="0.040" /><testcase classname="tests.test_iteration_35_new_modules.TestComparatoreAPI" name="test_get_invoices" time="0.051" /><testcase classname="tests.test_iteration_35_new_modules.TestComparatoreAPI" name="test_get_unmapped_products" time="0.041" /><testcase classname="tests.test_iteration_35_new_modules.TestComparatoreAPI" name="test_get_mapped_products" time="0.035" /><testcase classname="tests.test_iteration_35_new_modules.TestComparatoreAPI" name="test_get_excluded_suppliers" time="0.035" /><testcase classname="tests.test_iteration_35_new_modules.TestComparatoreAPI" name="test_cart_add_and_remove" time="0.105" /><testcase classname="tests.test_iteration_35_new_modules.TestComparatoreAPI" name="test_map_product" time="0.035" /><testcase classname="tests.test_iteration_35_new_modules.TestComparatoreAPI" name="test_exclude_supplier" time="0.105" /><testcase classname="tests.test_iteration_35_new_modules.TestHealthCheck" name="test_api_health" time="0.035" /><testcase classname="tests.test_iteration_35_new_modules.TestHealthCheck" name="test_root_endpoint" time="0.076" /></testsuite></testsuites>