<?xml version="1.0" encoding="utf-8"?><testsuites name="pytest tests"><testsuite name="pytest" errors="0" failures="0" skipped="0" tests="11" time="0.837" timestamp="2026-01-04T08:38:23.313480+00:00" hostname="agent-env-b0ca8e20-5301-42b7-ace0-dfd2c9fc9979"><testcase classname="tests.test_haccp_pdf_reports.TestHACCPPDFReports" name="test_completo_pdf_generation" time="0.082" /><testcase classname="tests.test_haccp_pdf_reports.TestHACCPPDFReports" name="test_temperature_frigoriferi_pdf" time="0.043" /><testcase classname="tests.test_haccp_pdf_reports.TestHACCPPDFReports" name="test_temperature_congelatori_pdf" time="0.045" /><testcase classname="tests.test_haccp_pdf_reports.TestHACCPPDFReports" name="test_sanificazioni_pdf" time="0.046" /><testcase classname="tests.test_haccp_pdf_reports.TestHACCPPDFReports" name="test_pdf_with_current_month" time="0.064" /><testcase classname="tests.test_haccp_pdf_reports.TestHACCPPDFReports" name="test_pdf_missing_mese_parameter" time="0.042" /><testcase classname="tests.test_haccp_pdf_reports.TestHACCPPDFReports" name="test_pdf_invalid_tipo_parameter" time="0.043" /><testcase classname="tests.test_haccp_pdf_reports.TestHACCPDashboardEndpoint" name="test_dashboard_returns_stats" time="0.044" /><testcase classname="tests.test_haccp_pdf_reports.TestHACCPDataForPDF" name="test_temperature_frigoriferi_data" time="0.039" /><testcase classname="tests.test_haccp_pdf_reports.TestHACCPDataForPDF" name="test_temperature_congelatori_data" time="0.082" /><testcase classname="tests.test_haccp_pdf_reports.TestHACCPDataForPDF" name="test_sanificazioni_data" time="0.040" /></testsuite></testsuites>