<?xml version="1.0" encoding="utf-8"?><testsuites name="pytest tests"><testsuite name="pytest" errors="0" failures="0" skipped="0" tests="8" time="6.869" timestamp="2026-01-26T03:09:32.713780+00:00" hostname="agent-env-58162eb6-2ecf-4c33-94d0-d1d335eb5a1b"><testcase classname="tests.test_iteration_38.TestAutoRepairEndpoints" name="test_auto_repair_verifica_returns_statistics" time="2.758" /><testcase classname="tests.test_iteration_38.TestAutoRepairEndpoints" name="test_auto_repair_globale_executes" time="1.381" /><testcase classname="tests.test_iteration_38.TestFatturaViewAssoinvoice" name="test_get_invoice_list" time="0.243" /><testcase classname="tests.test_iteration_38.TestFatturaViewAssoinvoice" name="test_view_assoinvoice_returns_html" time="0.434" /><testcase classname="tests.test_iteration_38.TestFatturaViewAssoinvoice" name="test_view_assoinvoice_safe_float_handling" time="1.289" /><testcase classname="tests.test_iteration_38.TestCedoliniAPI" name="test_cedolini_list_returns_data" time="0.262" /><testcase classname="tests.test_iteration_38.TestCedoliniAPI" name="test_cedolini_mese_field_is_numeric" time="0.264" /><testcase classname="tests.test_iteration_38.TestHealthAndBasics" name="test_health_endpoint" time="0.163" /></testsuite></testsuites>