<?xml version="1.0" encoding="utf-8"?><testsuites name="pytest tests"><testsuite name="pytest" errors="0" failures="0" skipped="0" tests="11" time="110.752" timestamp="2026-01-26T02:30:34.029866+00:00" hostname="agent-env-58162eb6-2ecf-4c33-94d0-d1d335eb5a1b"><testcase classname="tests.test_iteration_37.TestEndpointRemoval" name="test_fatture_to_banca_returns_404" time="0.099" /><testcase classname="tests.test_iteration_37.TestCedoliniAPI" name="test_cedolini_list_endpoint" time="0.714" /><testcase classname="tests.test_iteration_37.TestCedoliniAPI" name="test_cedolini_limit_500" time="0.397" /><testcase classname="tests.test_iteration_37.TestCedoliniAPI" name="test_cedolini_sorted_by_month" time="0.272" /><testcase classname="tests.test_iteration_37.TestSyncEndpoints" name="test_match_fatture_cassa_exists" time="0.151" /><testcase classname="tests.test_iteration_37.TestSyncEndpoints" name="test_match_fatture_banca_exists" time="106.679" /><testcase classname="tests.test_iteration_37.TestSyncEndpoints" name="test_stato_sincronizzazione" time="1.202" /><testcase classname="tests.test_iteration_37.TestHealthAndBasics" name="test_health_endpoint" time="0.044" /><testcase classname="tests.test_iteration_37.TestHealthAndBasics" name="test_employees_endpoint" time="0.269" /><testcase classname="tests.test_iteration_37.TestAIParserEndpoints" name="test_ai_parser_da_rivedere" time="0.157" /><testcase classname="tests.test_iteration_37.TestAIParserEndpoints" name="test_ai_parser_statistiche" time="0.707" /></testsuite></testsuites>