<?xml version="1.0" encoding="utf-8"?><testsuites name="pytest tests"><testsuite name="pytest" errors="0" failures="0" skipped="0" tests="18" time="69.159" timestamp="2026-01-27T03:24:43.885312+00:00" hostname="agent-env-db27ae8a-5d30-49be-a8f7-55a94d6cc4b2"><testcase classname="tests.test_giustificativi_xbrl_ai.TestGiustificativiEndpoints" name="test_get_giustificativi_list" time="14.037" /><testcase classname="tests.test_giustificativi_xbrl_ai.TestGiustificativiEndpoints" name="test_get_giustificativi_dipendente" time="1.907" /><testcase classname="tests.test_giustificativi_xbrl_ai.TestGiustificativiEndpoints" name="test_get_giustificativi_dipendente_not_found" time="0.163" /><testcase classname="tests.test_giustificativi_xbrl_ai.TestGiustificativiEndpoints" name="test_get_presenze_mensili" time="0.153" /><testcase classname="tests.test_giustificativi_xbrl_ai.TestGiustificativiEndpoints" name="test_get_saldo_ferie" time="7.373" /><testcase classname="tests.test_giustificativi_xbrl_ai.TestGiustificativiEndpoints" name="test_valida_giustificativo" time="0.793" /><testcase classname="tests.test_giustificativi_xbrl_ai.TestGiustificativiEndpoints" name="test_alert_limiti" time="12.636" /><testcase classname="tests.test_giustificativi_xbrl_ai.TestXBRLEndpoints" name="test_xbrl_status" time="0.073" /><testcase classname="tests.test_giustificativi_xbrl_ai.TestXBRLEndpoints" name="test_xbrl_storico_richieste" time="0.277" /><testcase classname="tests.test_giustificativi_xbrl_ai.TestXBRLEndpoints" name="test_xbrl_richiedi_bilancio_validation" time="1.272" /><testcase classname="tests.test_giustificativi_xbrl_ai.TestAIParserEndpoints" name="test_ai_parser_test_endpoint" time="0.041" /><testcase classname="tests.test_giustificativi_xbrl_ai.TestAIParserEndpoints" name="test_ai_parser_statistiche" time="0.713" /><testcase classname="tests.test_giustificativi_xbrl_ai.TestAIParserEndpoints" name="test_process_email_batch" time="11.631" /><testcase classname="tests.test_giustificativi_xbrl_ai.TestAIParserEndpoints" name="test_ai_parser_da_rivedere" time="0.180" /><testcase classname="tests.test_giustificativi_xbrl_ai.TestUploadLibroUnico" name="test_upload_libro_unico_no_file" time="0.040" /><testcase classname="tests.test_giustificativi_xbrl_ai.TestUploadLibroUnico" name="test_upload_libro_unico_wrong_format" time="0.039" /><testcase classname="tests.test_giustificativi_xbrl_ai.TestIntegrationEndpoints" name="test_init_giustificativi" time="5.920" /><testcase classname="tests.test_giustificativi_xbrl_ai.TestIntegrationEndpoints" name="test_riepilogo_limiti" time="11.827" /></testsuite></testsuites>