<?xml version="1.0" encoding="utf-8"?><testsuites name="pytest tests"><testsuite name="pytest" errors="0" failures="5" skipped="0" tests="20" time="11.089" timestamp="2026-01-23T22:10:31.137482+00:00" hostname="agent-env-e645358b-a5e4-4756-9d89-6238b58449db"><testcase classname="tests.test_mongodb_refactoring_iteration33.TestDocumentiEndpoints" name="test_statistiche_returns_totale_nuovi_processati" time="1.254" /><testcase classname="tests.test_mongodb_refactoring_iteration33.TestDocumentiEndpoints" name="test_lista_returns_documents_with_pagination" time="0.481" /><testcase classname="tests.test_mongodb_refactoring_iteration33.TestDocumentiEndpoints" name="test_categorie_returns_available_categories" time="0.038" /><testcase classname="tests.test_mongodb_refactoring_iteration33.TestF24Endpoints" name="test_f24_lista_returns_200" time="0.041"><failure message="AssertionError: Expected 200, got 401&#10;assert 401 == 200&#10; +  where 401 = &lt;Response [401]&gt;.status_code">backend/tests/test_mongodb_refactoring_iteration33.py:101: in test_f24_lista_returns_200
    assert response.status_code == 200, f"Expected 200, got {response.status_code}"
E   AssertionError: Expected 200, got 401
E   assert 401 == 200
E    +  where 401 = &lt;Response [401]&gt;.status_code</failure></testcase><testcase classname="tests.test_mongodb_refactoring_iteration33.TestQuietanzeF24Endpoints" name="test_quietanze_lista_returns_200" time="0.615" /><testcase classname="tests.test_mongodb_refactoring_iteration33.TestQuietanzeF24Endpoints" name="test_quietanze_statistiche_returns_200" time="0.149"><failure message="AssertionError: Expected 200, got 404&#10;assert 404 == 200&#10; +  where 404 = &lt;Response [404]&gt;.status_code">backend/tests/test_mongodb_refactoring_iteration33.py:134: in test_quietanze_statistiche_returns_200
    assert response.status_code == 200, f"Expected 200, got {response.status_code}"
E   AssertionError: Expected 200, got 404
E   assert 404 == 200
E    +  where 404 = &lt;Response [404]&gt;.status_code</failure></testcase><testcase classname="tests.test_mongodb_refactoring_iteration33.TestRicercaGlobale" name="test_ricerca_globale_with_query" time="0.839" /><testcase classname="tests.test_mongodb_refactoring_iteration33.TestRicercaGlobale" name="test_ricerca_globale_min_length" time="0.039" /><testcase classname="tests.test_mongodb_refactoring_iteration33.TestDipendentiEndpoint" name="test_dipendenti_lista_returns_200" time="0.150" /><testcase classname="tests.test_mongodb_refactoring_iteration33.TestInvoicesEndpoint" name="test_invoices_lista_returns_200" time="3.413" /><testcase classname="tests.test_mongodb_refactoring_iteration33.TestInvoicesEndpoint" name="test_invoices_filter_by_anno" time="1.331" /><testcase classname="tests.test_mongodb_refactoring_iteration33.TestSuppliersEndpoint" name="test_suppliers_lista_returns_200" time="0.509" /><testcase classname="tests.test_mongodb_refactoring_iteration33.TestWarehouseEndpoint" name="test_warehouse_products_returns_200" time="0.959" /><testcase classname="tests.test_mongodb_refactoring_iteration33.TestF24RiconciliazioneUpload" name="test_upload_endpoint_exists" time="0.044"><failure message="AssertionError: Upload endpoint not found (404)&#10;assert 404 != 404&#10; +  where 404 = &lt;Response [404]&gt;.status_code">backend/tests/test_mongodb_refactoring_iteration33.py:272: in test_upload_endpoint_exists
    assert response.status_code != 404, "Upload endpoint not found (404)"
E   AssertionError: Upload endpoint not found (404)
E   assert 404 != 404
E    +  where 404 = &lt;Response [404]&gt;.status_code</failure></testcase><testcase classname="tests.test_mongodb_refactoring_iteration33.TestPrimaNotaEndpoint" name="test_prima_nota_returns_200" time="0.038"><failure message="AssertionError: Expected 200, got 404&#10;assert 404 == 200&#10; +  where 404 = &lt;Response [404]&gt;.status_code">backend/tests/test_mongodb_refactoring_iteration33.py:287: in test_prima_nota_returns_200
    assert response.status_code == 200, f"Expected 200, got {response.status_code}"
E   AssertionError: Expected 200, got 404
E   assert 404 == 200
E    +  where 404 = &lt;Response [404]&gt;.status_code</failure></testcase><testcase classname="tests.test_mongodb_refactoring_iteration33.TestCedoliniEndpoint" name="test_cedolini_riepilogo_returns_200" time="0.040"><failure message="AssertionError: Expected 200, got 404&#10;assert 404 == 200&#10; +  where 404 = &lt;Response [404]&gt;.status_code">backend/tests/test_mongodb_refactoring_iteration33.py:304: in test_cedolini_riepilogo_returns_200
    assert response.status_code == 200, f"Expected 200, got {response.status_code}"
E   AssertionError: Expected 200, got 404
E   assert 404 == 200
E    +  where 404 = &lt;Response [404]&gt;.status_code</failure></testcase><testcase classname="tests.test_mongodb_refactoring_iteration33.TestHealthAndConnectivity" name="test_health_endpoint" time="0.038" /><testcase classname="tests.test_mongodb_refactoring_iteration33.TestNoMongoDBObjectIdInResponses" name="test_documenti_lista_no_objectid" time="0.478" /><testcase classname="tests.test_mongodb_refactoring_iteration33.TestNoMongoDBObjectIdInResponses" name="test_invoices_no_objectid" time="0.477" /><testcase classname="tests.test_mongodb_refactoring_iteration33.TestNoMongoDBObjectIdInResponses" name="test_suppliers_no_objectid" time="0.036" /></testsuite></testsuites>