<?xml version="1.0" encoding="utf-8"?><testsuites name="pytest tests"><testsuite name="pytest" errors="0" failures="0" skipped="0" tests="16" time="0.861" timestamp="2026-01-05T20:30:56.350793+00:00" hostname="agent-env-5879681c-a750-4ccd-af47-2bf7a0b9d4cd"><testcase classname="tests.test_salari_dipendenti.TestSalariEndpoints" name="test_get_salari_list_no_filters" time="0.074" /><testcase classname="tests.test_salari_dipendenti.TestSalariEndpoints" name="test_get_salari_filter_by_anno" time="0.044" /><testcase classname="tests.test_salari_dipendenti.TestSalariEndpoints" name="test_get_salari_filter_by_mese" time="0.038" /><testcase classname="tests.test_salari_dipendenti.TestSalariEndpoints" name="test_get_salari_filter_by_dipendente" time="0.036" /><testcase classname="tests.test_salari_dipendenti.TestSalariEndpoints" name="test_get_salari_combined_filters" time="0.047" /><testcase classname="tests.test_salari_dipendenti.TestSalariRiepilogo" name="test_get_riepilogo_no_filters" time="0.036" /><testcase classname="tests.test_salari_dipendenti.TestSalariRiepilogo" name="test_get_riepilogo_filter_by_anno" time="0.039" /><testcase classname="tests.test_salari_dipendenti.TestSalariRiepilogo" name="test_get_riepilogo_dipendente_structure" time="0.041" /><testcase classname="tests.test_salari_dipendenti.TestResetRiconciliazione" name="test_reset_reconciliation_no_filters" time="0.036" /><testcase classname="tests.test_salari_dipendenti.TestResetRiconciliazione" name="test_reset_reconciliation_filter_by_anno" time="0.043" /><testcase classname="tests.test_salari_dipendenti.TestResetRiconciliazione" name="test_reset_reconciliation_filter_by_dipendente" time="0.038" /><testcase classname="tests.test_salari_dipendenti.TestDipendentiLista" name="test_get_dipendenti_lista" time="0.036" /><testcase classname="tests.test_salari_dipendenti.TestDipendentiBase" name="test_get_dipendenti_list" time="0.037" /><testcase classname="tests.test_salari_dipendenti.TestDipendentiBase" name="test_get_dipendenti_stats" time="0.078" /><testcase classname="tests.test_salari_dipendenti.TestEuroFormatting" name="test_salari_importo_is_numeric" time="0.036" /><testcase classname="tests.test_salari_dipendenti.TestEuroFormatting" name="test_riepilogo_totals_are_numeric" time="0.040" /></testsuite></testsuites>