<?xml version="1.0" encoding="utf-8"?><testsuites name="pytest tests"><testsuite name="pytest" errors="0" failures="2" skipped="0" tests="14" time="0.998" timestamp="2026-01-10T03:35:11.759437+00:00" hostname="agent-env-43754302-e9c3-4ecb-84b1-f29b4cdbd17e"><testcase classname="tests.test_prima_nota_versamenti.TestPrimaNotaVersamenti" name="test_01_api_health_check" time="0.078" /><testcase classname="tests.test_prima_nota_versamenti.TestPrimaNotaVersamenti" name="test_02_prima_nota_cassa_endpoint" time="0.049" /><testcase classname="tests.test_prima_nota_versamenti.TestPrimaNotaVersamenti" name="test_03_prima_nota_banca_endpoint" time="0.055" /><testcase classname="tests.test_prima_nota_versamenti.TestPrimaNotaVersamenti" name="test_04_create_versamento_in_cassa" time="0.100" /><testcase classname="tests.test_prima_nota_versamenti.TestPrimaNotaVersamenti" name="test_05_versamenti_not_in_banca" time="0.051" /><testcase classname="tests.test_prima_nota_versamenti.TestPrimaNotaVersamenti" name="test_06_delete_versamenti_banca_endpoint" time="0.134" /><testcase classname="tests.test_prima_nota_versamenti.TestPrimaNotaVersamenti" name="test_07_delete_versamenti_cassa_endpoint" time="0.047"><failure message="AssertionError: Delete versamenti cassa failed: 404 - {&quot;error&quot;:&quot;HTTPException&quot;,&quot;message&quot;:&quot;Movimento non trovato&quot;}&#10;assert 404 == 200&#10; +  where 404 = &lt;Response [404]&gt;.status_code">tests/test_prima_nota_versamenti.py:151: in test_07_delete_versamenti_cassa_endpoint
    assert response.status_code == 200, f"Delete versamenti cassa failed: {response.status_code} - {response.text}"
E   AssertionError: Delete versamenti cassa failed: 404 - {"error":"HTTPException","message":"Movimento non trovato"}
E   assert 404 == 200
E    +  where 404 = &lt;Response [404]&gt;.status_code</failure></testcase><testcase classname="tests.test_prima_nota_versamenti.TestPrimaNotaVersamenti" name="test_08_import_versamenti_automation_endpoint" time="0.080"><failure message="AssertionError: Automation stats failed: 404&#10;assert 404 == 200&#10; +  where 404 = &lt;Response [404]&gt;.status_code">tests/test_prima_nota_versamenti.py:166: in test_08_import_versamenti_automation_endpoint
    assert response.status_code == 200, f"Automation stats failed: {response.status_code}"
E   AssertionError: Automation stats failed: 404
E   assert 404 == 200
E    +  where 404 = &lt;Response [404]&gt;.status_code</failure></testcase><testcase classname="tests.test_prima_nota_versamenti.TestPrimaNotaVersamenti" name="test_09_verify_versamento_tipo_uscita_in_cassa" time="0.046" /><testcase classname="tests.test_prima_nota_versamenti.TestPrimaNotaVersamenti" name="test_10_cassa_avere_section_shows_versamenti" time="0.058" /><testcase classname="tests.test_prima_nota_versamenti.TestPrimaNotaBancaInfo" name="test_01_banca_endpoint_structure" time="0.036" /><testcase classname="tests.test_prima_nota_versamenti.TestPrimaNotaBancaInfo" name="test_02_banca_no_versamenti_after_cleanup" time="0.116" /><testcase classname="tests.test_prima_nota_versamenti.TestRagioneriaApplicataDocument" name="test_01_document_exists" time="0.000" /><testcase classname="tests.test_prima_nota_versamenti.TestRagioneriaApplicataDocument" name="test_02_document_contains_versamento_rules" time="0.000" /></testsuite></testsuites>